CRITICAL - 2022-03-30 22:05:59 --> Undefined property: App\Libraries\Datatable::$db
#0 C:\xampp\htdocs\code\app\Libraries\Datatable.php(83): CodeIgniter\Debug\Exceptions->errorHandler(8, 'Undefined prope...', 'C:\\xampp\\htdocs...', 83, Array)
#1 C:\xampp\htdocs\code\app\Libraries\Datatable.php(46): App\Libraries\Datatable->applyFiltersCol(Array)
#2 C:\xampp\htdocs\code\app\Controllers\Student\Student.php(254): App\Libraries\Datatable->getResponse(Array)
#3 C:\xampp\htdocs\code\system\CodeIgniter.php(825): App\Controllers\Student\Student->ajaxLoadData()
#4 C:\xampp\htdocs\code\system\CodeIgniter.php(412): CodeIgniter\CodeIgniter->runController(Object(App\Controllers\Student\Student))
#5 C:\xampp\htdocs\code\system\CodeIgniter.php(320): CodeIgniter\CodeIgniter->handleRequest(NULL, Object(Config\Cache), false)
#6 C:\xampp\htdocs\code\public\index.php(37): CodeIgniter\CodeIgniter->run()
#7 {main}
CRITICAL - 2022-03-30 22:09:45 --> Call to undefined method App\Models\StudetsModel::or_like
#0 C:\xampp\htdocs\code\app\Libraries\Datatable.php(85): CodeIgniter\Model->__call('or_like', Array)
#1 C:\xampp\htdocs\code\app\Libraries\Datatable.php(46): App\Libraries\Datatable->applyFiltersCol(Array)
#2 C:\xampp\htdocs\code\app\Controllers\Student\Student.php(254): App\Libraries\Datatable->getResponse(Array)
#3 C:\xampp\htdocs\code\system\CodeIgniter.php(825): App\Controllers\Student\Student->ajaxLoadData()
#4 C:\xampp\htdocs\code\system\CodeIgniter.php(412): CodeIgniter\CodeIgniter->runController(Object(App\Controllers\Student\Student))
#5 C:\xampp\htdocs\code\system\CodeIgniter.php(320): CodeIgniter\CodeIgniter->handleRequest(NULL, Object(Config\Cache), false)
#6 C:\xampp\htdocs\code\public\index.php(37): CodeIgniter\CodeIgniter->run()
#7 {main}
CRITICAL - 2022-03-30 22:10:07 --> Call to undefined method App\Models\StudetsModel::or_like
#0 C:\xampp\htdocs\code\app\Libraries\Datatable.php(85): CodeIgniter\Model->__call('or_like', Array)
#1 C:\xampp\htdocs\code\app\Libraries\Datatable.php(46): App\Libraries\Datatable->applyFiltersCol(Array)
#2 C:\xampp\htdocs\code\app\Controllers\Student\Student.php(254): App\Libraries\Datatable->getResponse(Array)
#3 C:\xampp\htdocs\code\system\CodeIgniter.php(825): App\Controllers\Student\Student->ajaxLoadData()
#4 C:\xampp\htdocs\code\system\CodeIgniter.php(412): CodeIgniter\CodeIgniter->runController(Object(App\Controllers\Student\Student))
#5 C:\xampp\htdocs\code\system\CodeIgniter.php(320): CodeIgniter\CodeIgniter->handleRequest(NULL, Object(Config\Cache), false)
#6 C:\xampp\htdocs\code\public\index.php(37): CodeIgniter\CodeIgniter->run()
#7 {main}
CRITICAL - 2022-03-30 22:10:28 --> Call to undefined method App\Models\StudetsModel::or_like
#0 C:\xampp\htdocs\code\app\Libraries\Datatable.php(85): CodeIgniter\Model->__call('or_like', Array)
#1 C:\xampp\htdocs\code\app\Libraries\Datatable.php(46): App\Libraries\Datatable->applyFiltersCol(Array)
#2 C:\xampp\htdocs\code\app\Controllers\Student\Student.php(254): App\Libraries\Datatable->getResponse(Array)
#3 C:\xampp\htdocs\code\system\CodeIgniter.php(825): App\Controllers\Student\Student->ajaxLoadData()
#4 C:\xampp\htdocs\code\system\CodeIgniter.php(412): CodeIgniter\CodeIgniter->runController(Object(App\Controllers\Student\Student))
#5 C:\xampp\htdocs\code\system\CodeIgniter.php(320): CodeIgniter\CodeIgniter->handleRequest(NULL, Object(Config\Cache), false)
#6 C:\xampp\htdocs\code\public\index.php(37): CodeIgniter\CodeIgniter->run()
#7 {main}
CRITICAL - 2022-03-30 22:10:31 --> Call to undefined method App\Models\StudetsModel::or_like
#0 C:\xampp\htdocs\code\app\Libraries\Datatable.php(85): CodeIgniter\Model->__call('or_like', Array)
#1 C:\xampp\htdocs\code\app\Libraries\Datatable.php(46): App\Libraries\Datatable->applyFiltersCol(Array)
#2 C:\xampp\htdocs\code\app\Controllers\Student\Student.php(254): App\Libraries\Datatable->getResponse(Array)
#3 C:\xampp\htdocs\code\system\CodeIgniter.php(825): App\Controllers\Student\Student->ajaxLoadData()
#4 C:\xampp\htdocs\code\system\CodeIgniter.php(412): CodeIgniter\CodeIgniter->runController(Object(App\Controllers\Student\Student))
#5 C:\xampp\htdocs\code\system\CodeIgniter.php(320): CodeIgniter\CodeIgniter->handleRequest(NULL, Object(Config\Cache), false)
#6 C:\xampp\htdocs\code\public\index.php(37): CodeIgniter\CodeIgniter->run()
#7 {main}
CRITICAL - 2022-03-30 22:10:33 --> Call to undefined method App\Models\StudetsModel::or_like
#0 C:\xampp\htdocs\code\app\Libraries\Datatable.php(85): CodeIgniter\Model->__call('or_like', Array)
#1 C:\xampp\htdocs\code\app\Libraries\Datatable.php(46): App\Libraries\Datatable->applyFiltersCol(Array)
#2 C:\xampp\htdocs\code\app\Controllers\Student\Student.php(254): App\Libraries\Datatable->getResponse(Array)
#3 C:\xampp\htdocs\code\system\CodeIgniter.php(825): App\Controllers\Student\Student->ajaxLoadData()
#4 C:\xampp\htdocs\code\system\CodeIgniter.php(412): CodeIgniter\CodeIgniter->runController(Object(App\Controllers\Student\Student))
#5 C:\xampp\htdocs\code\system\CodeIgniter.php(320): CodeIgniter\CodeIgniter->handleRequest(NULL, Object(Config\Cache), false)
#6 C:\xampp\htdocs\code\public\index.php(37): CodeIgniter\CodeIgniter->run()
#7 {main}
CRITICAL - 2022-03-30 22:10:34 --> Call to undefined method App\Models\StudetsModel::or_like
#0 C:\xampp\htdocs\code\app\Libraries\Datatable.php(85): CodeIgniter\Model->__call('or_like', Array)
#1 C:\xampp\htdocs\code\app\Libraries\Datatable.php(46): App\Libraries\Datatable->applyFiltersCol(Array)
#2 C:\xampp\htdocs\code\app\Controllers\Student\Student.php(254): App\Libraries\Datatable->getResponse(Array)
#3 C:\xampp\htdocs\code\system\CodeIgniter.php(825): App\Controllers\Student\Student->ajaxLoadData()
#4 C:\xampp\htdocs\code\system\CodeIgniter.php(412): CodeIgniter\CodeIgniter->runController(Object(App\Controllers\Student\Student))
#5 C:\xampp\htdocs\code\system\CodeIgniter.php(320): CodeIgniter\CodeIgniter->handleRequest(NULL, Object(Config\Cache), false)
#6 C:\xampp\htdocs\code\public\index.php(37): CodeIgniter\CodeIgniter->run()
#7 {main}
CRITICAL - 2022-03-30 22:13:58 --> Call to undefined method App\Models\StudetsModel::or_like
#0 C:\xampp\htdocs\code\app\Libraries\Datatable.php(51): CodeIgniter\Model->__call('or_like', Array)
#1 C:\xampp\htdocs\code\app\Controllers\Student\Student.php(254): App\Libraries\Datatable->getResponse(Array)
#2 C:\xampp\htdocs\code\system\CodeIgniter.php(825): App\Controllers\Student\Student->ajaxLoadData()
#3 C:\xampp\htdocs\code\system\CodeIgniter.php(412): CodeIgniter\CodeIgniter->runController(Object(App\Controllers\Student\Student))
#4 C:\xampp\htdocs\code\system\CodeIgniter.php(320): CodeIgniter\CodeIgniter->handleRequest(NULL, Object(Config\Cache), false)
#5 C:\xampp\htdocs\code\public\index.php(37): CodeIgniter\CodeIgniter->run()
#6 {main}
CRITICAL - 2022-03-30 22:26:14 --> Undefined property: App\Libraries\Datatable::$db
#0 C:\xampp\htdocs\code\app\Libraries\Datatable.php(95): CodeIgniter\Debug\Exceptions->errorHandler(8, 'Undefined prope...', 'C:\\xampp\\htdocs...', 95, Array)
#1 C:\xampp\htdocs\code\app\Libraries\Datatable.php(43): App\Libraries\Datatable->applyArray(Array)
#2 C:\xampp\htdocs\code\app\Controllers\Student\Student.php(254): App\Libraries\Datatable->getResponse(Array)
#3 C:\xampp\htdocs\code\system\CodeIgniter.php(825): App\Controllers\Student\Student->ajaxLoadData()
#4 C:\xampp\htdocs\code\system\CodeIgniter.php(412): CodeIgniter\CodeIgniter->runController(Object(App\Controllers\Student\Student))
#5 C:\xampp\htdocs\code\system\CodeIgniter.php(320): CodeIgniter\CodeIgniter->handleRequest(NULL, Object(Config\Cache), false)
#6 C:\xampp\htdocs\code\public\index.php(37): CodeIgniter\CodeIgniter->run()
#7 {main}
CRITICAL - 2022-03-30 22:26:14 --> Undefined property: App\Libraries\Datatable::$db
#0 C:\xampp\htdocs\code\app\Libraries\Datatable.php(95): CodeIgniter\Debug\Exceptions->errorHandler(8, 'Undefined prope...', 'C:\\xampp\\htdocs...', 95, Array)
#1 C:\xampp\htdocs\code\app\Libraries\Datatable.php(43): App\Libraries\Datatable->applyArray(Array)
#2 C:\xampp\htdocs\code\app\Controllers\Student\Student.php(254): App\Libraries\Datatable->getResponse(Array)
#3 C:\xampp\htdocs\code\system\CodeIgniter.php(825): App\Controllers\Student\Student->ajaxLoadData()
#4 C:\xampp\htdocs\code\system\CodeIgniter.php(412): CodeIgniter\CodeIgniter->runController(Object(App\Controllers\Student\Student))
#5 C:\xampp\htdocs\code\system\CodeIgniter.php(320): CodeIgniter\CodeIgniter->handleRequest(NULL, Object(Config\Cache), false)
#6 C:\xampp\htdocs\code\public\index.php(37): CodeIgniter\CodeIgniter->run()
#7 {main}
CRITICAL - 2022-03-30 22:26:35 --> Call to undefined method App\Models\StudetsModel::or_like
#0 C:\xampp\htdocs\code\app\Libraries\Datatable.php(97): CodeIgniter\Model->__call('or_like', Array)
#1 C:\xampp\htdocs\code\app\Libraries\Datatable.php(43): App\Libraries\Datatable->applyArray(Array)
#2 C:\xampp\htdocs\code\app\Controllers\Student\Student.php(254): App\Libraries\Datatable->getResponse(Array)
#3 C:\xampp\htdocs\code\system\CodeIgniter.php(825): App\Controllers\Student\Student->ajaxLoadData()
#4 C:\xampp\htdocs\code\system\CodeIgniter.php(412): CodeIgniter\CodeIgniter->runController(Object(App\Controllers\Student\Student))
#5 C:\xampp\htdocs\code\system\CodeIgniter.php(320): CodeIgniter\CodeIgniter->handleRequest(NULL, Object(Config\Cache), false)
#6 C:\xampp\htdocs\code\public\index.php(37): CodeIgniter\CodeIgniter->run()
#7 {main}
CRITICAL - 2022-03-30 22:26:35 --> Call to undefined method App\Models\StudetsModel::or_like
#0 C:\xampp\htdocs\code\app\Libraries\Datatable.php(97): CodeIgniter\Model->__call('or_like', Array)
#1 C:\xampp\htdocs\code\app\Libraries\Datatable.php(43): App\Libraries\Datatable->applyArray(Array)
#2 C:\xampp\htdocs\code\app\Controllers\Student\Student.php(254): App\Libraries\Datatable->getResponse(Array)
#3 C:\xampp\htdocs\code\system\CodeIgniter.php(825): App\Controllers\Student\Student->ajaxLoadData()
#4 C:\xampp\htdocs\code\system\CodeIgniter.php(412): CodeIgniter\CodeIgniter->runController(Object(App\Controllers\Student\Student))
#5 C:\xampp\htdocs\code\system\CodeIgniter.php(320): CodeIgniter\CodeIgniter->handleRequest(NULL, Object(Config\Cache), false)
#6 C:\xampp\htdocs\code\public\index.php(37): CodeIgniter\CodeIgniter->run()
#7 {main}
