CRITICAL - 2022-03-01 15:42:26 --> Undefined index: login_name
#0 C:\xampp\htdocs\code\app\Views\Front\layout\footer.php(15): CodeIgniter\Debug\Exceptions->errorHandler(8, 'Undefined index...', 'C:\\xampp\\htdocs...', 15, Array)
#1 C:\xampp\htdocs\code\system\View\View.php(210): include('C:\\xampp\\htdocs...')
#2 C:\xampp\htdocs\code\system\View\View.php(213): CodeIgniter\View\View->CodeIgniter\View\{closure}()
#3 C:\xampp\htdocs\code\system\View\View.php(424): CodeIgniter\View\View->render('Front/layout/fo...', NULL, true)
#4 C:\xampp\htdocs\code\app\Views\Front\layout\main.php(14): CodeIgniter\View\View->include('Front/layout/fo...')
#5 C:\xampp\htdocs\code\system\View\View.php(210): include('C:\\xampp\\htdocs...')
#6 C:\xampp\htdocs\code\system\View\View.php(213): CodeIgniter\View\View->CodeIgniter\View\{closure}()
#7 C:\xampp\htdocs\code\system\View\View.php(226): CodeIgniter\View\View->render('Front/layout/ma...', Array, true)
#8 C:\xampp\htdocs\code\system\Common.php(1089): CodeIgniter\View\View->render('Student/view_st...', Array, true)
#9 C:\xampp\htdocs\code\app\Controllers\Principal\First_page.php(21): view('Student/view_st...')
#10 C:\xampp\htdocs\code\system\CodeIgniter.php(825): App\Controllers\Principal\First_page->student()
#11 C:\xampp\htdocs\code\system\CodeIgniter.php(412): CodeIgniter\CodeIgniter->runController(Object(App\Controllers\Principal\First_page))
#12 C:\xampp\htdocs\code\system\CodeIgniter.php(320): CodeIgniter\CodeIgniter->handleRequest(NULL, Object(Config\Cache), false)
#13 C:\xampp\htdocs\code\public\index.php(37): CodeIgniter\CodeIgniter->run()
#14 {main}
CRITICAL - 2022-03-01 15:43:18 --> Undefined index: login_id
#0 C:\xampp\htdocs\code\app\Views\Front\layout\footer.php(8): CodeIgniter\Debug\Exceptions->errorHandler(8, 'Undefined index...', 'C:\\xampp\\htdocs...', 8, Array)
#1 C:\xampp\htdocs\code\system\View\View.php(210): include('C:\\xampp\\htdocs...')
#2 C:\xampp\htdocs\code\system\View\View.php(213): CodeIgniter\View\View->CodeIgniter\View\{closure}()
#3 C:\xampp\htdocs\code\system\View\View.php(424): CodeIgniter\View\View->render('Front/layout/fo...', NULL, true)
#4 C:\xampp\htdocs\code\app\Views\Front\layout\main.php(14): CodeIgniter\View\View->include('Front/layout/fo...')
#5 C:\xampp\htdocs\code\system\View\View.php(210): include('C:\\xampp\\htdocs...')
#6 C:\xampp\htdocs\code\system\View\View.php(213): CodeIgniter\View\View->CodeIgniter\View\{closure}()
#7 C:\xampp\htdocs\code\system\View\View.php(226): CodeIgniter\View\View->render('Front/layout/ma...', Array, true)
#8 C:\xampp\htdocs\code\system\Common.php(1089): CodeIgniter\View\View->render('Student/view_st...', Array, true)
#9 C:\xampp\htdocs\code\app\Controllers\Principal\First_page.php(21): view('Student/view_st...')
#10 C:\xampp\htdocs\code\system\CodeIgniter.php(825): App\Controllers\Principal\First_page->student()
#11 C:\xampp\htdocs\code\system\CodeIgniter.php(412): CodeIgniter\CodeIgniter->runController(Object(App\Controllers\Principal\First_page))
#12 C:\xampp\htdocs\code\system\CodeIgniter.php(320): CodeIgniter\CodeIgniter->handleRequest(NULL, Object(Config\Cache), false)
#13 C:\xampp\htdocs\code\public\index.php(37): CodeIgniter\CodeIgniter->run()
#14 {main}
CRITICAL - 2022-03-01 15:43:20 --> Undefined index: login_id
#0 C:\xampp\htdocs\code\app\Views\Front\layout\footer.php(8): CodeIgniter\Debug\Exceptions->errorHandler(8, 'Undefined index...', 'C:\\xampp\\htdocs...', 8, Array)
#1 C:\xampp\htdocs\code\system\View\View.php(210): include('C:\\xampp\\htdocs...')
#2 C:\xampp\htdocs\code\system\View\View.php(213): CodeIgniter\View\View->CodeIgniter\View\{closure}()
#3 C:\xampp\htdocs\code\system\View\View.php(424): CodeIgniter\View\View->render('Front/layout/fo...', NULL, true)
#4 C:\xampp\htdocs\code\app\Views\Front\layout\main.php(14): CodeIgniter\View\View->include('Front/layout/fo...')
#5 C:\xampp\htdocs\code\system\View\View.php(210): include('C:\\xampp\\htdocs...')
#6 C:\xampp\htdocs\code\system\View\View.php(213): CodeIgniter\View\View->CodeIgniter\View\{closure}()
#7 C:\xampp\htdocs\code\system\View\View.php(226): CodeIgniter\View\View->render('Front/layout/ma...', Array, true)
#8 C:\xampp\htdocs\code\system\Common.php(1089): CodeIgniter\View\View->render('Student/view_st...', Array, true)
#9 C:\xampp\htdocs\code\app\Controllers\Principal\First_page.php(21): view('Student/view_st...')
#10 C:\xampp\htdocs\code\system\CodeIgniter.php(825): App\Controllers\Principal\First_page->student()
#11 C:\xampp\htdocs\code\system\CodeIgniter.php(412): CodeIgniter\CodeIgniter->runController(Object(App\Controllers\Principal\First_page))
#12 C:\xampp\htdocs\code\system\CodeIgniter.php(320): CodeIgniter\CodeIgniter->handleRequest(NULL, Object(Config\Cache), false)
#13 C:\xampp\htdocs\code\public\index.php(37): CodeIgniter\CodeIgniter->run()
#14 {main}
