ERROR - 2022-02-20 13:58:18 --> Error connecting to the database: Access denied for user ''@'localhost' (using password: NO)
ERROR - 2022-02-20 20:29:22 --> Table 'codeigniter.users' doesn't exist
CRITICAL - 2022-02-20 20:29:22 --> Table 'codeigniter.users' doesn't exist
#0 C:\xampp\htdocs\code\system\Database\MySQLi\Connection.php(292): mysqli->query('INSERT INTO `us...', 0)
#1 C:\xampp\htdocs\code\system\Database\BaseConnection.php(670): CodeIgniter\Database\MySQLi\Connection->execute('INSERT INTO `us...')
#2 C:\xampp\htdocs\code\system\Database\BaseConnection.php(598): CodeIgniter\Database\BaseConnection->simpleQuery('INSERT INTO `us...')
#3 C:\xampp\htdocs\code\system\Database\BaseBuilder.php(1771): CodeIgniter\Database\BaseConnection->query('INSERT INTO `us...', Array, false)
#4 C:\xampp\htdocs\code\system\Model.php(239): CodeIgniter\Database\BaseBuilder->insert()
#5 C:\xampp\htdocs\code\system\BaseModel.php(738): CodeIgniter\Model->doInsert(Array)
#6 C:\xampp\htdocs\code\system\Model.php(625): CodeIgniter\BaseModel->insert(Array, false)
#7 C:\xampp\htdocs\code\system\BaseModel.php(658): CodeIgniter\Model->insert(Object(App\Entities\User), false)
#8 C:\xampp\htdocs\code\app\Controllers\Auth\Register.php(19): CodeIgniter\BaseModel->save(Object(App\Entities\User))
#9 C:\xampp\htdocs\code\system\CodeIgniter.php(825): App\Controllers\Auth\Register->index()
#10 C:\xampp\htdocs\code\system\CodeIgniter.php(412): CodeIgniter\CodeIgniter->runController(Object(App\Controllers\Auth\Register))
#11 C:\xampp\htdocs\code\system\CodeIgniter.php(320): CodeIgniter\CodeIgniter->handleRequest(NULL, Object(Config\Cache), false)
#12 C:\xampp\htdocs\code\public\index.php(37): CodeIgniter\CodeIgniter->run()
#13 {main}
CRITICAL - 2022-02-20 21:15:50 --> Undefined variable: _SESSION
#0 C:\xampp\htdocs\code\app\Views\Front\Home.php(12): CodeIgniter\Debug\Exceptions->errorHandler(8, 'Undefined varia...', 'C:\\xampp\\htdocs...', 12, Array)
#1 C:\xampp\htdocs\code\system\View\View.php(210): include('C:\\xampp\\htdocs...')
#2 C:\xampp\htdocs\code\system\View\View.php(213): CodeIgniter\View\View->CodeIgniter\View\{closure}()
#3 C:\xampp\htdocs\code\system\Common.php(1089): CodeIgniter\View\View->render('Front/Home', Array, true)
#4 C:\xampp\htdocs\code\app\Controllers\Home.php(9): view('Front/Home')
#5 C:\xampp\htdocs\code\system\CodeIgniter.php(825): App\Controllers\Home->index()
#6 C:\xampp\htdocs\code\system\CodeIgniter.php(412): CodeIgniter\CodeIgniter->runController(Object(App\Controllers\Home))
#7 C:\xampp\htdocs\code\system\CodeIgniter.php(320): CodeIgniter\CodeIgniter->handleRequest(NULL, Object(Config\Cache), false)
#8 C:\xampp\htdocs\code\public\index.php(37): CodeIgniter\CodeIgniter->run()
#9 {main}
CRITICAL - 2022-02-20 21:31:51 --> Undefined variable: _SESSION
#0 C:\xampp\htdocs\code\app\Views\Front\Home.php(12): CodeIgniter\Debug\Exceptions->errorHandler(8, 'Undefined varia...', 'C:\\xampp\\htdocs...', 12, Array)
#1 C:\xampp\htdocs\code\system\View\View.php(210): include('C:\\xampp\\htdocs...')
#2 C:\xampp\htdocs\code\system\View\View.php(213): CodeIgniter\View\View->CodeIgniter\View\{closure}()
#3 C:\xampp\htdocs\code\system\Common.php(1089): CodeIgniter\View\View->render('Front/Home', Array, true)
#4 C:\xampp\htdocs\code\app\Controllers\Front\Home.php(10): view('Front/Home')
#5 C:\xampp\htdocs\code\system\CodeIgniter.php(825): App\Controllers\Front\Home->index()
#6 C:\xampp\htdocs\code\system\CodeIgniter.php(412): CodeIgniter\CodeIgniter->runController(Object(App\Controllers\Front\Home))
#7 C:\xampp\htdocs\code\system\CodeIgniter.php(320): CodeIgniter\CodeIgniter->handleRequest(NULL, Object(Config\Cache), false)
#8 C:\xampp\htdocs\code\public\index.php(37): CodeIgniter\CodeIgniter->run()
#9 {main}
CRITICAL - 2022-02-20 21:45:15 --> Undefined variable: _SESSION
#0 C:\xampp\htdocs\code\app\Views\Front\layout\header.php(71): CodeIgniter\Debug\Exceptions->errorHandler(8, 'Undefined varia...', 'C:\\xampp\\htdocs...', 71, Array)
#1 C:\xampp\htdocs\code\system\View\View.php(210): include('C:\\xampp\\htdocs...')
#2 C:\xampp\htdocs\code\system\View\View.php(213): CodeIgniter\View\View->CodeIgniter\View\{closure}()
#3 C:\xampp\htdocs\code\system\View\View.php(424): CodeIgniter\View\View->render('Front/layout/he...', NULL, true)
#4 C:\xampp\htdocs\code\app\Views\Front\Home.php(1): CodeIgniter\View\View->include('Front/layout/he...')
#5 C:\xampp\htdocs\code\system\View\View.php(210): include('C:\\xampp\\htdocs...')
#6 C:\xampp\htdocs\code\system\View\View.php(213): CodeIgniter\View\View->CodeIgniter\View\{closure}()
#7 C:\xampp\htdocs\code\system\Common.php(1089): CodeIgniter\View\View->render('Front/Home', Array, true)
#8 C:\xampp\htdocs\code\app\Controllers\Front\Home.php(10): view('Front/Home')
#9 C:\xampp\htdocs\code\system\CodeIgniter.php(825): App\Controllers\Front\Home->index()
#10 C:\xampp\htdocs\code\system\CodeIgniter.php(412): CodeIgniter\CodeIgniter->runController(Object(App\Controllers\Front\Home))
#11 C:\xampp\htdocs\code\system\CodeIgniter.php(320): CodeIgniter\CodeIgniter->handleRequest(NULL, Object(Config\Cache), false)
#12 C:\xampp\htdocs\code\public\index.php(37): CodeIgniter\CodeIgniter->run()
#13 {main}
