ERROR - 2022-03-13 00:37:59 --> Unknown column 'id_plans' in 'where clause'
CRITICAL - 2022-03-13 00:37:59 --> Unknown column 'id_plans' in 'where clause'
#0 C:\xampp\htdocs\code\system\Database\MySQLi\Connection.php(292): mysqli->query('SELECT *\nFROM `...', 0)
#1 C:\xampp\htdocs\code\system\Database\BaseConnection.php(670): CodeIgniter\Database\MySQLi\Connection->execute('SELECT *\nFROM `...')
#2 C:\xampp\htdocs\code\system\Database\BaseConnection.php(598): CodeIgniter\Database\BaseConnection->simpleQuery('SELECT *\nFROM `...')
#3 C:\xampp\htdocs\code\system\Database\BaseBuilder.php(1455): CodeIgniter\Database\BaseConnection->query('SELECT *\nFROM `...', Array, false)
#4 C:\xampp\htdocs\code\system\Model.php(728): CodeIgniter\Database\BaseBuilder->get()
#5 C:\xampp\htdocs\code\app\Controllers\Plans\Plans.php(208): CodeIgniter\Model->__call('get', Array)
#6 C:\xampp\htdocs\code\system\CodeIgniter.php(825): App\Controllers\Plans\Plans->ajaxLoadData()
#7 C:\xampp\htdocs\code\system\CodeIgniter.php(412): CodeIgniter\CodeIgniter->runController(Object(App\Controllers\Plans\Plans))
#8 C:\xampp\htdocs\code\system\CodeIgniter.php(320): CodeIgniter\CodeIgniter->handleRequest(NULL, Object(Config\Cache), false)
#9 C:\xampp\htdocs\code\public\index.php(37): CodeIgniter\CodeIgniter->run()
#10 {main}
ERROR - 2022-03-13 00:38:01 --> Unknown column 'id_plans' in 'where clause'
CRITICAL - 2022-03-13 00:38:01 --> Unknown column 'id_plans' in 'where clause'
#0 C:\xampp\htdocs\code\system\Database\MySQLi\Connection.php(292): mysqli->query('SELECT *\nFROM `...', 0)
#1 C:\xampp\htdocs\code\system\Database\BaseConnection.php(670): CodeIgniter\Database\MySQLi\Connection->execute('SELECT *\nFROM `...')
#2 C:\xampp\htdocs\code\system\Database\BaseConnection.php(598): CodeIgniter\Database\BaseConnection->simpleQuery('SELECT *\nFROM `...')
#3 C:\xampp\htdocs\code\system\Database\BaseBuilder.php(1455): CodeIgniter\Database\BaseConnection->query('SELECT *\nFROM `...', Array, false)
#4 C:\xampp\htdocs\code\system\Model.php(728): CodeIgniter\Database\BaseBuilder->get()
#5 C:\xampp\htdocs\code\app\Controllers\Plans\Plans.php(208): CodeIgniter\Model->__call('get', Array)
#6 C:\xampp\htdocs\code\system\CodeIgniter.php(825): App\Controllers\Plans\Plans->ajaxLoadData()
#7 C:\xampp\htdocs\code\system\CodeIgniter.php(412): CodeIgniter\CodeIgniter->runController(Object(App\Controllers\Plans\Plans))
#8 C:\xampp\htdocs\code\system\CodeIgniter.php(320): CodeIgniter\CodeIgniter->handleRequest(NULL, Object(Config\Cache), false)
#9 C:\xampp\htdocs\code\public\index.php(37): CodeIgniter\CodeIgniter->run()
#10 {main}
ERROR - 2022-03-13 13:24:33 --> Unknown column 'id_plans' in 'where clause'
CRITICAL - 2022-03-13 13:24:33 --> Unknown column 'id_plans' in 'where clause'
#0 C:\xampp\htdocs\code\system\Database\MySQLi\Connection.php(292): mysqli->query('SELECT *\nFROM `...', 0)
#1 C:\xampp\htdocs\code\system\Database\BaseConnection.php(670): CodeIgniter\Database\MySQLi\Connection->execute('SELECT *\nFROM `...')
#2 C:\xampp\htdocs\code\system\Database\BaseConnection.php(598): CodeIgniter\Database\BaseConnection->simpleQuery('SELECT *\nFROM `...')
#3 C:\xampp\htdocs\code\system\Database\BaseBuilder.php(1455): CodeIgniter\Database\BaseConnection->query('SELECT *\nFROM `...', Array, false)
#4 C:\xampp\htdocs\code\system\Model.php(728): CodeIgniter\Database\BaseBuilder->get()
#5 C:\xampp\htdocs\code\app\Controllers\Plans\Plans.php(197): CodeIgniter\Model->__call('get', Array)
#6 C:\xampp\htdocs\code\system\CodeIgniter.php(825): App\Controllers\Plans\Plans->ajaxLoadData()
#7 C:\xampp\htdocs\code\system\CodeIgniter.php(412): CodeIgniter\CodeIgniter->runController(Object(App\Controllers\Plans\Plans))
#8 C:\xampp\htdocs\code\system\CodeIgniter.php(320): CodeIgniter\CodeIgniter->handleRequest(NULL, Object(Config\Cache), false)
#9 C:\xampp\htdocs\code\public\index.php(37): CodeIgniter\CodeIgniter->run()
#10 {main}
ERROR - 2022-03-13 13:24:36 --> Unknown column 'id_plans' in 'where clause'
CRITICAL - 2022-03-13 13:24:36 --> Unknown column 'id_plans' in 'where clause'
#0 C:\xampp\htdocs\code\system\Database\MySQLi\Connection.php(292): mysqli->query('SELECT *\nFROM `...', 0)
#1 C:\xampp\htdocs\code\system\Database\BaseConnection.php(670): CodeIgniter\Database\MySQLi\Connection->execute('SELECT *\nFROM `...')
#2 C:\xampp\htdocs\code\system\Database\BaseConnection.php(598): CodeIgniter\Database\BaseConnection->simpleQuery('SELECT *\nFROM `...')
#3 C:\xampp\htdocs\code\system\Database\BaseBuilder.php(1455): CodeIgniter\Database\BaseConnection->query('SELECT *\nFROM `...', Array, false)
#4 C:\xampp\htdocs\code\system\Model.php(728): CodeIgniter\Database\BaseBuilder->get()
#5 C:\xampp\htdocs\code\app\Controllers\Plans\Plans.php(197): CodeIgniter\Model->__call('get', Array)
#6 C:\xampp\htdocs\code\system\CodeIgniter.php(825): App\Controllers\Plans\Plans->ajaxLoadData()
#7 C:\xampp\htdocs\code\system\CodeIgniter.php(412): CodeIgniter\CodeIgniter->runController(Object(App\Controllers\Plans\Plans))
#8 C:\xampp\htdocs\code\system\CodeIgniter.php(320): CodeIgniter\CodeIgniter->handleRequest(NULL, Object(Config\Cache), false)
#9 C:\xampp\htdocs\code\public\index.php(37): CodeIgniter\CodeIgniter->run()
#10 {main}
ERROR - 2022-03-13 13:24:38 --> Unknown column 'id_plans' in 'where clause'
CRITICAL - 2022-03-13 13:24:38 --> Unknown column 'id_plans' in 'where clause'
#0 C:\xampp\htdocs\code\system\Database\MySQLi\Connection.php(292): mysqli->query('SELECT *\nFROM `...', 0)
#1 C:\xampp\htdocs\code\system\Database\BaseConnection.php(670): CodeIgniter\Database\MySQLi\Connection->execute('SELECT *\nFROM `...')
#2 C:\xampp\htdocs\code\system\Database\BaseConnection.php(598): CodeIgniter\Database\BaseConnection->simpleQuery('SELECT *\nFROM `...')
#3 C:\xampp\htdocs\code\system\Database\BaseBuilder.php(1455): CodeIgniter\Database\BaseConnection->query('SELECT *\nFROM `...', Array, false)
#4 C:\xampp\htdocs\code\system\Model.php(728): CodeIgniter\Database\BaseBuilder->get()
#5 C:\xampp\htdocs\code\app\Controllers\Plans\Plans.php(197): CodeIgniter\Model->__call('get', Array)
#6 C:\xampp\htdocs\code\system\CodeIgniter.php(825): App\Controllers\Plans\Plans->ajaxLoadData()
#7 C:\xampp\htdocs\code\system\CodeIgniter.php(412): CodeIgniter\CodeIgniter->runController(Object(App\Controllers\Plans\Plans))
#8 C:\xampp\htdocs\code\system\CodeIgniter.php(320): CodeIgniter\CodeIgniter->handleRequest(NULL, Object(Config\Cache), false)
#9 C:\xampp\htdocs\code\public\index.php(37): CodeIgniter\CodeIgniter->run()
#10 {main}
ERROR - 2022-03-13 13:24:40 --> Unknown column 'id_plans' in 'where clause'
CRITICAL - 2022-03-13 13:24:40 --> Unknown column 'id_plans' in 'where clause'
#0 C:\xampp\htdocs\code\system\Database\MySQLi\Connection.php(292): mysqli->query('SELECT *\nFROM `...', 0)
#1 C:\xampp\htdocs\code\system\Database\BaseConnection.php(670): CodeIgniter\Database\MySQLi\Connection->execute('SELECT *\nFROM `...')
#2 C:\xampp\htdocs\code\system\Database\BaseConnection.php(598): CodeIgniter\Database\BaseConnection->simpleQuery('SELECT *\nFROM `...')
#3 C:\xampp\htdocs\code\system\Database\BaseBuilder.php(1455): CodeIgniter\Database\BaseConnection->query('SELECT *\nFROM `...', Array, false)
#4 C:\xampp\htdocs\code\system\Model.php(728): CodeIgniter\Database\BaseBuilder->get()
#5 C:\xampp\htdocs\code\app\Controllers\Plans\Plans.php(202): CodeIgniter\Model->__call('get', Array)
#6 C:\xampp\htdocs\code\system\CodeIgniter.php(825): App\Controllers\Plans\Plans->ajaxLoadData()
#7 C:\xampp\htdocs\code\system\CodeIgniter.php(412): CodeIgniter\CodeIgniter->runController(Object(App\Controllers\Plans\Plans))
#8 C:\xampp\htdocs\code\system\CodeIgniter.php(320): CodeIgniter\CodeIgniter->handleRequest(NULL, Object(Config\Cache), false)
#9 C:\xampp\htdocs\code\public\index.php(37): CodeIgniter\CodeIgniter->run()
#10 {main}
ERROR - 2022-03-13 13:24:44 --> Unknown column 'id_plans' in 'where clause'
CRITICAL - 2022-03-13 13:24:44 --> Unknown column 'id_plans' in 'where clause'
#0 C:\xampp\htdocs\code\system\Database\MySQLi\Connection.php(292): mysqli->query('SELECT *\nFROM `...', 0)
#1 C:\xampp\htdocs\code\system\Database\BaseConnection.php(670): CodeIgniter\Database\MySQLi\Connection->execute('SELECT *\nFROM `...')
#2 C:\xampp\htdocs\code\system\Database\BaseConnection.php(598): CodeIgniter\Database\BaseConnection->simpleQuery('SELECT *\nFROM `...')
#3 C:\xampp\htdocs\code\system\Database\BaseBuilder.php(1455): CodeIgniter\Database\BaseConnection->query('SELECT *\nFROM `...', Array, false)
#4 C:\xampp\htdocs\code\system\Model.php(728): CodeIgniter\Database\BaseBuilder->get()
#5 C:\xampp\htdocs\code\app\Controllers\Plans\Plans.php(202): CodeIgniter\Model->__call('get', Array)
#6 C:\xampp\htdocs\code\system\CodeIgniter.php(825): App\Controllers\Plans\Plans->ajaxLoadData()
#7 C:\xampp\htdocs\code\system\CodeIgniter.php(412): CodeIgniter\CodeIgniter->runController(Object(App\Controllers\Plans\Plans))
#8 C:\xampp\htdocs\code\system\CodeIgniter.php(320): CodeIgniter\CodeIgniter->handleRequest(NULL, Object(Config\Cache), false)
#9 C:\xampp\htdocs\code\public\index.php(37): CodeIgniter\CodeIgniter->run()
#10 {main}
ERROR - 2022-03-13 13:24:48 --> Unknown column 'id_plans' in 'where clause'
CRITICAL - 2022-03-13 13:24:48 --> Unknown column 'id_plans' in 'where clause'
#0 C:\xampp\htdocs\code\system\Database\MySQLi\Connection.php(292): mysqli->query('SELECT *\nFROM `...', 0)
#1 C:\xampp\htdocs\code\system\Database\BaseConnection.php(670): CodeIgniter\Database\MySQLi\Connection->execute('SELECT *\nFROM `...')
#2 C:\xampp\htdocs\code\system\Database\BaseConnection.php(598): CodeIgniter\Database\BaseConnection->simpleQuery('SELECT *\nFROM `...')
#3 C:\xampp\htdocs\code\system\Database\BaseBuilder.php(1455): CodeIgniter\Database\BaseConnection->query('SELECT *\nFROM `...', Array, false)
#4 C:\xampp\htdocs\code\system\Model.php(728): CodeIgniter\Database\BaseBuilder->get()
#5 C:\xampp\htdocs\code\app\Controllers\Plans\Plans.php(202): CodeIgniter\Model->__call('get', Array)
#6 C:\xampp\htdocs\code\system\CodeIgniter.php(825): App\Controllers\Plans\Plans->ajaxLoadData()
#7 C:\xampp\htdocs\code\system\CodeIgniter.php(412): CodeIgniter\CodeIgniter->runController(Object(App\Controllers\Plans\Plans))
#8 C:\xampp\htdocs\code\system\CodeIgniter.php(320): CodeIgniter\CodeIgniter->handleRequest(NULL, Object(Config\Cache), false)
#9 C:\xampp\htdocs\code\public\index.php(37): CodeIgniter\CodeIgniter->run()
#10 {main}
ERROR - 2022-03-13 13:28:35 --> Unknown column 'id_plans' in 'where clause'
CRITICAL - 2022-03-13 13:28:35 --> Unknown column 'id_plans' in 'where clause'
#0 C:\xampp\htdocs\code\system\Database\MySQLi\Connection.php(292): mysqli->query('SELECT *\nFROM `...', 0)
#1 C:\xampp\htdocs\code\system\Database\BaseConnection.php(670): CodeIgniter\Database\MySQLi\Connection->execute('SELECT *\nFROM `...')
#2 C:\xampp\htdocs\code\system\Database\BaseConnection.php(598): CodeIgniter\Database\BaseConnection->simpleQuery('SELECT *\nFROM `...')
#3 C:\xampp\htdocs\code\system\Database\BaseBuilder.php(1455): CodeIgniter\Database\BaseConnection->query('SELECT *\nFROM `...', Array, false)
#4 C:\xampp\htdocs\code\system\Model.php(728): CodeIgniter\Database\BaseBuilder->get()
#5 C:\xampp\htdocs\code\app\Controllers\Plans\Plans.php(202): CodeIgniter\Model->__call('get', Array)
#6 C:\xampp\htdocs\code\system\CodeIgniter.php(825): App\Controllers\Plans\Plans->ajaxLoadData()
#7 C:\xampp\htdocs\code\system\CodeIgniter.php(412): CodeIgniter\CodeIgniter->runController(Object(App\Controllers\Plans\Plans))
#8 C:\xampp\htdocs\code\system\CodeIgniter.php(320): CodeIgniter\CodeIgniter->handleRequest(NULL, Object(Config\Cache), false)
#9 C:\xampp\htdocs\code\public\index.php(37): CodeIgniter\CodeIgniter->run()
#10 {main}
CRITICAL - 2022-03-13 22:28:22 --> syntax error, unexpected '$consulta' (T_VARIABLE)
#0 C:\xampp\htdocs\code\system\Autoloader\Autoloader.php(241): CodeIgniter\Autoloader\Autoloader->includeFile('C:\\xampp\\htdocs...')
#1 C:\xampp\htdocs\code\system\Autoloader\Autoloader.php(219): CodeIgniter\Autoloader\Autoloader->loadInNamespace('App\\Controllers...')
#2 [internal function]: CodeIgniter\Autoloader\Autoloader->loadClass('App\\Controllers...')
#3 [internal function]: spl_autoload_call('App\\Controllers...')
#4 C:\xampp\htdocs\code\system\CodeIgniter.php(790): class_exists('\\App\\Controller...', true)
#5 C:\xampp\htdocs\code\system\CodeIgniter.php(399): CodeIgniter\CodeIgniter->startController()
#6 C:\xampp\htdocs\code\system\CodeIgniter.php(320): CodeIgniter\CodeIgniter->handleRequest(NULL, Object(Config\Cache), false)
#7 C:\xampp\htdocs\code\public\index.php(37): CodeIgniter\CodeIgniter->run()
#8 {main}
CRITICAL - 2022-03-13 22:28:23 --> syntax error, unexpected '$consulta' (T_VARIABLE)
#0 C:\xampp\htdocs\code\system\Autoloader\Autoloader.php(241): CodeIgniter\Autoloader\Autoloader->includeFile('C:\\xampp\\htdocs...')
#1 C:\xampp\htdocs\code\system\Autoloader\Autoloader.php(219): CodeIgniter\Autoloader\Autoloader->loadInNamespace('App\\Controllers...')
#2 [internal function]: CodeIgniter\Autoloader\Autoloader->loadClass('App\\Controllers...')
#3 [internal function]: spl_autoload_call('App\\Controllers...')
#4 C:\xampp\htdocs\code\system\CodeIgniter.php(790): class_exists('\\App\\Controller...', true)
#5 C:\xampp\htdocs\code\system\CodeIgniter.php(399): CodeIgniter\CodeIgniter->startController()
#6 C:\xampp\htdocs\code\system\CodeIgniter.php(320): CodeIgniter\CodeIgniter->handleRequest(NULL, Object(Config\Cache), false)
#7 C:\xampp\htdocs\code\public\index.php(37): CodeIgniter\CodeIgniter->run()
#8 {main}
CRITICAL - 2022-03-13 22:28:28 --> syntax error, unexpected '$consulta' (T_VARIABLE)
#0 C:\xampp\htdocs\code\system\Autoloader\Autoloader.php(241): CodeIgniter\Autoloader\Autoloader->includeFile('C:\\xampp\\htdocs...')
#1 C:\xampp\htdocs\code\system\Autoloader\Autoloader.php(219): CodeIgniter\Autoloader\Autoloader->loadInNamespace('App\\Controllers...')
#2 [internal function]: CodeIgniter\Autoloader\Autoloader->loadClass('App\\Controllers...')
#3 [internal function]: spl_autoload_call('App\\Controllers...')
#4 C:\xampp\htdocs\code\system\CodeIgniter.php(790): class_exists('\\App\\Controller...', true)
#5 C:\xampp\htdocs\code\system\CodeIgniter.php(399): CodeIgniter\CodeIgniter->startController()
#6 C:\xampp\htdocs\code\system\CodeIgniter.php(320): CodeIgniter\CodeIgniter->handleRequest(NULL, Object(Config\Cache), false)
#7 C:\xampp\htdocs\code\public\index.php(37): CodeIgniter\CodeIgniter->run()
#8 {main}
CRITICAL - 2022-03-13 22:28:28 --> syntax error, unexpected '$consulta' (T_VARIABLE)
#0 C:\xampp\htdocs\code\system\Autoloader\Autoloader.php(241): CodeIgniter\Autoloader\Autoloader->includeFile('C:\\xampp\\htdocs...')
#1 C:\xampp\htdocs\code\system\Autoloader\Autoloader.php(219): CodeIgniter\Autoloader\Autoloader->loadInNamespace('App\\Controllers...')
#2 [internal function]: CodeIgniter\Autoloader\Autoloader->loadClass('App\\Controllers...')
#3 [internal function]: spl_autoload_call('App\\Controllers...')
#4 C:\xampp\htdocs\code\system\CodeIgniter.php(790): class_exists('\\App\\Controller...', true)
#5 C:\xampp\htdocs\code\system\CodeIgniter.php(399): CodeIgniter\CodeIgniter->startController()
#6 C:\xampp\htdocs\code\system\CodeIgniter.php(320): CodeIgniter\CodeIgniter->handleRequest(NULL, Object(Config\Cache), false)
#7 C:\xampp\htdocs\code\public\index.php(37): CodeIgniter\CodeIgniter->run()
#8 {main}
ERROR - 2022-03-13 22:37:24 --> Column 'name' cannot be null
CRITICAL - 2022-03-13 22:37:24 --> Column 'name' cannot be null
#0 C:\xampp\htdocs\code\system\Database\MySQLi\Connection.php(292): mysqli->query('INSERT INTO `tb...', 0)
#1 C:\xampp\htdocs\code\system\Database\BaseConnection.php(670): CodeIgniter\Database\MySQLi\Connection->execute('INSERT INTO `tb...')
#2 C:\xampp\htdocs\code\system\Database\BaseConnection.php(598): CodeIgniter\Database\BaseConnection->simpleQuery('INSERT INTO `tb...')
#3 C:\xampp\htdocs\code\system\Database\BaseBuilder.php(1771): CodeIgniter\Database\BaseConnection->query('INSERT INTO `tb...', Array, false)
#4 C:\xampp\htdocs\code\system\Model.php(239): CodeIgniter\Database\BaseBuilder->insert()
#5 C:\xampp\htdocs\code\system\BaseModel.php(738): CodeIgniter\Model->doInsert(Array)
#6 C:\xampp\htdocs\code\system\Model.php(625): CodeIgniter\BaseModel->insert(Array, false)
#7 C:\xampp\htdocs\code\system\BaseModel.php(658): CodeIgniter\Model->insert(Array, false)
#8 C:\xampp\htdocs\code\app\Controllers\Student\Student.php(96): CodeIgniter\BaseModel->save(Array)
#9 C:\xampp\htdocs\code\system\CodeIgniter.php(825): App\Controllers\Student\Student->store()
#10 C:\xampp\htdocs\code\system\CodeIgniter.php(412): CodeIgniter\CodeIgniter->runController(Object(App\Controllers\Student\Student))
#11 C:\xampp\htdocs\code\system\CodeIgniter.php(320): CodeIgniter\CodeIgniter->handleRequest(NULL, Object(Config\Cache), false)
#12 C:\xampp\htdocs\code\public\index.php(37): CodeIgniter\CodeIgniter->run()
#13 {main}
ERROR - 2022-03-13 22:37:27 --> Column 'name' cannot be null
CRITICAL - 2022-03-13 22:37:27 --> Column 'name' cannot be null
#0 C:\xampp\htdocs\code\system\Database\MySQLi\Connection.php(292): mysqli->query('INSERT INTO `tb...', 0)
#1 C:\xampp\htdocs\code\system\Database\BaseConnection.php(670): CodeIgniter\Database\MySQLi\Connection->execute('INSERT INTO `tb...')
#2 C:\xampp\htdocs\code\system\Database\BaseConnection.php(598): CodeIgniter\Database\BaseConnection->simpleQuery('INSERT INTO `tb...')
#3 C:\xampp\htdocs\code\system\Database\BaseBuilder.php(1771): CodeIgniter\Database\BaseConnection->query('INSERT INTO `tb...', Array, false)
#4 C:\xampp\htdocs\code\system\Model.php(239): CodeIgniter\Database\BaseBuilder->insert()
#5 C:\xampp\htdocs\code\system\BaseModel.php(738): CodeIgniter\Model->doInsert(Array)
#6 C:\xampp\htdocs\code\system\Model.php(625): CodeIgniter\BaseModel->insert(Array, false)
#7 C:\xampp\htdocs\code\system\BaseModel.php(658): CodeIgniter\Model->insert(Array, false)
#8 C:\xampp\htdocs\code\app\Controllers\Student\Student.php(96): CodeIgniter\BaseModel->save(Array)
#9 C:\xampp\htdocs\code\system\CodeIgniter.php(825): App\Controllers\Student\Student->store()
#10 C:\xampp\htdocs\code\system\CodeIgniter.php(412): CodeIgniter\CodeIgniter->runController(Object(App\Controllers\Student\Student))
#11 C:\xampp\htdocs\code\system\CodeIgniter.php(320): CodeIgniter\CodeIgniter->handleRequest(NULL, Object(Config\Cache), false)
#12 C:\xampp\htdocs\code\public\index.php(37): CodeIgniter\CodeIgniter->run()
#13 {main}
CRITICAL - 2022-03-13 22:40:35 --> There is no data to update.
#0 C:\xampp\htdocs\code\system\BaseModel.php(846): CodeIgniter\Database\Exceptions\DataException::forEmptyDataset('update')
#1 C:\xampp\htdocs\code\system\Model.php(651): CodeIgniter\BaseModel->update(Array, Array)
#2 C:\xampp\htdocs\code\system\BaseModel.php(656): CodeIgniter\Model->update('115', Array)
#3 C:\xampp\htdocs\code\app\Controllers\Student\Student.php(239): CodeIgniter\BaseModel->save(Array)
#4 C:\xampp\htdocs\code\system\CodeIgniter.php(825): App\Controllers\Student\Student->store_planmember()
#5 C:\xampp\htdocs\code\system\CodeIgniter.php(412): CodeIgniter\CodeIgniter->runController(Object(App\Controllers\Student\Student))
#6 C:\xampp\htdocs\code\system\CodeIgniter.php(320): CodeIgniter\CodeIgniter->handleRequest(NULL, Object(Config\Cache), false)
#7 C:\xampp\htdocs\code\public\index.php(37): CodeIgniter\CodeIgniter->run()
#8 {main}
CRITICAL - 2022-03-13 22:43:36 --> There is no data to update.
#0 C:\xampp\htdocs\code\system\BaseModel.php(846): CodeIgniter\Database\Exceptions\DataException::forEmptyDataset('update')
#1 C:\xampp\htdocs\code\system\Model.php(651): CodeIgniter\BaseModel->update(Array, Array)
#2 C:\xampp\htdocs\code\system\BaseModel.php(656): CodeIgniter\Model->update('116', Array)
#3 C:\xampp\htdocs\code\app\Controllers\Student\Student.php(239): CodeIgniter\BaseModel->save(Array)
#4 C:\xampp\htdocs\code\system\CodeIgniter.php(825): App\Controllers\Student\Student->store_planmember()
#5 C:\xampp\htdocs\code\system\CodeIgniter.php(412): CodeIgniter\CodeIgniter->runController(Object(App\Controllers\Student\Student))
#6 C:\xampp\htdocs\code\system\CodeIgniter.php(320): CodeIgniter\CodeIgniter->handleRequest(NULL, Object(Config\Cache), false)
#7 C:\xampp\htdocs\code\public\index.php(37): CodeIgniter\CodeIgniter->run()
#8 {main}
CRITICAL - 2022-03-13 22:43:46 --> There is no data to update.
#0 C:\xampp\htdocs\code\system\BaseModel.php(846): CodeIgniter\Database\Exceptions\DataException::forEmptyDataset('update')
#1 C:\xampp\htdocs\code\system\Model.php(651): CodeIgniter\BaseModel->update(Array, Array)
#2 C:\xampp\htdocs\code\system\BaseModel.php(656): CodeIgniter\Model->update('116', Array)
#3 C:\xampp\htdocs\code\app\Controllers\Student\Student.php(239): CodeIgniter\BaseModel->save(Array)
#4 C:\xampp\htdocs\code\system\CodeIgniter.php(825): App\Controllers\Student\Student->store_planmember()
#5 C:\xampp\htdocs\code\system\CodeIgniter.php(412): CodeIgniter\CodeIgniter->runController(Object(App\Controllers\Student\Student))
#6 C:\xampp\htdocs\code\system\CodeIgniter.php(320): CodeIgniter\CodeIgniter->handleRequest(NULL, Object(Config\Cache), false)
#7 C:\xampp\htdocs\code\public\index.php(37): CodeIgniter\CodeIgniter->run()
#8 {main}
CRITICAL - 2022-03-13 22:45:11 --> There is no data to update.
#0 C:\xampp\htdocs\code\system\BaseModel.php(846): CodeIgniter\Database\Exceptions\DataException::forEmptyDataset('update')
#1 C:\xampp\htdocs\code\system\Model.php(651): CodeIgniter\BaseModel->update(Array, Array)
#2 C:\xampp\htdocs\code\system\BaseModel.php(656): CodeIgniter\Model->update('117', Array)
#3 C:\xampp\htdocs\code\app\Controllers\Student\Student.php(239): CodeIgniter\BaseModel->save(Array)
#4 C:\xampp\htdocs\code\system\CodeIgniter.php(825): App\Controllers\Student\Student->store_planmember()
#5 C:\xampp\htdocs\code\system\CodeIgniter.php(412): CodeIgniter\CodeIgniter->runController(Object(App\Controllers\Student\Student))
#6 C:\xampp\htdocs\code\system\CodeIgniter.php(320): CodeIgniter\CodeIgniter->handleRequest(NULL, Object(Config\Cache), false)
#7 C:\xampp\htdocs\code\public\index.php(37): CodeIgniter\CodeIgniter->run()
#8 {main}
CRITICAL - 2022-03-13 22:45:58 --> There is no data to update.
#0 C:\xampp\htdocs\code\system\BaseModel.php(846): CodeIgniter\Database\Exceptions\DataException::forEmptyDataset('update')
#1 C:\xampp\htdocs\code\system\Model.php(651): CodeIgniter\BaseModel->update(Array, Array)
#2 C:\xampp\htdocs\code\system\BaseModel.php(656): CodeIgniter\Model->update('117', Array)
#3 C:\xampp\htdocs\code\app\Controllers\Student\Student.php(239): CodeIgniter\BaseModel->save(Array)
#4 C:\xampp\htdocs\code\system\CodeIgniter.php(825): App\Controllers\Student\Student->store_planmember()
#5 C:\xampp\htdocs\code\system\CodeIgniter.php(412): CodeIgniter\CodeIgniter->runController(Object(App\Controllers\Student\Student))
#6 C:\xampp\htdocs\code\system\CodeIgniter.php(320): CodeIgniter\CodeIgniter->handleRequest(NULL, Object(Config\Cache), false)
#7 C:\xampp\htdocs\code\public\index.php(37): CodeIgniter\CodeIgniter->run()
#8 {main}
CRITICAL - 2022-03-13 22:46:02 --> There is no data to update.
#0 C:\xampp\htdocs\code\system\BaseModel.php(846): CodeIgniter\Database\Exceptions\DataException::forEmptyDataset('update')
#1 C:\xampp\htdocs\code\system\Model.php(651): CodeIgniter\BaseModel->update(Array, Array)
#2 C:\xampp\htdocs\code\system\BaseModel.php(656): CodeIgniter\Model->update('117', Array)
#3 C:\xampp\htdocs\code\app\Controllers\Student\Student.php(239): CodeIgniter\BaseModel->save(Array)
#4 C:\xampp\htdocs\code\system\CodeIgniter.php(825): App\Controllers\Student\Student->store_planmember()
#5 C:\xampp\htdocs\code\system\CodeIgniter.php(412): CodeIgniter\CodeIgniter->runController(Object(App\Controllers\Student\Student))
#6 C:\xampp\htdocs\code\system\CodeIgniter.php(320): CodeIgniter\CodeIgniter->handleRequest(NULL, Object(Config\Cache), false)
#7 C:\xampp\htdocs\code\public\index.php(37): CodeIgniter\CodeIgniter->run()
#8 {main}
CRITICAL - 2022-03-13 22:46:49 --> There is no data to update.
#0 C:\xampp\htdocs\code\system\BaseModel.php(846): CodeIgniter\Database\Exceptions\DataException::forEmptyDataset('update')
#1 C:\xampp\htdocs\code\system\Model.php(651): CodeIgniter\BaseModel->update(Array, Array)
#2 C:\xampp\htdocs\code\system\BaseModel.php(656): CodeIgniter\Model->update('118', Array)
#3 C:\xampp\htdocs\code\app\Controllers\Student\Student.php(239): CodeIgniter\BaseModel->save(Array)
#4 C:\xampp\htdocs\code\system\CodeIgniter.php(825): App\Controllers\Student\Student->store_planmember()
#5 C:\xampp\htdocs\code\system\CodeIgniter.php(412): CodeIgniter\CodeIgniter->runController(Object(App\Controllers\Student\Student))
#6 C:\xampp\htdocs\code\system\CodeIgniter.php(320): CodeIgniter\CodeIgniter->handleRequest(NULL, Object(Config\Cache), false)
#7 C:\xampp\htdocs\code\public\index.php(37): CodeIgniter\CodeIgniter->run()
#8 {main}
CRITICAL - 2022-03-13 22:48:30 --> There is no data to update.
#0 C:\xampp\htdocs\code\system\BaseModel.php(846): CodeIgniter\Database\Exceptions\DataException::forEmptyDataset('update')
#1 C:\xampp\htdocs\code\system\Model.php(651): CodeIgniter\BaseModel->update(Array, Array)
#2 C:\xampp\htdocs\code\system\BaseModel.php(656): CodeIgniter\Model->update('119', Array)
#3 C:\xampp\htdocs\code\app\Controllers\Student\Student.php(243): CodeIgniter\BaseModel->save(Array)
#4 C:\xampp\htdocs\code\system\CodeIgniter.php(825): App\Controllers\Student\Student->store_planmember()
#5 C:\xampp\htdocs\code\system\CodeIgniter.php(412): CodeIgniter\CodeIgniter->runController(Object(App\Controllers\Student\Student))
#6 C:\xampp\htdocs\code\system\CodeIgniter.php(320): CodeIgniter\CodeIgniter->handleRequest(NULL, Object(Config\Cache), false)
#7 C:\xampp\htdocs\code\public\index.php(37): CodeIgniter\CodeIgniter->run()
#8 {main}
CRITICAL - 2022-03-13 22:50:20 --> The behavior of unparenthesized expressions containing both '.' and '+'/'-' will change in PHP 8: '+'/'-' will take a higher precedence
#0 C:\xampp\htdocs\code\system\Autoloader\Autoloader.php(264): CodeIgniter\Debug\Exceptions->errorHandler(8192, 'The behavior of...', 'C:\\xampp\\htdocs...', 241, Array)
#1 C:\xampp\htdocs\code\system\Autoloader\Autoloader.php(264): include_once()
#2 C:\xampp\htdocs\code\system\Autoloader\Autoloader.php(241): CodeIgniter\Autoloader\Autoloader->includeFile('C:\\xampp\\htdocs...')
#3 C:\xampp\htdocs\code\system\Autoloader\Autoloader.php(219): CodeIgniter\Autoloader\Autoloader->loadInNamespace('App\\Controllers...')
#4 [internal function]: CodeIgniter\Autoloader\Autoloader->loadClass('App\\Controllers...')
#5 [internal function]: spl_autoload_call('App\\Controllers...')
#6 C:\xampp\htdocs\code\system\CodeIgniter.php(790): class_exists('\\App\\Controller...', true)
#7 C:\xampp\htdocs\code\system\CodeIgniter.php(399): CodeIgniter\CodeIgniter->startController()
#8 C:\xampp\htdocs\code\system\CodeIgniter.php(320): CodeIgniter\CodeIgniter->handleRequest(NULL, Object(Config\Cache), false)
#9 C:\xampp\htdocs\code\public\index.php(37): CodeIgniter\CodeIgniter->run()
#10 {main}
CRITICAL - 2022-03-13 22:50:20 --> The behavior of unparenthesized expressions containing both '.' and '+'/'-' will change in PHP 8: '+'/'-' will take a higher precedence
#0 C:\xampp\htdocs\code\system\Autoloader\Autoloader.php(264): CodeIgniter\Debug\Exceptions->errorHandler(8192, 'The behavior of...', 'C:\\xampp\\htdocs...', 241, Array)
#1 C:\xampp\htdocs\code\system\Autoloader\Autoloader.php(264): include_once()
#2 C:\xampp\htdocs\code\system\Autoloader\Autoloader.php(241): CodeIgniter\Autoloader\Autoloader->includeFile('C:\\xampp\\htdocs...')
#3 C:\xampp\htdocs\code\system\Autoloader\Autoloader.php(219): CodeIgniter\Autoloader\Autoloader->loadInNamespace('App\\Controllers...')
#4 [internal function]: CodeIgniter\Autoloader\Autoloader->loadClass('App\\Controllers...')
#5 [internal function]: spl_autoload_call('App\\Controllers...')
#6 C:\xampp\htdocs\code\system\CodeIgniter.php(790): class_exists('\\App\\Controller...', true)
#7 C:\xampp\htdocs\code\system\CodeIgniter.php(399): CodeIgniter\CodeIgniter->startController()
#8 C:\xampp\htdocs\code\system\CodeIgniter.php(320): CodeIgniter\CodeIgniter->handleRequest(NULL, Object(Config\Cache), false)
#9 C:\xampp\htdocs\code\public\index.php(37): CodeIgniter\CodeIgniter->run()
#10 {main}
CRITICAL - 2022-03-13 22:50:51 --> The behavior of unparenthesized expressions containing both '.' and '+'/'-' will change in PHP 8: '+'/'-' will take a higher precedence
#0 C:\xampp\htdocs\code\system\Autoloader\Autoloader.php(264): CodeIgniter\Debug\Exceptions->errorHandler(8192, 'The behavior of...', 'C:\\xampp\\htdocs...', 241, Array)
#1 C:\xampp\htdocs\code\system\Autoloader\Autoloader.php(264): include_once()
#2 C:\xampp\htdocs\code\system\Autoloader\Autoloader.php(241): CodeIgniter\Autoloader\Autoloader->includeFile('C:\\xampp\\htdocs...')
#3 C:\xampp\htdocs\code\system\Autoloader\Autoloader.php(219): CodeIgniter\Autoloader\Autoloader->loadInNamespace('App\\Controllers...')
#4 [internal function]: CodeIgniter\Autoloader\Autoloader->loadClass('App\\Controllers...')
#5 [internal function]: spl_autoload_call('App\\Controllers...')
#6 C:\xampp\htdocs\code\system\CodeIgniter.php(790): class_exists('\\App\\Controller...', true)
#7 C:\xampp\htdocs\code\system\CodeIgniter.php(399): CodeIgniter\CodeIgniter->startController()
#8 C:\xampp\htdocs\code\system\CodeIgniter.php(320): CodeIgniter\CodeIgniter->handleRequest(NULL, Object(Config\Cache), false)
#9 C:\xampp\htdocs\code\public\index.php(37): CodeIgniter\CodeIgniter->run()
#10 {main}
CRITICAL - 2022-03-13 22:50:51 --> The behavior of unparenthesized expressions containing both '.' and '+'/'-' will change in PHP 8: '+'/'-' will take a higher precedence
#0 C:\xampp\htdocs\code\system\Autoloader\Autoloader.php(264): CodeIgniter\Debug\Exceptions->errorHandler(8192, 'The behavior of...', 'C:\\xampp\\htdocs...', 241, Array)
#1 C:\xampp\htdocs\code\system\Autoloader\Autoloader.php(264): include_once()
#2 C:\xampp\htdocs\code\system\Autoloader\Autoloader.php(241): CodeIgniter\Autoloader\Autoloader->includeFile('C:\\xampp\\htdocs...')
#3 C:\xampp\htdocs\code\system\Autoloader\Autoloader.php(219): CodeIgniter\Autoloader\Autoloader->loadInNamespace('App\\Controllers...')
#4 [internal function]: CodeIgniter\Autoloader\Autoloader->loadClass('App\\Controllers...')
#5 [internal function]: spl_autoload_call('App\\Controllers...')
#6 C:\xampp\htdocs\code\system\CodeIgniter.php(790): class_exists('\\App\\Controller...', true)
#7 C:\xampp\htdocs\code\system\CodeIgniter.php(399): CodeIgniter\CodeIgniter->startController()
#8 C:\xampp\htdocs\code\system\CodeIgniter.php(320): CodeIgniter\CodeIgniter->handleRequest(NULL, Object(Config\Cache), false)
#9 C:\xampp\htdocs\code\public\index.php(37): CodeIgniter\CodeIgniter->run()
#10 {main}
CRITICAL - 2022-03-13 22:51:31 --> The behavior of unparenthesized expressions containing both '.' and '+'/'-' will change in PHP 8: '+'/'-' will take a higher precedence
#0 C:\xampp\htdocs\code\system\Autoloader\Autoloader.php(264): CodeIgniter\Debug\Exceptions->errorHandler(8192, 'The behavior of...', 'C:\\xampp\\htdocs...', 241, Array)
#1 C:\xampp\htdocs\code\system\Autoloader\Autoloader.php(264): include_once()
#2 C:\xampp\htdocs\code\system\Autoloader\Autoloader.php(241): CodeIgniter\Autoloader\Autoloader->includeFile('C:\\xampp\\htdocs...')
#3 C:\xampp\htdocs\code\system\Autoloader\Autoloader.php(219): CodeIgniter\Autoloader\Autoloader->loadInNamespace('App\\Controllers...')
#4 [internal function]: CodeIgniter\Autoloader\Autoloader->loadClass('App\\Controllers...')
#5 [internal function]: spl_autoload_call('App\\Controllers...')
#6 C:\xampp\htdocs\code\system\CodeIgniter.php(790): class_exists('\\App\\Controller...', true)
#7 C:\xampp\htdocs\code\system\CodeIgniter.php(399): CodeIgniter\CodeIgniter->startController()
#8 C:\xampp\htdocs\code\system\CodeIgniter.php(320): CodeIgniter\CodeIgniter->handleRequest(NULL, Object(Config\Cache), false)
#9 C:\xampp\htdocs\code\public\index.php(37): CodeIgniter\CodeIgniter->run()
#10 {main}
CRITICAL - 2022-03-13 22:51:31 --> The behavior of unparenthesized expressions containing both '.' and '+'/'-' will change in PHP 8: '+'/'-' will take a higher precedence
#0 C:\xampp\htdocs\code\system\Autoloader\Autoloader.php(264): CodeIgniter\Debug\Exceptions->errorHandler(8192, 'The behavior of...', 'C:\\xampp\\htdocs...', 241, Array)
#1 C:\xampp\htdocs\code\system\Autoloader\Autoloader.php(264): include_once()
#2 C:\xampp\htdocs\code\system\Autoloader\Autoloader.php(241): CodeIgniter\Autoloader\Autoloader->includeFile('C:\\xampp\\htdocs...')
#3 C:\xampp\htdocs\code\system\Autoloader\Autoloader.php(219): CodeIgniter\Autoloader\Autoloader->loadInNamespace('App\\Controllers...')
#4 [internal function]: CodeIgniter\Autoloader\Autoloader->loadClass('App\\Controllers...')
#5 [internal function]: spl_autoload_call('App\\Controllers...')
#6 C:\xampp\htdocs\code\system\CodeIgniter.php(790): class_exists('\\App\\Controller...', true)
#7 C:\xampp\htdocs\code\system\CodeIgniter.php(399): CodeIgniter\CodeIgniter->startController()
#8 C:\xampp\htdocs\code\system\CodeIgniter.php(320): CodeIgniter\CodeIgniter->handleRequest(NULL, Object(Config\Cache), false)
#9 C:\xampp\htdocs\code\public\index.php(37): CodeIgniter\CodeIgniter->run()
#10 {main}
CRITICAL - 2022-03-13 22:52:13 --> There is no data to update.
#0 C:\xampp\htdocs\code\system\BaseModel.php(846): CodeIgniter\Database\Exceptions\DataException::forEmptyDataset('update')
#1 C:\xampp\htdocs\code\system\Model.php(651): CodeIgniter\BaseModel->update(Array, Array)
#2 C:\xampp\htdocs\code\system\BaseModel.php(656): CodeIgniter\Model->update('120', Array)
#3 C:\xampp\htdocs\code\app\Controllers\Student\Student.php(246): CodeIgniter\BaseModel->save(Array)
#4 C:\xampp\htdocs\code\system\CodeIgniter.php(825): App\Controllers\Student\Student->store_planmember()
#5 C:\xampp\htdocs\code\system\CodeIgniter.php(412): CodeIgniter\CodeIgniter->runController(Object(App\Controllers\Student\Student))
#6 C:\xampp\htdocs\code\system\CodeIgniter.php(320): CodeIgniter\CodeIgniter->handleRequest(NULL, Object(Config\Cache), false)
#7 C:\xampp\htdocs\code\public\index.php(37): CodeIgniter\CodeIgniter->run()
#8 {main}
CRITICAL - 2022-03-13 22:52:40 --> The behavior of unparenthesized expressions containing both '.' and '+'/'-' will change in PHP 8: '+'/'-' will take a higher precedence
#0 C:\xampp\htdocs\code\system\Autoloader\Autoloader.php(264): CodeIgniter\Debug\Exceptions->errorHandler(8192, 'The behavior of...', 'C:\\xampp\\htdocs...', 241, Array)
#1 C:\xampp\htdocs\code\system\Autoloader\Autoloader.php(264): include_once()
#2 C:\xampp\htdocs\code\system\Autoloader\Autoloader.php(241): CodeIgniter\Autoloader\Autoloader->includeFile('C:\\xampp\\htdocs...')
#3 C:\xampp\htdocs\code\system\Autoloader\Autoloader.php(219): CodeIgniter\Autoloader\Autoloader->loadInNamespace('App\\Controllers...')
#4 [internal function]: CodeIgniter\Autoloader\Autoloader->loadClass('App\\Controllers...')
#5 [internal function]: spl_autoload_call('App\\Controllers...')
#6 C:\xampp\htdocs\code\system\CodeIgniter.php(790): class_exists('\\App\\Controller...', true)
#7 C:\xampp\htdocs\code\system\CodeIgniter.php(399): CodeIgniter\CodeIgniter->startController()
#8 C:\xampp\htdocs\code\system\CodeIgniter.php(320): CodeIgniter\CodeIgniter->handleRequest(NULL, Object(Config\Cache), false)
#9 C:\xampp\htdocs\code\public\index.php(37): CodeIgniter\CodeIgniter->run()
#10 {main}
CRITICAL - 2022-03-13 22:52:40 --> The behavior of unparenthesized expressions containing both '.' and '+'/'-' will change in PHP 8: '+'/'-' will take a higher precedence
#0 C:\xampp\htdocs\code\system\Autoloader\Autoloader.php(264): CodeIgniter\Debug\Exceptions->errorHandler(8192, 'The behavior of...', 'C:\\xampp\\htdocs...', 241, Array)
#1 C:\xampp\htdocs\code\system\Autoloader\Autoloader.php(264): include_once()
#2 C:\xampp\htdocs\code\system\Autoloader\Autoloader.php(241): CodeIgniter\Autoloader\Autoloader->includeFile('C:\\xampp\\htdocs...')
#3 C:\xampp\htdocs\code\system\Autoloader\Autoloader.php(219): CodeIgniter\Autoloader\Autoloader->loadInNamespace('App\\Controllers...')
#4 [internal function]: CodeIgniter\Autoloader\Autoloader->loadClass('App\\Controllers...')
#5 [internal function]: spl_autoload_call('App\\Controllers...')
#6 C:\xampp\htdocs\code\system\CodeIgniter.php(790): class_exists('\\App\\Controller...', true)
#7 C:\xampp\htdocs\code\system\CodeIgniter.php(399): CodeIgniter\CodeIgniter->startController()
#8 C:\xampp\htdocs\code\system\CodeIgniter.php(320): CodeIgniter\CodeIgniter->handleRequest(NULL, Object(Config\Cache), false)
#9 C:\xampp\htdocs\code\public\index.php(37): CodeIgniter\CodeIgniter->run()
#10 {main}
CRITICAL - 2022-03-13 22:53:20 --> There is no data to update.
#0 C:\xampp\htdocs\code\system\BaseModel.php(846): CodeIgniter\Database\Exceptions\DataException::forEmptyDataset('update')
#1 C:\xampp\htdocs\code\system\Model.php(651): CodeIgniter\BaseModel->update(Array, Array)
#2 C:\xampp\htdocs\code\system\BaseModel.php(656): CodeIgniter\Model->update('121', Array)
#3 C:\xampp\htdocs\code\app\Controllers\Student\Student.php(246): CodeIgniter\BaseModel->save(Array)
#4 C:\xampp\htdocs\code\system\CodeIgniter.php(825): App\Controllers\Student\Student->store_planmember()
#5 C:\xampp\htdocs\code\system\CodeIgniter.php(412): CodeIgniter\CodeIgniter->runController(Object(App\Controllers\Student\Student))
#6 C:\xampp\htdocs\code\system\CodeIgniter.php(320): CodeIgniter\CodeIgniter->handleRequest(NULL, Object(Config\Cache), false)
#7 C:\xampp\htdocs\code\public\index.php(37): CodeIgniter\CodeIgniter->run()
#8 {main}
