ERROR - 2022-03-26 11:35:45 --> Duplicate entry '0' for key 'PRIMARY'
CRITICAL - 2022-03-26 11:35:45 --> Duplicate entry '0' for key 'PRIMARY'
#0 C:\xampp\htdocs\code\system\Database\MySQLi\Connection.php(292): mysqli->query('INSERT INTO `tb...', 0)
#1 C:\xampp\htdocs\code\system\Database\BaseConnection.php(670): CodeIgniter\Database\MySQLi\Connection->execute('INSERT INTO `tb...')
#2 C:\xampp\htdocs\code\system\Database\BaseConnection.php(598): CodeIgniter\Database\BaseConnection->simpleQuery('INSERT INTO `tb...')
#3 C:\xampp\htdocs\code\system\Database\BaseBuilder.php(1771): CodeIgniter\Database\BaseConnection->query('INSERT INTO `tb...', Array, false)
#4 C:\xampp\htdocs\code\system\Model.php(239): CodeIgniter\Database\BaseBuilder->insert()
#5 C:\xampp\htdocs\code\system\BaseModel.php(738): CodeIgniter\Model->doInsert(Array)
#6 C:\xampp\htdocs\code\system\Model.php(625): CodeIgniter\BaseModel->insert(Array, false)
#7 C:\xampp\htdocs\code\system\BaseModel.php(658): CodeIgniter\Model->insert(Array, false)
#8 C:\xampp\htdocs\code\app\Controllers\Plans\Plans.php(122): CodeIgniter\BaseModel->save(Array)
#9 C:\xampp\htdocs\code\system\CodeIgniter.php(825): App\Controllers\Plans\Plans->store()
#10 C:\xampp\htdocs\code\system\CodeIgniter.php(412): CodeIgniter\CodeIgniter->runController(Object(App\Controllers\Plans\Plans))
#11 C:\xampp\htdocs\code\system\CodeIgniter.php(320): CodeIgniter\CodeIgniter->handleRequest(NULL, Object(Config\Cache), false)
#12 C:\xampp\htdocs\code\public\index.php(37): CodeIgniter\CodeIgniter->run()
#13 {main}
ERROR - 2022-03-26 11:35:48 --> Duplicate entry '0' for key 'PRIMARY'
CRITICAL - 2022-03-26 11:35:48 --> Duplicate entry '0' for key 'PRIMARY'
#0 C:\xampp\htdocs\code\system\Database\MySQLi\Connection.php(292): mysqli->query('INSERT INTO `tb...', 0)
#1 C:\xampp\htdocs\code\system\Database\BaseConnection.php(670): CodeIgniter\Database\MySQLi\Connection->execute('INSERT INTO `tb...')
#2 C:\xampp\htdocs\code\system\Database\BaseConnection.php(598): CodeIgniter\Database\BaseConnection->simpleQuery('INSERT INTO `tb...')
#3 C:\xampp\htdocs\code\system\Database\BaseBuilder.php(1771): CodeIgniter\Database\BaseConnection->query('INSERT INTO `tb...', Array, false)
#4 C:\xampp\htdocs\code\system\Model.php(239): CodeIgniter\Database\BaseBuilder->insert()
#5 C:\xampp\htdocs\code\system\BaseModel.php(738): CodeIgniter\Model->doInsert(Array)
#6 C:\xampp\htdocs\code\system\Model.php(625): CodeIgniter\BaseModel->insert(Array, false)
#7 C:\xampp\htdocs\code\system\BaseModel.php(658): CodeIgniter\Model->insert(Array, false)
#8 C:\xampp\htdocs\code\app\Controllers\Plans\Plans.php(122): CodeIgniter\BaseModel->save(Array)
#9 C:\xampp\htdocs\code\system\CodeIgniter.php(825): App\Controllers\Plans\Plans->store()
#10 C:\xampp\htdocs\code\system\CodeIgniter.php(412): CodeIgniter\CodeIgniter->runController(Object(App\Controllers\Plans\Plans))
#11 C:\xampp\htdocs\code\system\CodeIgniter.php(320): CodeIgniter\CodeIgniter->handleRequest(NULL, Object(Config\Cache), false)
#12 C:\xampp\htdocs\code\public\index.php(37): CodeIgniter\CodeIgniter->run()
#13 {main}
ERROR - 2022-03-26 11:35:51 --> Duplicate entry '0' for key 'PRIMARY'
CRITICAL - 2022-03-26 11:35:51 --> Duplicate entry '0' for key 'PRIMARY'
#0 C:\xampp\htdocs\code\system\Database\MySQLi\Connection.php(292): mysqli->query('INSERT INTO `tb...', 0)
#1 C:\xampp\htdocs\code\system\Database\BaseConnection.php(670): CodeIgniter\Database\MySQLi\Connection->execute('INSERT INTO `tb...')
#2 C:\xampp\htdocs\code\system\Database\BaseConnection.php(598): CodeIgniter\Database\BaseConnection->simpleQuery('INSERT INTO `tb...')
#3 C:\xampp\htdocs\code\system\Database\BaseBuilder.php(1771): CodeIgniter\Database\BaseConnection->query('INSERT INTO `tb...', Array, false)
#4 C:\xampp\htdocs\code\system\Model.php(239): CodeIgniter\Database\BaseBuilder->insert()
#5 C:\xampp\htdocs\code\system\BaseModel.php(738): CodeIgniter\Model->doInsert(Array)
#6 C:\xampp\htdocs\code\system\Model.php(625): CodeIgniter\BaseModel->insert(Array, false)
#7 C:\xampp\htdocs\code\system\BaseModel.php(658): CodeIgniter\Model->insert(Array, false)
#8 C:\xampp\htdocs\code\app\Controllers\Plans\Plans.php(122): CodeIgniter\BaseModel->save(Array)
#9 C:\xampp\htdocs\code\system\CodeIgniter.php(825): App\Controllers\Plans\Plans->store()
#10 C:\xampp\htdocs\code\system\CodeIgniter.php(412): CodeIgniter\CodeIgniter->runController(Object(App\Controllers\Plans\Plans))
#11 C:\xampp\htdocs\code\system\CodeIgniter.php(320): CodeIgniter\CodeIgniter->handleRequest(NULL, Object(Config\Cache), false)
#12 C:\xampp\htdocs\code\public\index.php(37): CodeIgniter\CodeIgniter->run()
#13 {main}
CRITICAL - 2022-03-26 18:51:42 --> Undefined index: draw
#0 C:\xampp\htdocs\code\app\Controllers\Student\Student.php(177): CodeIgniter\Debug\Exceptions->errorHandler(8, 'Undefined index...', 'C:\\xampp\\htdocs...', 177, Array)
#1 C:\xampp\htdocs\code\system\CodeIgniter.php(825): App\Controllers\Student\Student->ajaxLoadData()
#2 C:\xampp\htdocs\code\system\CodeIgniter.php(412): CodeIgniter\CodeIgniter->runController(Object(App\Controllers\Student\Student))
#3 C:\xampp\htdocs\code\system\CodeIgniter.php(320): CodeIgniter\CodeIgniter->handleRequest(NULL, Object(Config\Cache), false)
#4 C:\xampp\htdocs\code\public\index.php(37): CodeIgniter\CodeIgniter->run()
#5 {main}
CRITICAL - 2022-03-26 21:47:44 --> Undefined variable: totalTime
#0 C:\xampp\htdocs\code\system\Debug\Toolbar\Views\toolbar.tpl.php(40): CodeIgniter\Debug\Exceptions->errorHandler(8, 'Undefined varia...', 'C:\\xampp\\htdocs...', 40, Array)
#1 C:\xampp\htdocs\code\system\Debug\Toolbar.php(501): include('C:\\xampp\\htdocs...')
#2 C:\xampp\htdocs\code\system\Debug\Toolbar.php(464): CodeIgniter\Debug\Toolbar->format(Array, 'html')
#3 C:\xampp\htdocs\code\app\Config\Events.php(48): CodeIgniter\Debug\Toolbar->respond()
#4 C:\xampp\htdocs\code\system\Events\Events.php(149): CodeIgniter\Events\Events::Config\{closure}()
#5 C:\xampp\htdocs\code\system\CodeIgniter.php(302): CodeIgniter\Events\Events::trigger('pre_system')
#6 C:\xampp\htdocs\code\public\index.php(37): CodeIgniter\CodeIgniter->run()
#7 {main}
CRITICAL - 2022-03-26 22:17:26 --> Undefined index: draw
#0 C:\xampp\htdocs\code\app\Controllers\Student\Student.php(177): CodeIgniter\Debug\Exceptions->errorHandler(8, 'Undefined index...', 'C:\\xampp\\htdocs...', 177, Array)
#1 C:\xampp\htdocs\code\system\CodeIgniter.php(825): App\Controllers\Student\Student->ajaxLoadData()
#2 C:\xampp\htdocs\code\system\CodeIgniter.php(412): CodeIgniter\CodeIgniter->runController(Object(App\Controllers\Student\Student))
#3 C:\xampp\htdocs\code\system\CodeIgniter.php(320): CodeIgniter\CodeIgniter->handleRequest(NULL, Object(Config\Cache), false)
#4 C:\xampp\htdocs\code\public\index.php(37): CodeIgniter\CodeIgniter->run()
#5 {main}
CRITICAL - 2022-03-26 22:18:45 --> Undefined index: draw
#0 C:\xampp\htdocs\code\app\Controllers\Student\Student.php(177): CodeIgniter\Debug\Exceptions->errorHandler(8, 'Undefined index...', 'C:\\xampp\\htdocs...', 177, Array)
#1 C:\xampp\htdocs\code\system\CodeIgniter.php(825): App\Controllers\Student\Student->ajaxLoadData()
#2 C:\xampp\htdocs\code\system\CodeIgniter.php(412): CodeIgniter\CodeIgniter->runController(Object(App\Controllers\Student\Student))
#3 C:\xampp\htdocs\code\system\CodeIgniter.php(320): CodeIgniter\CodeIgniter->handleRequest(NULL, Object(Config\Cache), false)
#4 C:\xampp\htdocs\code\public\index.php(37): CodeIgniter\CodeIgniter->run()
#5 {main}
CRITICAL - 2022-03-26 22:19:42 --> Undefined index: draw
#0 C:\xampp\htdocs\code\app\Controllers\Student\Student.php(177): CodeIgniter\Debug\Exceptions->errorHandler(8, 'Undefined index...', 'C:\\xampp\\htdocs...', 177, Array)
#1 C:\xampp\htdocs\code\system\CodeIgniter.php(825): App\Controllers\Student\Student->ajaxLoadData()
#2 C:\xampp\htdocs\code\system\CodeIgniter.php(412): CodeIgniter\CodeIgniter->runController(Object(App\Controllers\Student\Student))
#3 C:\xampp\htdocs\code\system\CodeIgniter.php(320): CodeIgniter\CodeIgniter->handleRequest(NULL, Object(Config\Cache), false)
#4 C:\xampp\htdocs\code\public\index.php(37): CodeIgniter\CodeIgniter->run()
#5 {main}
CRITICAL - 2022-03-26 22:22:39 --> Undefined index: draw
#0 C:\xampp\htdocs\code\app\Controllers\Student\Student.php(177): CodeIgniter\Debug\Exceptions->errorHandler(8, 'Undefined index...', 'C:\\xampp\\htdocs...', 177, Array)
#1 C:\xampp\htdocs\code\system\CodeIgniter.php(825): App\Controllers\Student\Student->ajaxLoadData()
#2 C:\xampp\htdocs\code\system\CodeIgniter.php(412): CodeIgniter\CodeIgniter->runController(Object(App\Controllers\Student\Student))
#3 C:\xampp\htdocs\code\system\CodeIgniter.php(320): CodeIgniter\CodeIgniter->handleRequest(NULL, Object(Config\Cache), false)
#4 C:\xampp\htdocs\code\public\index.php(37): CodeIgniter\CodeIgniter->run()
#5 {main}
CRITICAL - 2022-03-26 22:22:51 --> Undefined index: draw
#0 C:\xampp\htdocs\code\app\Controllers\Student\Student.php(177): CodeIgniter\Debug\Exceptions->errorHandler(8, 'Undefined index...', 'C:\\xampp\\htdocs...', 177, Array)
#1 C:\xampp\htdocs\code\system\CodeIgniter.php(825): App\Controllers\Student\Student->ajaxLoadData()
#2 C:\xampp\htdocs\code\system\CodeIgniter.php(412): CodeIgniter\CodeIgniter->runController(Object(App\Controllers\Student\Student))
#3 C:\xampp\htdocs\code\system\CodeIgniter.php(320): CodeIgniter\CodeIgniter->handleRequest(NULL, Object(Config\Cache), false)
#4 C:\xampp\htdocs\code\public\index.php(37): CodeIgniter\CodeIgniter->run()
#5 {main}
CRITICAL - 2022-03-26 22:23:11 --> Undefined index: columns
#0 C:\xampp\htdocs\code\app\Controllers\Student\Student.php(178): CodeIgniter\Debug\Exceptions->errorHandler(8, 'Undefined index...', 'C:\\xampp\\htdocs...', 178, Array)
#1 C:\xampp\htdocs\code\system\CodeIgniter.php(825): App\Controllers\Student\Student->ajaxLoadData()
#2 C:\xampp\htdocs\code\system\CodeIgniter.php(412): CodeIgniter\CodeIgniter->runController(Object(App\Controllers\Student\Student))
#3 C:\xampp\htdocs\code\system\CodeIgniter.php(320): CodeIgniter\CodeIgniter->handleRequest(NULL, Object(Config\Cache), false)
#4 C:\xampp\htdocs\code\public\index.php(37): CodeIgniter\CodeIgniter->run()
#5 {main}
CRITICAL - 2022-03-26 22:23:11 --> Undefined variable: params
#0 C:\xampp\htdocs\code\app\Controllers\Student\Student.php(228): CodeIgniter\Debug\Exceptions->errorHandler(8, 'Undefined varia...', 'C:\\xampp\\htdocs...', 228, Array)
#1 C:\xampp\htdocs\code\system\CodeIgniter.php(825): App\Controllers\Student\Student->ajaxLoadData()
#2 C:\xampp\htdocs\code\system\CodeIgniter.php(412): CodeIgniter\CodeIgniter->runController(Object(App\Controllers\Student\Student))
#3 C:\xampp\htdocs\code\system\CodeIgniter.php(320): CodeIgniter\CodeIgniter->handleRequest(NULL, Object(Config\Cache), false)
#4 C:\xampp\htdocs\code\public\index.php(37): CodeIgniter\CodeIgniter->run()
#5 {main}
CRITICAL - 2022-03-26 22:23:58 --> Undefined index: draw
#0 C:\xampp\htdocs\code\app\Controllers\Student\Student.php(177): CodeIgniter\Debug\Exceptions->errorHandler(8, 'Undefined index...', 'C:\\xampp\\htdocs...', 177, Array)
#1 C:\xampp\htdocs\code\system\CodeIgniter.php(825): App\Controllers\Student\Student->ajaxLoadData()
#2 C:\xampp\htdocs\code\system\CodeIgniter.php(412): CodeIgniter\CodeIgniter->runController(Object(App\Controllers\Student\Student))
#3 C:\xampp\htdocs\code\system\CodeIgniter.php(320): CodeIgniter\CodeIgniter->handleRequest(NULL, Object(Config\Cache), false)
#4 C:\xampp\htdocs\code\public\index.php(37): CodeIgniter\CodeIgniter->run()
#5 {main}
CRITICAL - 2022-03-26 22:25:15 --> Undefined index: draw
#0 C:\xampp\htdocs\code\app\Controllers\Student\Student.php(177): CodeIgniter\Debug\Exceptions->errorHandler(8, 'Undefined index...', 'C:\\xampp\\htdocs...', 177, Array)
#1 C:\xampp\htdocs\code\system\CodeIgniter.php(825): App\Controllers\Student\Student->ajaxLoadData()
#2 C:\xampp\htdocs\code\system\CodeIgniter.php(412): CodeIgniter\CodeIgniter->runController(Object(App\Controllers\Student\Student))
#3 C:\xampp\htdocs\code\system\CodeIgniter.php(320): CodeIgniter\CodeIgniter->handleRequest(NULL, Object(Config\Cache), false)
#4 C:\xampp\htdocs\code\public\index.php(37): CodeIgniter\CodeIgniter->run()
#5 {main}
CRITICAL - 2022-03-26 22:25:22 --> Undefined index: draw
#0 C:\xampp\htdocs\code\app\Controllers\Student\Student.php(177): CodeIgniter\Debug\Exceptions->errorHandler(8, 'Undefined index...', 'C:\\xampp\\htdocs...', 177, Array)
#1 C:\xampp\htdocs\code\system\CodeIgniter.php(825): App\Controllers\Student\Student->ajaxLoadData()
#2 C:\xampp\htdocs\code\system\CodeIgniter.php(412): CodeIgniter\CodeIgniter->runController(Object(App\Controllers\Student\Student))
#3 C:\xampp\htdocs\code\system\CodeIgniter.php(320): CodeIgniter\CodeIgniter->handleRequest(NULL, Object(Config\Cache), false)
#4 C:\xampp\htdocs\code\public\index.php(37): CodeIgniter\CodeIgniter->run()
#5 {main}
CRITICAL - 2022-03-26 22:27:30 --> Undefined index: draw
#0 C:\xampp\htdocs\code\app\Controllers\Student\Student.php(177): CodeIgniter\Debug\Exceptions->errorHandler(8, 'Undefined index...', 'C:\\xampp\\htdocs...', 177, Array)
#1 C:\xampp\htdocs\code\system\CodeIgniter.php(825): App\Controllers\Student\Student->ajaxLoadData()
#2 C:\xampp\htdocs\code\system\CodeIgniter.php(412): CodeIgniter\CodeIgniter->runController(Object(App\Controllers\Student\Student))
#3 C:\xampp\htdocs\code\system\CodeIgniter.php(320): CodeIgniter\CodeIgniter->handleRequest(NULL, Object(Config\Cache), false)
#4 C:\xampp\htdocs\code\public\index.php(37): CodeIgniter\CodeIgniter->run()
#5 {main}
CRITICAL - 2022-03-26 22:29:38 --> Undefined index: draw
#0 C:\xampp\htdocs\code\app\Controllers\Student\Student.php(177): CodeIgniter\Debug\Exceptions->errorHandler(8, 'Undefined index...', 'C:\\xampp\\htdocs...', 177, Array)
#1 C:\xampp\htdocs\code\system\CodeIgniter.php(825): App\Controllers\Student\Student->ajaxLoadData()
#2 C:\xampp\htdocs\code\system\CodeIgniter.php(412): CodeIgniter\CodeIgniter->runController(Object(App\Controllers\Student\Student))
#3 C:\xampp\htdocs\code\system\CodeIgniter.php(320): CodeIgniter\CodeIgniter->handleRequest(NULL, Object(Config\Cache), false)
#4 C:\xampp\htdocs\code\public\index.php(37): CodeIgniter\CodeIgniter->run()
#5 {main}
CRITICAL - 2022-03-26 22:33:00 --> Undefined index: columns
#0 C:\xampp\htdocs\code\app\Controllers\Student\Student.php(240): CodeIgniter\Debug\Exceptions->errorHandler(8, 'Undefined index...', 'C:\\xampp\\htdocs...', 240, Array)
#1 C:\xampp\htdocs\code\system\CodeIgniter.php(825): App\Controllers\Student\Student->ajaxLoadData_test()
#2 C:\xampp\htdocs\code\system\CodeIgniter.php(412): CodeIgniter\CodeIgniter->runController(Object(App\Controllers\Student\Student))
#3 C:\xampp\htdocs\code\system\CodeIgniter.php(320): CodeIgniter\CodeIgniter->handleRequest(NULL, Object(Config\Cache), false)
#4 C:\xampp\htdocs\code\public\index.php(37): CodeIgniter\CodeIgniter->run()
#5 {main}
CRITICAL - 2022-03-26 22:41:38 --> Undefined index: draw
#0 C:\xampp\htdocs\code\app\Controllers\Student\Student.php(177): CodeIgniter\Debug\Exceptions->errorHandler(8, 'Undefined index...', 'C:\\xampp\\htdocs...', 177, Array)
#1 C:\xampp\htdocs\code\system\CodeIgniter.php(825): App\Controllers\Student\Student->ajaxLoadData()
#2 C:\xampp\htdocs\code\system\CodeIgniter.php(412): CodeIgniter\CodeIgniter->runController(Object(App\Controllers\Student\Student))
#3 C:\xampp\htdocs\code\system\CodeIgniter.php(320): CodeIgniter\CodeIgniter->handleRequest(NULL, Object(Config\Cache), false)
#4 C:\xampp\htdocs\code\public\index.php(37): CodeIgniter\CodeIgniter->run()
#5 {main}
CRITICAL - 2022-03-26 22:41:43 --> Undefined index: draw
#0 C:\xampp\htdocs\code\app\Controllers\Student\Student.php(177): CodeIgniter\Debug\Exceptions->errorHandler(8, 'Undefined index...', 'C:\\xampp\\htdocs...', 177, Array)
#1 C:\xampp\htdocs\code\system\CodeIgniter.php(825): App\Controllers\Student\Student->ajaxLoadData()
#2 C:\xampp\htdocs\code\system\CodeIgniter.php(412): CodeIgniter\CodeIgniter->runController(Object(App\Controllers\Student\Student))
#3 C:\xampp\htdocs\code\system\CodeIgniter.php(320): CodeIgniter\CodeIgniter->handleRequest(NULL, Object(Config\Cache), false)
#4 C:\xampp\htdocs\code\public\index.php(37): CodeIgniter\CodeIgniter->run()
#5 {main}
CRITICAL - 2022-03-26 22:42:38 --> Undefined index: draw
#0 C:\xampp\htdocs\code\app\Controllers\Student\Student.php(177): CodeIgniter\Debug\Exceptions->errorHandler(8, 'Undefined index...', 'C:\\xampp\\htdocs...', 177, Array)
#1 C:\xampp\htdocs\code\system\CodeIgniter.php(825): App\Controllers\Student\Student->ajaxLoadData()
#2 C:\xampp\htdocs\code\system\CodeIgniter.php(412): CodeIgniter\CodeIgniter->runController(Object(App\Controllers\Student\Student))
#3 C:\xampp\htdocs\code\system\CodeIgniter.php(320): CodeIgniter\CodeIgniter->handleRequest(NULL, Object(Config\Cache), false)
#4 C:\xampp\htdocs\code\public\index.php(37): CodeIgniter\CodeIgniter->run()
#5 {main}
CRITICAL - 2022-03-26 22:43:25 --> Undefined index: draw
#0 C:\xampp\htdocs\code\app\Controllers\Student\Student.php(177): CodeIgniter\Debug\Exceptions->errorHandler(8, 'Undefined index...', 'C:\\xampp\\htdocs...', 177, Array)
#1 C:\xampp\htdocs\code\system\CodeIgniter.php(825): App\Controllers\Student\Student->ajaxLoadData()
#2 C:\xampp\htdocs\code\system\CodeIgniter.php(412): CodeIgniter\CodeIgniter->runController(Object(App\Controllers\Student\Student))
#3 C:\xampp\htdocs\code\system\CodeIgniter.php(320): CodeIgniter\CodeIgniter->handleRequest(NULL, Object(Config\Cache), false)
#4 C:\xampp\htdocs\code\public\index.php(37): CodeIgniter\CodeIgniter->run()
#5 {main}
CRITICAL - 2022-03-26 22:53:43 --> Undefined index: draw
#0 C:\xampp\htdocs\code\app\Controllers\Student\Student.php(177): CodeIgniter\Debug\Exceptions->errorHandler(8, 'Undefined index...', 'C:\\xampp\\htdocs...', 177, Array)
#1 C:\xampp\htdocs\code\system\CodeIgniter.php(825): App\Controllers\Student\Student->ajaxLoadData()
#2 C:\xampp\htdocs\code\system\CodeIgniter.php(412): CodeIgniter\CodeIgniter->runController(Object(App\Controllers\Student\Student))
#3 C:\xampp\htdocs\code\system\CodeIgniter.php(320): CodeIgniter\CodeIgniter->handleRequest(NULL, Object(Config\Cache), false)
#4 C:\xampp\htdocs\code\public\index.php(37): CodeIgniter\CodeIgniter->run()
#5 {main}
