CRITICAL - 2022-03-05 15:25:11 --> Undefined property: App\Controllers\Student\Student::$input
#0 C:\xampp\htdocs\code\app\Controllers\Student\Student.php(29): CodeIgniter\Debug\Exceptions->errorHandler(8, 'Undefined prope...', 'C:\\xampp\\htdocs...', 29, Array)
#1 C:\xampp\htdocs\code\system\CodeIgniter.php(825): App\Controllers\Student\Student->store()
#2 C:\xampp\htdocs\code\system\CodeIgniter.php(412): CodeIgniter\CodeIgniter->runController(Object(App\Controllers\Student\Student))
#3 C:\xampp\htdocs\code\system\CodeIgniter.php(320): CodeIgniter\CodeIgniter->handleRequest(NULL, Object(Config\Cache), false)
#4 C:\xampp\htdocs\code\public\index.php(37): CodeIgniter\CodeIgniter->run()
#5 {main}
CRITICAL - 2022-03-05 15:25:26 --> Undefined property: App\Controllers\Student\Student::$input
#0 C:\xampp\htdocs\code\app\Controllers\Student\Student.php(29): CodeIgniter\Debug\Exceptions->errorHandler(8, 'Undefined prope...', 'C:\\xampp\\htdocs...', 29, Array)
#1 C:\xampp\htdocs\code\system\CodeIgniter.php(825): App\Controllers\Student\Student->store()
#2 C:\xampp\htdocs\code\system\CodeIgniter.php(412): CodeIgniter\CodeIgniter->runController(Object(App\Controllers\Student\Student))
#3 C:\xampp\htdocs\code\system\CodeIgniter.php(320): CodeIgniter\CodeIgniter->handleRequest(NULL, Object(Config\Cache), false)
#4 C:\xampp\htdocs\code\public\index.php(37): CodeIgniter\CodeIgniter->run()
#5 {main}
CRITICAL - 2022-03-05 15:26:43 --> Undefined property: App\Controllers\Student\Student::$input
#0 C:\xampp\htdocs\code\app\Controllers\Student\Student.php(29): CodeIgniter\Debug\Exceptions->errorHandler(8, 'Undefined prope...', 'C:\\xampp\\htdocs...', 29, Array)
#1 C:\xampp\htdocs\code\system\CodeIgniter.php(825): App\Controllers\Student\Student->store()
#2 C:\xampp\htdocs\code\system\CodeIgniter.php(412): CodeIgniter\CodeIgniter->runController(Object(App\Controllers\Student\Student))
#3 C:\xampp\htdocs\code\system\CodeIgniter.php(320): CodeIgniter\CodeIgniter->handleRequest(NULL, Object(Config\Cache), false)
#4 C:\xampp\htdocs\code\public\index.php(37): CodeIgniter\CodeIgniter->run()
#5 {main}
CRITICAL - 2022-03-05 15:27:21 --> Undefined property: App\Controllers\Student\Student::$input
#0 C:\xampp\htdocs\code\app\Controllers\Student\Student.php(29): CodeIgniter\Debug\Exceptions->errorHandler(8, 'Undefined prope...', 'C:\\xampp\\htdocs...', 29, Array)
#1 C:\xampp\htdocs\code\system\CodeIgniter.php(825): App\Controllers\Student\Student->store()
#2 C:\xampp\htdocs\code\system\CodeIgniter.php(412): CodeIgniter\CodeIgniter->runController(Object(App\Controllers\Student\Student))
#3 C:\xampp\htdocs\code\system\CodeIgniter.php(320): CodeIgniter\CodeIgniter->handleRequest(NULL, Object(Config\Cache), false)
#4 C:\xampp\htdocs\code\public\index.php(37): CodeIgniter\CodeIgniter->run()
#5 {main}
CRITICAL - 2022-03-05 15:29:29 --> Undefined property: App\Controllers\Student\Student::$input
#0 C:\xampp\htdocs\code\app\Controllers\Student\Student.php(29): CodeIgniter\Debug\Exceptions->errorHandler(8, 'Undefined prope...', 'C:\\xampp\\htdocs...', 29, Array)
#1 C:\xampp\htdocs\code\system\CodeIgniter.php(825): App\Controllers\Student\Student->store()
#2 C:\xampp\htdocs\code\system\CodeIgniter.php(412): CodeIgniter\CodeIgniter->runController(Object(App\Controllers\Student\Student))
#3 C:\xampp\htdocs\code\system\CodeIgniter.php(320): CodeIgniter\CodeIgniter->handleRequest(NULL, Object(Config\Cache), false)
#4 C:\xampp\htdocs\code\public\index.php(37): CodeIgniter\CodeIgniter->run()
#5 {main}
CRITICAL - 2022-03-05 15:31:01 --> Undefined property: App\Controllers\Student\Student::$input
#0 C:\xampp\htdocs\code\app\Controllers\Student\Student.php(29): CodeIgniter\Debug\Exceptions->errorHandler(8, 'Undefined prope...', 'C:\\xampp\\htdocs...', 29, Array)
#1 C:\xampp\htdocs\code\system\CodeIgniter.php(825): App\Controllers\Student\Student->store()
#2 C:\xampp\htdocs\code\system\CodeIgniter.php(412): CodeIgniter\CodeIgniter->runController(Object(App\Controllers\Student\Student))
#3 C:\xampp\htdocs\code\system\CodeIgniter.php(320): CodeIgniter\CodeIgniter->handleRequest(NULL, Object(Config\Cache), false)
#4 C:\xampp\htdocs\code\public\index.php(37): CodeIgniter\CodeIgniter->run()
#5 {main}
CRITICAL - 2022-03-05 15:31:47 --> Undefined property: App\Controllers\Student\Student::$input
#0 C:\xampp\htdocs\code\app\Controllers\Student\Student.php(29): CodeIgniter\Debug\Exceptions->errorHandler(8, 'Undefined prope...', 'C:\\xampp\\htdocs...', 29, Array)
#1 C:\xampp\htdocs\code\system\CodeIgniter.php(825): App\Controllers\Student\Student->store()
#2 C:\xampp\htdocs\code\system\CodeIgniter.php(412): CodeIgniter\CodeIgniter->runController(Object(App\Controllers\Student\Student))
#3 C:\xampp\htdocs\code\system\CodeIgniter.php(320): CodeIgniter\CodeIgniter->handleRequest(NULL, Object(Config\Cache), false)
#4 C:\xampp\htdocs\code\public\index.php(37): CodeIgniter\CodeIgniter->run()
#5 {main}
CRITICAL - 2022-03-05 15:32:58 --> Undefined property: App\Controllers\Student\Student::$input
#0 C:\xampp\htdocs\code\app\Controllers\Student\Student.php(29): CodeIgniter\Debug\Exceptions->errorHandler(8, 'Undefined prope...', 'C:\\xampp\\htdocs...', 29, Array)
#1 C:\xampp\htdocs\code\system\CodeIgniter.php(825): App\Controllers\Student\Student->store()
#2 C:\xampp\htdocs\code\system\CodeIgniter.php(412): CodeIgniter\CodeIgniter->runController(Object(App\Controllers\Student\Student))
#3 C:\xampp\htdocs\code\system\CodeIgniter.php(320): CodeIgniter\CodeIgniter->handleRequest(NULL, Object(Config\Cache), false)
#4 C:\xampp\htdocs\code\public\index.php(37): CodeIgniter\CodeIgniter->run()
#5 {main}
CRITICAL - 2022-03-05 15:36:18 --> Undefined property: App\Controllers\Student\Student::$input
#0 C:\xampp\htdocs\code\app\Controllers\Student\Student.php(29): CodeIgniter\Debug\Exceptions->errorHandler(8, 'Undefined prope...', 'C:\\xampp\\htdocs...', 29, Array)
#1 C:\xampp\htdocs\code\system\CodeIgniter.php(825): App\Controllers\Student\Student->store()
#2 C:\xampp\htdocs\code\system\CodeIgniter.php(412): CodeIgniter\CodeIgniter->runController(Object(App\Controllers\Student\Student))
#3 C:\xampp\htdocs\code\system\CodeIgniter.php(320): CodeIgniter\CodeIgniter->handleRequest(NULL, Object(Config\Cache), false)
#4 C:\xampp\htdocs\code\public\index.php(37): CodeIgniter\CodeIgniter->run()
#5 {main}
CRITICAL - 2022-03-05 21:27:18 --> Undefined property: App\Controllers\Student\Student::$input
#0 C:\xampp\htdocs\code\app\Controllers\Student\Student.php(29): CodeIgniter\Debug\Exceptions->errorHandler(8, 'Undefined prope...', 'C:\\xampp\\htdocs...', 29, Array)
#1 C:\xampp\htdocs\code\system\CodeIgniter.php(825): App\Controllers\Student\Student->store()
#2 C:\xampp\htdocs\code\system\CodeIgniter.php(412): CodeIgniter\CodeIgniter->runController(Object(App\Controllers\Student\Student))
#3 C:\xampp\htdocs\code\system\CodeIgniter.php(320): CodeIgniter\CodeIgniter->handleRequest(NULL, Object(Config\Cache), false)
#4 C:\xampp\htdocs\code\public\index.php(37): CodeIgniter\CodeIgniter->run()
#5 {main}
CRITICAL - 2022-03-05 21:28:58 --> Undefined property: App\Controllers\Student\Student::$input
#0 C:\xampp\htdocs\code\app\Controllers\Student\Student.php(29): CodeIgniter\Debug\Exceptions->errorHandler(8, 'Undefined prope...', 'C:\\xampp\\htdocs...', 29, Array)
#1 C:\xampp\htdocs\code\system\CodeIgniter.php(825): App\Controllers\Student\Student->store()
#2 C:\xampp\htdocs\code\system\CodeIgniter.php(412): CodeIgniter\CodeIgniter->runController(Object(App\Controllers\Student\Student))
#3 C:\xampp\htdocs\code\system\CodeIgniter.php(320): CodeIgniter\CodeIgniter->handleRequest(NULL, Object(Config\Cache), false)
#4 C:\xampp\htdocs\code\public\index.php(37): CodeIgniter\CodeIgniter->run()
#5 {main}
CRITICAL - 2022-03-05 21:31:12 --> Undefined property: App\Controllers\Student\Student::$input
#0 C:\xampp\htdocs\code\app\Controllers\Student\Student.php(29): CodeIgniter\Debug\Exceptions->errorHandler(8, 'Undefined prope...', 'C:\\xampp\\htdocs...', 29, Array)
#1 C:\xampp\htdocs\code\system\CodeIgniter.php(825): App\Controllers\Student\Student->store()
#2 C:\xampp\htdocs\code\system\CodeIgniter.php(412): CodeIgniter\CodeIgniter->runController(Object(App\Controllers\Student\Student))
#3 C:\xampp\htdocs\code\system\CodeIgniter.php(320): CodeIgniter\CodeIgniter->handleRequest(NULL, Object(Config\Cache), false)
#4 C:\xampp\htdocs\code\public\index.php(37): CodeIgniter\CodeIgniter->run()
#5 {main}
CRITICAL - 2022-03-05 21:45:34 --> Undefined property: App\Controllers\Student\Student::$input
#0 C:\xampp\htdocs\code\app\Controllers\Student\Student.php(29): CodeIgniter\Debug\Exceptions->errorHandler(8, 'Undefined prope...', 'C:\\xampp\\htdocs...', 29, Array)
#1 C:\xampp\htdocs\code\system\CodeIgniter.php(825): App\Controllers\Student\Student->store()
#2 C:\xampp\htdocs\code\system\CodeIgniter.php(412): CodeIgniter\CodeIgniter->runController(Object(App\Controllers\Student\Student))
#3 C:\xampp\htdocs\code\system\CodeIgniter.php(320): CodeIgniter\CodeIgniter->handleRequest(NULL, Object(Config\Cache), false)
#4 C:\xampp\htdocs\code\public\index.php(37): CodeIgniter\CodeIgniter->run()
#5 {main}
CRITICAL - 2022-03-05 21:46:03 --> Undefined property: App\Controllers\Student\Student::$input
#0 C:\xampp\htdocs\code\app\Controllers\Student\Student.php(29): CodeIgniter\Debug\Exceptions->errorHandler(8, 'Undefined prope...', 'C:\\xampp\\htdocs...', 29, Array)
#1 C:\xampp\htdocs\code\system\CodeIgniter.php(825): App\Controllers\Student\Student->store()
#2 C:\xampp\htdocs\code\system\CodeIgniter.php(412): CodeIgniter\CodeIgniter->runController(Object(App\Controllers\Student\Student))
#3 C:\xampp\htdocs\code\system\CodeIgniter.php(320): CodeIgniter\CodeIgniter->handleRequest(NULL, Object(Config\Cache), false)
#4 C:\xampp\htdocs\code\public\index.php(37): CodeIgniter\CodeIgniter->run()
#5 {main}
CRITICAL - 2022-03-05 21:51:03 --> Undefined property: App\Controllers\Student\Student::$input
#0 C:\xampp\htdocs\code\app\Controllers\Student\Student.php(30): CodeIgniter\Debug\Exceptions->errorHandler(8, 'Undefined prope...', 'C:\\xampp\\htdocs...', 30, Array)
#1 C:\xampp\htdocs\code\system\CodeIgniter.php(825): App\Controllers\Student\Student->store()
#2 C:\xampp\htdocs\code\system\CodeIgniter.php(412): CodeIgniter\CodeIgniter->runController(Object(App\Controllers\Student\Student))
#3 C:\xampp\htdocs\code\system\CodeIgniter.php(320): CodeIgniter\CodeIgniter->handleRequest(NULL, Object(Config\Cache), false)
#4 C:\xampp\htdocs\code\public\index.php(37): CodeIgniter\CodeIgniter->run()
#5 {main}
