CRITICAL - 2022-03-29 12:50:19 --> Undefined index: Length
#0 C:\xampp\htdocs\code\app\Libraries\Datatable.php(22): CodeIgniter\Debug\Exceptions->errorHandler(8, 'Undefined index...', 'C:\\xampp\\htdocs...', 22, Array)
#1 C:\xampp\htdocs\code\app\Controllers\Student\Student.php(184): App\Libraries\Datatable->getResponse(Array)
#2 C:\xampp\htdocs\code\system\CodeIgniter.php(825): App\Controllers\Student\Student->ajaxLoadData()
#3 C:\xampp\htdocs\code\system\CodeIgniter.php(412): CodeIgniter\CodeIgniter->runController(Object(App\Controllers\Student\Student))
#4 C:\xampp\htdocs\code\system\CodeIgniter.php(320): CodeIgniter\CodeIgniter->handleRequest(NULL, Object(Config\Cache), false)
#5 C:\xampp\htdocs\code\public\index.php(37): CodeIgniter\CodeIgniter->run()
#6 {main}
CRITICAL - 2022-03-29 12:50:48 --> Undefined index: Length
#0 C:\xampp\htdocs\code\app\Libraries\Datatable.php(22): CodeIgniter\Debug\Exceptions->errorHandler(8, 'Undefined index...', 'C:\\xampp\\htdocs...', 22, Array)
#1 C:\xampp\htdocs\code\app\Controllers\Student\Student.php(184): App\Libraries\Datatable->getResponse(Array)
#2 C:\xampp\htdocs\code\system\CodeIgniter.php(825): App\Controllers\Student\Student->ajaxLoadData()
#3 C:\xampp\htdocs\code\system\CodeIgniter.php(412): CodeIgniter\CodeIgniter->runController(Object(App\Controllers\Student\Student))
#4 C:\xampp\htdocs\code\system\CodeIgniter.php(320): CodeIgniter\CodeIgniter->handleRequest(NULL, Object(Config\Cache), false)
#5 C:\xampp\htdocs\code\public\index.php(37): CodeIgniter\CodeIgniter->run()
#6 {main}
CRITICAL - 2022-03-29 13:01:05 --> Return value of CodeIgniter\Pager\Pager::getTotal() must be of the type int, null returned
#0 C:\xampp\htdocs\code\app\Libraries\Datatable.php(35): CodeIgniter\Pager\Pager->getTotal()
#1 C:\xampp\htdocs\code\app\Controllers\Student\Student.php(237): App\Libraries\Datatable->getResponse(Array)
#2 C:\xampp\htdocs\code\system\CodeIgniter.php(825): App\Controllers\Student\Student->ajaxLoadData()
#3 C:\xampp\htdocs\code\system\CodeIgniter.php(412): CodeIgniter\CodeIgniter->runController(Object(App\Controllers\Student\Student))
#4 C:\xampp\htdocs\code\system\CodeIgniter.php(320): CodeIgniter\CodeIgniter->handleRequest(NULL, Object(Config\Cache), false)
#5 C:\xampp\htdocs\code\public\index.php(37): CodeIgniter\CodeIgniter->run()
#6 {main}
ERROR - 2022-03-29 13:03:38 --> You have an error in your SQL syntax; check the manual that corresponds to your MariaDB server version for the right syntax to use near '-1' at line 3
CRITICAL - 2022-03-29 13:03:38 --> You have an error in your SQL syntax; check the manual that corresponds to your MariaDB server version for the right syntax to use near '-1' at line 3
#0 C:\xampp\htdocs\code\system\Database\MySQLi\Connection.php(292): mysqli->query('SELECT *\nFROM `...', 0)
#1 C:\xampp\htdocs\code\system\Database\BaseConnection.php(670): CodeIgniter\Database\MySQLi\Connection->execute('SELECT *\nFROM `...')
#2 C:\xampp\htdocs\code\system\Database\BaseConnection.php(598): CodeIgniter\Database\BaseConnection->simpleQuery('SELECT *\nFROM `...')
#3 C:\xampp\htdocs\code\system\Database\BaseBuilder.php(1455): CodeIgniter\Database\BaseConnection->query('SELECT *\nFROM `...', Array, false)
#4 C:\xampp\htdocs\code\system\Model.php(183): CodeIgniter\Database\BaseBuilder->get()
#5 C:\xampp\htdocs\code\system\BaseModel.php(584): CodeIgniter\Model->doFindAll(-1, 11)
#6 C:\xampp\htdocs\code\system\BaseModel.php(1088): CodeIgniter\BaseModel->findAll(-1, 11)
#7 C:\xampp\htdocs\code\app\Libraries\Datatable.php(30): CodeIgniter\BaseModel->paginate(-1, 'gp1', 2)
#8 C:\xampp\htdocs\code\app\Controllers\Student\Student.php(238): App\Libraries\Datatable->getResponse(Array)
#9 C:\xampp\htdocs\code\system\CodeIgniter.php(825): App\Controllers\Student\Student->ajaxLoadData()
#10 C:\xampp\htdocs\code\system\CodeIgniter.php(412): CodeIgniter\CodeIgniter->runController(Object(App\Controllers\Student\Student))
#11 C:\xampp\htdocs\code\system\CodeIgniter.php(320): CodeIgniter\CodeIgniter->handleRequest(NULL, Object(Config\Cache), false)
#12 C:\xampp\htdocs\code\public\index.php(37): CodeIgniter\CodeIgniter->run()
#13 {main}
ERROR - 2022-03-29 13:03:43 --> You have an error in your SQL syntax; check the manual that corresponds to your MariaDB server version for the right syntax to use near '-1' at line 3
CRITICAL - 2022-03-29 13:03:43 --> You have an error in your SQL syntax; check the manual that corresponds to your MariaDB server version for the right syntax to use near '-1' at line 3
#0 C:\xampp\htdocs\code\system\Database\MySQLi\Connection.php(292): mysqli->query('SELECT *\nFROM `...', 0)
#1 C:\xampp\htdocs\code\system\Database\BaseConnection.php(670): CodeIgniter\Database\MySQLi\Connection->execute('SELECT *\nFROM `...')
#2 C:\xampp\htdocs\code\system\Database\BaseConnection.php(598): CodeIgniter\Database\BaseConnection->simpleQuery('SELECT *\nFROM `...')
#3 C:\xampp\htdocs\code\system\Database\BaseBuilder.php(1455): CodeIgniter\Database\BaseConnection->query('SELECT *\nFROM `...', Array, false)
#4 C:\xampp\htdocs\code\system\Model.php(183): CodeIgniter\Database\BaseBuilder->get()
#5 C:\xampp\htdocs\code\system\BaseModel.php(584): CodeIgniter\Model->doFindAll(-1, 11)
#6 C:\xampp\htdocs\code\system\BaseModel.php(1088): CodeIgniter\BaseModel->findAll(-1, 11)
#7 C:\xampp\htdocs\code\app\Libraries\Datatable.php(30): CodeIgniter\BaseModel->paginate(-1, 'gp1', 2)
#8 C:\xampp\htdocs\code\app\Controllers\Student\Student.php(238): App\Libraries\Datatable->getResponse(Array)
#9 C:\xampp\htdocs\code\system\CodeIgniter.php(825): App\Controllers\Student\Student->ajaxLoadData()
#10 C:\xampp\htdocs\code\system\CodeIgniter.php(412): CodeIgniter\CodeIgniter->runController(Object(App\Controllers\Student\Student))
#11 C:\xampp\htdocs\code\system\CodeIgniter.php(320): CodeIgniter\CodeIgniter->handleRequest(NULL, Object(Config\Cache), false)
#12 C:\xampp\htdocs\code\public\index.php(37): CodeIgniter\CodeIgniter->run()
#13 {main}
ERROR - 2022-03-29 13:51:21 --> You have an error in your SQL syntax; check the manual that corresponds to your MariaDB server version for the right syntax to use near '-1' at line 4
CRITICAL - 2022-03-29 13:51:21 --> You have an error in your SQL syntax; check the manual that corresponds to your MariaDB server version for the right syntax to use near '-1' at line 4
#0 C:\xampp\htdocs\code\system\Database\MySQLi\Connection.php(292): mysqli->query('SELECT *\nFROM `...', 0)
#1 C:\xampp\htdocs\code\system\Database\BaseConnection.php(670): CodeIgniter\Database\MySQLi\Connection->execute('SELECT *\nFROM `...')
#2 C:\xampp\htdocs\code\system\Database\BaseConnection.php(598): CodeIgniter\Database\BaseConnection->simpleQuery('SELECT *\nFROM `...')
#3 C:\xampp\htdocs\code\system\Database\BaseBuilder.php(1455): CodeIgniter\Database\BaseConnection->query('SELECT *\nFROM `...', Array, false)
#4 C:\xampp\htdocs\code\system\Model.php(183): CodeIgniter\Database\BaseBuilder->get()
#5 C:\xampp\htdocs\code\system\BaseModel.php(584): CodeIgniter\Model->doFindAll(-1, 11)
#6 C:\xampp\htdocs\code\system\BaseModel.php(1088): CodeIgniter\BaseModel->findAll(-1, 11)
#7 C:\xampp\htdocs\code\app\Libraries\Datatable.php(37): CodeIgniter\BaseModel->paginate(-1, 'gp1', 2)
#8 C:\xampp\htdocs\code\app\Controllers\Student\Student.php(243): App\Libraries\Datatable->getResponse(Array)
#9 C:\xampp\htdocs\code\system\CodeIgniter.php(825): App\Controllers\Student\Student->ajaxLoadData()
#10 C:\xampp\htdocs\code\system\CodeIgniter.php(412): CodeIgniter\CodeIgniter->runController(Object(App\Controllers\Student\Student))
#11 C:\xampp\htdocs\code\system\CodeIgniter.php(320): CodeIgniter\CodeIgniter->handleRequest(NULL, Object(Config\Cache), false)
#12 C:\xampp\htdocs\code\public\index.php(37): CodeIgniter\CodeIgniter->run()
#13 {main}
ERROR - 2022-03-29 13:51:34 --> You have an error in your SQL syntax; check the manual that corresponds to your MariaDB server version for the right syntax to use near '-1' at line 4
CRITICAL - 2022-03-29 13:51:34 --> You have an error in your SQL syntax; check the manual that corresponds to your MariaDB server version for the right syntax to use near '-1' at line 4
#0 C:\xampp\htdocs\code\system\Database\MySQLi\Connection.php(292): mysqli->query('SELECT *\nFROM `...', 0)
#1 C:\xampp\htdocs\code\system\Database\BaseConnection.php(670): CodeIgniter\Database\MySQLi\Connection->execute('SELECT *\nFROM `...')
#2 C:\xampp\htdocs\code\system\Database\BaseConnection.php(598): CodeIgniter\Database\BaseConnection->simpleQuery('SELECT *\nFROM `...')
#3 C:\xampp\htdocs\code\system\Database\BaseBuilder.php(1455): CodeIgniter\Database\BaseConnection->query('SELECT *\nFROM `...', Array, false)
#4 C:\xampp\htdocs\code\system\Model.php(183): CodeIgniter\Database\BaseBuilder->get()
#5 C:\xampp\htdocs\code\system\BaseModel.php(584): CodeIgniter\Model->doFindAll(-1, 11)
#6 C:\xampp\htdocs\code\system\BaseModel.php(1088): CodeIgniter\BaseModel->findAll(-1, 11)
#7 C:\xampp\htdocs\code\app\Libraries\Datatable.php(37): CodeIgniter\BaseModel->paginate(-1, 'gp1', 2)
#8 C:\xampp\htdocs\code\app\Controllers\Student\Student.php(243): App\Libraries\Datatable->getResponse(Array)
#9 C:\xampp\htdocs\code\system\CodeIgniter.php(825): App\Controllers\Student\Student->ajaxLoadData()
#10 C:\xampp\htdocs\code\system\CodeIgniter.php(412): CodeIgniter\CodeIgniter->runController(Object(App\Controllers\Student\Student))
#11 C:\xampp\htdocs\code\system\CodeIgniter.php(320): CodeIgniter\CodeIgniter->handleRequest(NULL, Object(Config\Cache), false)
#12 C:\xampp\htdocs\code\public\index.php(37): CodeIgniter\CodeIgniter->run()
#13 {main}
ERROR - 2022-03-29 13:52:47 --> You have an error in your SQL syntax; check the manual that corresponds to your MariaDB server version for the right syntax to use near '-1' at line 4
CRITICAL - 2022-03-29 13:52:47 --> You have an error in your SQL syntax; check the manual that corresponds to your MariaDB server version for the right syntax to use near '-1' at line 4
#0 C:\xampp\htdocs\code\system\Database\MySQLi\Connection.php(292): mysqli->query('SELECT *\nFROM `...', 0)
#1 C:\xampp\htdocs\code\system\Database\BaseConnection.php(670): CodeIgniter\Database\MySQLi\Connection->execute('SELECT *\nFROM `...')
#2 C:\xampp\htdocs\code\system\Database\BaseConnection.php(598): CodeIgniter\Database\BaseConnection->simpleQuery('SELECT *\nFROM `...')
#3 C:\xampp\htdocs\code\system\Database\BaseBuilder.php(1455): CodeIgniter\Database\BaseConnection->query('SELECT *\nFROM `...', Array, false)
#4 C:\xampp\htdocs\code\system\Model.php(183): CodeIgniter\Database\BaseBuilder->get()
#5 C:\xampp\htdocs\code\system\BaseModel.php(584): CodeIgniter\Model->doFindAll(-1, 11)
#6 C:\xampp\htdocs\code\system\BaseModel.php(1088): CodeIgniter\BaseModel->findAll(-1, 11)
#7 C:\xampp\htdocs\code\app\Libraries\Datatable.php(37): CodeIgniter\BaseModel->paginate(-1, 'gp1', 2)
#8 C:\xampp\htdocs\code\app\Controllers\Student\Student.php(243): App\Libraries\Datatable->getResponse(Array)
#9 C:\xampp\htdocs\code\system\CodeIgniter.php(825): App\Controllers\Student\Student->ajaxLoadData()
#10 C:\xampp\htdocs\code\system\CodeIgniter.php(412): CodeIgniter\CodeIgniter->runController(Object(App\Controllers\Student\Student))
#11 C:\xampp\htdocs\code\system\CodeIgniter.php(320): CodeIgniter\CodeIgniter->handleRequest(NULL, Object(Config\Cache), false)
#12 C:\xampp\htdocs\code\public\index.php(37): CodeIgniter\CodeIgniter->run()
#13 {main}
ERROR - 2022-03-29 13:56:55 --> You have an error in your SQL syntax; check the manual that corresponds to your MariaDB server version for the right syntax to use near '-1' at line 4
CRITICAL - 2022-03-29 13:56:55 --> You have an error in your SQL syntax; check the manual that corresponds to your MariaDB server version for the right syntax to use near '-1' at line 4
#0 C:\xampp\htdocs\code\system\Database\MySQLi\Connection.php(292): mysqli->query('SELECT *\nFROM `...', 0)
#1 C:\xampp\htdocs\code\system\Database\BaseConnection.php(670): CodeIgniter\Database\MySQLi\Connection->execute('SELECT *\nFROM `...')
#2 C:\xampp\htdocs\code\system\Database\BaseConnection.php(598): CodeIgniter\Database\BaseConnection->simpleQuery('SELECT *\nFROM `...')
#3 C:\xampp\htdocs\code\system\Database\BaseBuilder.php(1455): CodeIgniter\Database\BaseConnection->query('SELECT *\nFROM `...', Array, false)
#4 C:\xampp\htdocs\code\system\Model.php(183): CodeIgniter\Database\BaseBuilder->get()
#5 C:\xampp\htdocs\code\system\BaseModel.php(584): CodeIgniter\Model->doFindAll(-1, 11)
#6 C:\xampp\htdocs\code\system\BaseModel.php(1088): CodeIgniter\BaseModel->findAll(-1, 11)
#7 C:\xampp\htdocs\code\app\Libraries\Datatable.php(37): CodeIgniter\BaseModel->paginate(-1, 'gp1', 2)
#8 C:\xampp\htdocs\code\app\Controllers\Student\Student.php(243): App\Libraries\Datatable->getResponse(Array)
#9 C:\xampp\htdocs\code\system\CodeIgniter.php(825): App\Controllers\Student\Student->ajaxLoadData()
#10 C:\xampp\htdocs\code\system\CodeIgniter.php(412): CodeIgniter\CodeIgniter->runController(Object(App\Controllers\Student\Student))
#11 C:\xampp\htdocs\code\system\CodeIgniter.php(320): CodeIgniter\CodeIgniter->handleRequest(NULL, Object(Config\Cache), false)
#12 C:\xampp\htdocs\code\public\index.php(37): CodeIgniter\CodeIgniter->run()
#13 {main}
ERROR - 2022-03-29 13:58:57 --> You have an error in your SQL syntax; check the manual that corresponds to your MariaDB server version for the right syntax to use near '-1' at line 4
CRITICAL - 2022-03-29 13:58:57 --> You have an error in your SQL syntax; check the manual that corresponds to your MariaDB server version for the right syntax to use near '-1' at line 4
#0 C:\xampp\htdocs\code\system\Database\MySQLi\Connection.php(292): mysqli->query('SELECT *\nFROM `...', 0)
#1 C:\xampp\htdocs\code\system\Database\BaseConnection.php(670): CodeIgniter\Database\MySQLi\Connection->execute('SELECT *\nFROM `...')
#2 C:\xampp\htdocs\code\system\Database\BaseConnection.php(598): CodeIgniter\Database\BaseConnection->simpleQuery('SELECT *\nFROM `...')
#3 C:\xampp\htdocs\code\system\Database\BaseBuilder.php(1455): CodeIgniter\Database\BaseConnection->query('SELECT *\nFROM `...', Array, false)
#4 C:\xampp\htdocs\code\system\Model.php(183): CodeIgniter\Database\BaseBuilder->get()
#5 C:\xampp\htdocs\code\system\BaseModel.php(584): CodeIgniter\Model->doFindAll(-1, 11)
#6 C:\xampp\htdocs\code\system\BaseModel.php(1088): CodeIgniter\BaseModel->findAll(-1, 11)
#7 C:\xampp\htdocs\code\app\Libraries\Datatable.php(37): CodeIgniter\BaseModel->paginate(-1, 'gp1', 2)
#8 C:\xampp\htdocs\code\app\Controllers\Student\Student.php(243): App\Libraries\Datatable->getResponse(Array)
#9 C:\xampp\htdocs\code\system\CodeIgniter.php(825): App\Controllers\Student\Student->ajaxLoadData()
#10 C:\xampp\htdocs\code\system\CodeIgniter.php(412): CodeIgniter\CodeIgniter->runController(Object(App\Controllers\Student\Student))
#11 C:\xampp\htdocs\code\system\CodeIgniter.php(320): CodeIgniter\CodeIgniter->handleRequest(NULL, Object(Config\Cache), false)
#12 C:\xampp\htdocs\code\public\index.php(37): CodeIgniter\CodeIgniter->run()
#13 {main}
ERROR - 2022-03-29 14:00:35 --> You have an error in your SQL syntax; check the manual that corresponds to your MariaDB server version for the right syntax to use near '-1' at line 4
CRITICAL - 2022-03-29 14:00:35 --> You have an error in your SQL syntax; check the manual that corresponds to your MariaDB server version for the right syntax to use near '-1' at line 4
#0 C:\xampp\htdocs\code\system\Database\MySQLi\Connection.php(292): mysqli->query('SELECT *\nFROM `...', 0)
#1 C:\xampp\htdocs\code\system\Database\BaseConnection.php(670): CodeIgniter\Database\MySQLi\Connection->execute('SELECT *\nFROM `...')
#2 C:\xampp\htdocs\code\system\Database\BaseConnection.php(598): CodeIgniter\Database\BaseConnection->simpleQuery('SELECT *\nFROM `...')
#3 C:\xampp\htdocs\code\system\Database\BaseBuilder.php(1455): CodeIgniter\Database\BaseConnection->query('SELECT *\nFROM `...', Array, false)
#4 C:\xampp\htdocs\code\system\Model.php(183): CodeIgniter\Database\BaseBuilder->get()
#5 C:\xampp\htdocs\code\system\BaseModel.php(584): CodeIgniter\Model->doFindAll(-1, 11)
#6 C:\xampp\htdocs\code\system\BaseModel.php(1088): CodeIgniter\BaseModel->findAll(-1, 11)
#7 C:\xampp\htdocs\code\app\Libraries\Datatable.php(37): CodeIgniter\BaseModel->paginate(-1, 'gp1', 2)
#8 C:\xampp\htdocs\code\app\Controllers\Student\Student.php(243): App\Libraries\Datatable->getResponse(Array)
#9 C:\xampp\htdocs\code\system\CodeIgniter.php(825): App\Controllers\Student\Student->ajaxLoadData()
#10 C:\xampp\htdocs\code\system\CodeIgniter.php(412): CodeIgniter\CodeIgniter->runController(Object(App\Controllers\Student\Student))
#11 C:\xampp\htdocs\code\system\CodeIgniter.php(320): CodeIgniter\CodeIgniter->handleRequest(NULL, Object(Config\Cache), false)
#12 C:\xampp\htdocs\code\public\index.php(37): CodeIgniter\CodeIgniter->run()
#13 {main}
ERROR - 2022-03-29 14:01:59 --> You have an error in your SQL syntax; check the manual that corresponds to your MariaDB server version for the right syntax to use near '-1' at line 4
CRITICAL - 2022-03-29 14:01:59 --> You have an error in your SQL syntax; check the manual that corresponds to your MariaDB server version for the right syntax to use near '-1' at line 4
#0 C:\xampp\htdocs\code\system\Database\MySQLi\Connection.php(292): mysqli->query('SELECT *\nFROM `...', 0)
#1 C:\xampp\htdocs\code\system\Database\BaseConnection.php(670): CodeIgniter\Database\MySQLi\Connection->execute('SELECT *\nFROM `...')
#2 C:\xampp\htdocs\code\system\Database\BaseConnection.php(598): CodeIgniter\Database\BaseConnection->simpleQuery('SELECT *\nFROM `...')
#3 C:\xampp\htdocs\code\system\Database\BaseBuilder.php(1455): CodeIgniter\Database\BaseConnection->query('SELECT *\nFROM `...', Array, false)
#4 C:\xampp\htdocs\code\system\Model.php(183): CodeIgniter\Database\BaseBuilder->get()
#5 C:\xampp\htdocs\code\system\BaseModel.php(584): CodeIgniter\Model->doFindAll(-1, 11)
#6 C:\xampp\htdocs\code\system\BaseModel.php(1088): CodeIgniter\BaseModel->findAll(-1, 11)
#7 C:\xampp\htdocs\code\app\Libraries\Datatable.php(37): CodeIgniter\BaseModel->paginate(-1, 'gp1', 2)
#8 C:\xampp\htdocs\code\app\Controllers\Student\Student.php(243): App\Libraries\Datatable->getResponse(Array)
#9 C:\xampp\htdocs\code\system\CodeIgniter.php(825): App\Controllers\Student\Student->ajaxLoadData()
#10 C:\xampp\htdocs\code\system\CodeIgniter.php(412): CodeIgniter\CodeIgniter->runController(Object(App\Controllers\Student\Student))
#11 C:\xampp\htdocs\code\system\CodeIgniter.php(320): CodeIgniter\CodeIgniter->handleRequest(NULL, Object(Config\Cache), false)
#12 C:\xampp\htdocs\code\public\index.php(37): CodeIgniter\CodeIgniter->run()
#13 {main}
ERROR - 2022-03-29 14:04:02 --> You have an error in your SQL syntax; check the manual that corresponds to your MariaDB server version for the right syntax to use near '-1' at line 4
CRITICAL - 2022-03-29 14:04:02 --> You have an error in your SQL syntax; check the manual that corresponds to your MariaDB server version for the right syntax to use near '-1' at line 4
#0 C:\xampp\htdocs\code\system\Database\MySQLi\Connection.php(292): mysqli->query('SELECT *\nFROM `...', 0)
#1 C:\xampp\htdocs\code\system\Database\BaseConnection.php(670): CodeIgniter\Database\MySQLi\Connection->execute('SELECT *\nFROM `...')
#2 C:\xampp\htdocs\code\system\Database\BaseConnection.php(598): CodeIgniter\Database\BaseConnection->simpleQuery('SELECT *\nFROM `...')
#3 C:\xampp\htdocs\code\system\Database\BaseBuilder.php(1455): CodeIgniter\Database\BaseConnection->query('SELECT *\nFROM `...', Array, false)
#4 C:\xampp\htdocs\code\system\Model.php(183): CodeIgniter\Database\BaseBuilder->get()
#5 C:\xampp\htdocs\code\system\BaseModel.php(584): CodeIgniter\Model->doFindAll(-1, 11)
#6 C:\xampp\htdocs\code\system\BaseModel.php(1088): CodeIgniter\BaseModel->findAll(-1, 11)
#7 C:\xampp\htdocs\code\app\Libraries\Datatable.php(37): CodeIgniter\BaseModel->paginate(-1, 'gp1', 2)
#8 C:\xampp\htdocs\code\app\Controllers\Student\Student.php(243): App\Libraries\Datatable->getResponse(Array)
#9 C:\xampp\htdocs\code\system\CodeIgniter.php(825): App\Controllers\Student\Student->ajaxLoadData()
#10 C:\xampp\htdocs\code\system\CodeIgniter.php(412): CodeIgniter\CodeIgniter->runController(Object(App\Controllers\Student\Student))
#11 C:\xampp\htdocs\code\system\CodeIgniter.php(320): CodeIgniter\CodeIgniter->handleRequest(NULL, Object(Config\Cache), false)
#12 C:\xampp\htdocs\code\public\index.php(37): CodeIgniter\CodeIgniter->run()
#13 {main}
CRITICAL - 2022-03-29 14:52:23 --> Call to a member function orderBy() on array
#0 C:\xampp\htdocs\code\app\Controllers\Student\Student.php(244): App\Libraries\Datatable->getResponse(Array)
#1 C:\xampp\htdocs\code\system\CodeIgniter.php(825): App\Controllers\Student\Student->ajaxLoadData()
#2 C:\xampp\htdocs\code\system\CodeIgniter.php(412): CodeIgniter\CodeIgniter->runController(Object(App\Controllers\Student\Student))
#3 C:\xampp\htdocs\code\system\CodeIgniter.php(320): CodeIgniter\CodeIgniter->handleRequest(NULL, Object(Config\Cache), false)
#4 C:\xampp\htdocs\code\public\index.php(37): CodeIgniter\CodeIgniter->run()
#5 {main}
CRITICAL - 2022-03-29 14:52:28 --> Call to a member function orderBy() on array
#0 C:\xampp\htdocs\code\app\Controllers\Student\Student.php(244): App\Libraries\Datatable->getResponse(Array)
#1 C:\xampp\htdocs\code\system\CodeIgniter.php(825): App\Controllers\Student\Student->ajaxLoadData()
#2 C:\xampp\htdocs\code\system\CodeIgniter.php(412): CodeIgniter\CodeIgniter->runController(Object(App\Controllers\Student\Student))
#3 C:\xampp\htdocs\code\system\CodeIgniter.php(320): CodeIgniter\CodeIgniter->handleRequest(NULL, Object(Config\Cache), false)
#4 C:\xampp\htdocs\code\public\index.php(37): CodeIgniter\CodeIgniter->run()
#5 {main}
CRITICAL - 2022-03-29 14:53:37 --> Call to a member function orderBy() on array
#0 C:\xampp\htdocs\code\app\Controllers\Student\Student.php(244): App\Libraries\Datatable->getResponse(Array)
#1 C:\xampp\htdocs\code\system\CodeIgniter.php(825): App\Controllers\Student\Student->ajaxLoadData()
#2 C:\xampp\htdocs\code\system\CodeIgniter.php(412): CodeIgniter\CodeIgniter->runController(Object(App\Controllers\Student\Student))
#3 C:\xampp\htdocs\code\system\CodeIgniter.php(320): CodeIgniter\CodeIgniter->handleRequest(NULL, Object(Config\Cache), false)
#4 C:\xampp\htdocs\code\public\index.php(37): CodeIgniter\CodeIgniter->run()
#5 {main}
ERROR - 2022-03-29 14:57:48 --> Unknown column 'asdasd' in 'order clause'
CRITICAL - 2022-03-29 14:57:48 --> Unknown column 'asdasd' in 'order clause'
#0 C:\xampp\htdocs\code\system\Database\MySQLi\Connection.php(292): mysqli->query('SELECT *\nFROM `...', 0)
#1 C:\xampp\htdocs\code\system\Database\BaseConnection.php(670): CodeIgniter\Database\MySQLi\Connection->execute('SELECT *\nFROM `...')
#2 C:\xampp\htdocs\code\system\Database\BaseConnection.php(598): CodeIgniter\Database\BaseConnection->simpleQuery('SELECT *\nFROM `...')
#3 C:\xampp\htdocs\code\system\Database\BaseBuilder.php(1455): CodeIgniter\Database\BaseConnection->query('SELECT *\nFROM `...', Array, false)
#4 C:\xampp\htdocs\code\system\Model.php(183): CodeIgniter\Database\BaseBuilder->get()
#5 C:\xampp\htdocs\code\system\BaseModel.php(584): CodeIgniter\Model->doFindAll(3, 0)
#6 C:\xampp\htdocs\code\system\BaseModel.php(1088): CodeIgniter\BaseModel->findAll(3, 0)
#7 C:\xampp\htdocs\code\app\Libraries\Datatable.php(37): CodeIgniter\BaseModel->paginate(3, 'gp1', 1)
#8 C:\xampp\htdocs\code\app\Controllers\Student\Student.php(243): App\Libraries\Datatable->getResponse(Array)
#9 C:\xampp\htdocs\code\system\CodeIgniter.php(825): App\Controllers\Student\Student->ajaxLoadData()
#10 C:\xampp\htdocs\code\system\CodeIgniter.php(412): CodeIgniter\CodeIgniter->runController(Object(App\Controllers\Student\Student))
#11 C:\xampp\htdocs\code\system\CodeIgniter.php(320): CodeIgniter\CodeIgniter->handleRequest(NULL, Object(Config\Cache), false)
#12 C:\xampp\htdocs\code\public\index.php(37): CodeIgniter\CodeIgniter->run()
#13 {main}
CRITICAL - 2022-03-29 15:14:25 --> Argument 1 passed to App\Libraries\Datatable::applyFilters() must be of the type string, array given, called in C:\xampp\htdocs\code\app\Libraries\Datatable.php on line 42
#0 C:\xampp\htdocs\code\app\Libraries\Datatable.php(42): App\Libraries\Datatable->applyFilters(Array)
#1 C:\xampp\htdocs\code\app\Controllers\Student\Student.php(245): App\Libraries\Datatable->getResponse(Array)
#2 C:\xampp\htdocs\code\system\CodeIgniter.php(825): App\Controllers\Student\Student->ajaxLoadData()
#3 C:\xampp\htdocs\code\system\CodeIgniter.php(412): CodeIgniter\CodeIgniter->runController(Object(App\Controllers\Student\Student))
#4 C:\xampp\htdocs\code\system\CodeIgniter.php(320): CodeIgniter\CodeIgniter->handleRequest(NULL, Object(Config\Cache), false)
#5 C:\xampp\htdocs\code\public\index.php(37): CodeIgniter\CodeIgniter->run()
#6 {main}
CRITICAL - 2022-03-29 15:16:09 --> Argument 1 passed to App\Libraries\Datatable::applyFilters() must be of the type string, array given, called in C:\xampp\htdocs\code\app\Libraries\Datatable.php on line 42
#0 C:\xampp\htdocs\code\app\Libraries\Datatable.php(42): App\Libraries\Datatable->applyFilters(Array)
#1 C:\xampp\htdocs\code\app\Controllers\Student\Student.php(245): App\Libraries\Datatable->getResponse(Array)
#2 C:\xampp\htdocs\code\system\CodeIgniter.php(825): App\Controllers\Student\Student->ajaxLoadData()
#3 C:\xampp\htdocs\code\system\CodeIgniter.php(412): CodeIgniter\CodeIgniter->runController(Object(App\Controllers\Student\Student))
#4 C:\xampp\htdocs\code\system\CodeIgniter.php(320): CodeIgniter\CodeIgniter->handleRequest(NULL, Object(Config\Cache), false)
#5 C:\xampp\htdocs\code\public\index.php(37): CodeIgniter\CodeIgniter->run()
#6 {main}
CRITICAL - 2022-03-29 15:16:11 --> Argument 1 passed to App\Libraries\Datatable::applyFilters() must be of the type string, array given, called in C:\xampp\htdocs\code\app\Libraries\Datatable.php on line 42
#0 C:\xampp\htdocs\code\app\Libraries\Datatable.php(42): App\Libraries\Datatable->applyFilters(Array)
#1 C:\xampp\htdocs\code\app\Controllers\Student\Student.php(245): App\Libraries\Datatable->getResponse(Array)
#2 C:\xampp\htdocs\code\system\CodeIgniter.php(825): App\Controllers\Student\Student->ajaxLoadData()
#3 C:\xampp\htdocs\code\system\CodeIgniter.php(412): CodeIgniter\CodeIgniter->runController(Object(App\Controllers\Student\Student))
#4 C:\xampp\htdocs\code\system\CodeIgniter.php(320): CodeIgniter\CodeIgniter->handleRequest(NULL, Object(Config\Cache), false)
#5 C:\xampp\htdocs\code\public\index.php(37): CodeIgniter\CodeIgniter->run()
#6 {main}
CRITICAL - 2022-03-29 15:16:16 --> Argument 1 passed to App\Libraries\Datatable::applyFilters() must be of the type string, array given, called in C:\xampp\htdocs\code\app\Libraries\Datatable.php on line 42
#0 C:\xampp\htdocs\code\app\Libraries\Datatable.php(42): App\Libraries\Datatable->applyFilters(Array)
#1 C:\xampp\htdocs\code\app\Controllers\Student\Student.php(245): App\Libraries\Datatable->getResponse(Array)
#2 C:\xampp\htdocs\code\system\CodeIgniter.php(825): App\Controllers\Student\Student->ajaxLoadData()
#3 C:\xampp\htdocs\code\system\CodeIgniter.php(412): CodeIgniter\CodeIgniter->runController(Object(App\Controllers\Student\Student))
#4 C:\xampp\htdocs\code\system\CodeIgniter.php(320): CodeIgniter\CodeIgniter->handleRequest(NULL, Object(Config\Cache), false)
#5 C:\xampp\htdocs\code\public\index.php(37): CodeIgniter\CodeIgniter->run()
#6 {main}
CRITICAL - 2022-03-29 15:17:37 --> Argument 1 passed to App\Libraries\Datatable::applyFilters() must be of the type string, array given, called in C:\xampp\htdocs\code\app\Libraries\Datatable.php on line 42
#0 C:\xampp\htdocs\code\app\Libraries\Datatable.php(42): App\Libraries\Datatable->applyFilters(Array)
#1 C:\xampp\htdocs\code\app\Controllers\Student\Student.php(245): App\Libraries\Datatable->getResponse(Array)
#2 C:\xampp\htdocs\code\system\CodeIgniter.php(825): App\Controllers\Student\Student->ajaxLoadData()
#3 C:\xampp\htdocs\code\system\CodeIgniter.php(412): CodeIgniter\CodeIgniter->runController(Object(App\Controllers\Student\Student))
#4 C:\xampp\htdocs\code\system\CodeIgniter.php(320): CodeIgniter\CodeIgniter->handleRequest(NULL, Object(Config\Cache), false)
#5 C:\xampp\htdocs\code\public\index.php(37): CodeIgniter\CodeIgniter->run()
#6 {main}
CRITICAL - 2022-03-29 15:22:37 --> Undefined offset: 0
#0 C:\xampp\htdocs\code\app\Libraries\Datatable.php(34): CodeIgniter\Debug\Exceptions->errorHandler(8, 'Undefined offse...', 'C:\\xampp\\htdocs...', 34, Array)
#1 C:\xampp\htdocs\code\app\Controllers\Student\Student.php(245): App\Libraries\Datatable->getResponse(Array)
#2 C:\xampp\htdocs\code\system\CodeIgniter.php(825): App\Controllers\Student\Student->ajaxLoadData()
#3 C:\xampp\htdocs\code\system\CodeIgniter.php(412): CodeIgniter\CodeIgniter->runController(Object(App\Controllers\Student\Student))
#4 C:\xampp\htdocs\code\system\CodeIgniter.php(320): CodeIgniter\CodeIgniter->handleRequest(NULL, Object(Config\Cache), false)
#5 C:\xampp\htdocs\code\public\index.php(37): CodeIgniter\CodeIgniter->run()
#6 {main}
CRITICAL - 2022-03-29 15:22:39 --> Undefined offset: 0
#0 C:\xampp\htdocs\code\app\Libraries\Datatable.php(34): CodeIgniter\Debug\Exceptions->errorHandler(8, 'Undefined offse...', 'C:\\xampp\\htdocs...', 34, Array)
#1 C:\xampp\htdocs\code\app\Controllers\Student\Student.php(245): App\Libraries\Datatable->getResponse(Array)
#2 C:\xampp\htdocs\code\system\CodeIgniter.php(825): App\Controllers\Student\Student->ajaxLoadData()
#3 C:\xampp\htdocs\code\system\CodeIgniter.php(412): CodeIgniter\CodeIgniter->runController(Object(App\Controllers\Student\Student))
#4 C:\xampp\htdocs\code\system\CodeIgniter.php(320): CodeIgniter\CodeIgniter->handleRequest(NULL, Object(Config\Cache), false)
#5 C:\xampp\htdocs\code\public\index.php(37): CodeIgniter\CodeIgniter->run()
#6 {main}
CRITICAL - 2022-03-29 15:22:41 --> Undefined offset: 0
#0 C:\xampp\htdocs\code\app\Libraries\Datatable.php(34): CodeIgniter\Debug\Exceptions->errorHandler(8, 'Undefined offse...', 'C:\\xampp\\htdocs...', 34, Array)
#1 C:\xampp\htdocs\code\app\Controllers\Student\Student.php(245): App\Libraries\Datatable->getResponse(Array)
#2 C:\xampp\htdocs\code\system\CodeIgniter.php(825): App\Controllers\Student\Student->ajaxLoadData()
#3 C:\xampp\htdocs\code\system\CodeIgniter.php(412): CodeIgniter\CodeIgniter->runController(Object(App\Controllers\Student\Student))
#4 C:\xampp\htdocs\code\system\CodeIgniter.php(320): CodeIgniter\CodeIgniter->handleRequest(NULL, Object(Config\Cache), false)
#5 C:\xampp\htdocs\code\public\index.php(37): CodeIgniter\CodeIgniter->run()
#6 {main}
CRITICAL - 2022-03-29 15:23:01 --> Undefined index: Matricula
#0 C:\xampp\htdocs\code\app\Libraries\Datatable.php(34): CodeIgniter\Debug\Exceptions->errorHandler(8, 'Undefined index...', 'C:\\xampp\\htdocs...', 34, Array)
#1 C:\xampp\htdocs\code\app\Controllers\Student\Student.php(245): App\Libraries\Datatable->getResponse(Array)
#2 C:\xampp\htdocs\code\system\CodeIgniter.php(825): App\Controllers\Student\Student->ajaxLoadData()
#3 C:\xampp\htdocs\code\system\CodeIgniter.php(412): CodeIgniter\CodeIgniter->runController(Object(App\Controllers\Student\Student))
#4 C:\xampp\htdocs\code\system\CodeIgniter.php(320): CodeIgniter\CodeIgniter->handleRequest(NULL, Object(Config\Cache), false)
#5 C:\xampp\htdocs\code\public\index.php(37): CodeIgniter\CodeIgniter->run()
#6 {main}
CRITICAL - 2022-03-29 15:23:30 --> Trying to get property 'Matricula' of non-object
#0 C:\xampp\htdocs\code\app\Libraries\Datatable.php(34): CodeIgniter\Debug\Exceptions->errorHandler(8, 'Trying to get p...', 'C:\\xampp\\htdocs...', 34, Array)
#1 C:\xampp\htdocs\code\app\Controllers\Student\Student.php(245): App\Libraries\Datatable->getResponse(Array)
#2 C:\xampp\htdocs\code\system\CodeIgniter.php(825): App\Controllers\Student\Student->ajaxLoadData()
#3 C:\xampp\htdocs\code\system\CodeIgniter.php(412): CodeIgniter\CodeIgniter->runController(Object(App\Controllers\Student\Student))
#4 C:\xampp\htdocs\code\system\CodeIgniter.php(320): CodeIgniter\CodeIgniter->handleRequest(NULL, Object(Config\Cache), false)
#5 C:\xampp\htdocs\code\public\index.php(37): CodeIgniter\CodeIgniter->run()
#6 {main}
