CRITICAL - 2022-03-07 10:36:17 --> Undefined index: draw
#0 C:\xampp\htdocs\code\app\Controllers\Student\Student.php(59): CodeIgniter\Debug\Exceptions->errorHandler(8, 'Undefined index...', 'C:\\xampp\\htdocs...', 59, Array)
#1 C:\xampp\htdocs\code\system\CodeIgniter.php(825): App\Controllers\Student\Student->ajaxLoadData()
#2 C:\xampp\htdocs\code\system\CodeIgniter.php(412): CodeIgniter\CodeIgniter->runController(Object(App\Controllers\Student\Student))
#3 C:\xampp\htdocs\code\system\CodeIgniter.php(320): CodeIgniter\CodeIgniter->handleRequest(NULL, Object(Config\Cache), false)
#4 C:\xampp\htdocs\code\public\index.php(37): CodeIgniter\CodeIgniter->run()
#5 {main}
CRITICAL - 2022-03-07 10:36:18 --> Undefined index: draw
#0 C:\xampp\htdocs\code\app\Controllers\Student\Student.php(59): CodeIgniter\Debug\Exceptions->errorHandler(8, 'Undefined index...', 'C:\\xampp\\htdocs...', 59, Array)
#1 C:\xampp\htdocs\code\system\CodeIgniter.php(825): App\Controllers\Student\Student->ajaxLoadData()
#2 C:\xampp\htdocs\code\system\CodeIgniter.php(412): CodeIgniter\CodeIgniter->runController(Object(App\Controllers\Student\Student))
#3 C:\xampp\htdocs\code\system\CodeIgniter.php(320): CodeIgniter\CodeIgniter->handleRequest(NULL, Object(Config\Cache), false)
#4 C:\xampp\htdocs\code\public\index.php(37): CodeIgniter\CodeIgniter->run()
#5 {main}
CRITICAL - 2022-03-07 10:36:23 --> Undefined index: draw
#0 C:\xampp\htdocs\code\app\Controllers\Student\Student.php(59): CodeIgniter\Debug\Exceptions->errorHandler(8, 'Undefined index...', 'C:\\xampp\\htdocs...', 59, Array)
#1 C:\xampp\htdocs\code\system\CodeIgniter.php(825): App\Controllers\Student\Student->ajaxLoadData()
#2 C:\xampp\htdocs\code\system\CodeIgniter.php(412): CodeIgniter\CodeIgniter->runController(Object(App\Controllers\Student\Student))
#3 C:\xampp\htdocs\code\system\CodeIgniter.php(320): CodeIgniter\CodeIgniter->handleRequest(NULL, Object(Config\Cache), false)
#4 C:\xampp\htdocs\code\public\index.php(37): CodeIgniter\CodeIgniter->run()
#5 {main}
CRITICAL - 2022-03-07 10:36:50 --> Undefined index: draw
#0 C:\xampp\htdocs\code\app\Controllers\Student\Student.php(59): CodeIgniter\Debug\Exceptions->errorHandler(8, 'Undefined index...', 'C:\\xampp\\htdocs...', 59, Array)
#1 C:\xampp\htdocs\code\system\CodeIgniter.php(825): App\Controllers\Student\Student->ajaxLoadData()
#2 C:\xampp\htdocs\code\system\CodeIgniter.php(412): CodeIgniter\CodeIgniter->runController(Object(App\Controllers\Student\Student))
#3 C:\xampp\htdocs\code\system\CodeIgniter.php(320): CodeIgniter\CodeIgniter->handleRequest(NULL, Object(Config\Cache), false)
#4 C:\xampp\htdocs\code\public\index.php(37): CodeIgniter\CodeIgniter->run()
#5 {main}
ERROR - 2022-03-07 19:55:39 --> Unknown column 'title' in 'field list'
CRITICAL - 2022-03-07 19:55:39 --> Unknown column 'title' in 'field list'
#0 C:\xampp\htdocs\code\system\Database\MySQLi\Connection.php(292): mysqli->query('SELECT `title`,...', 0)
#1 C:\xampp\htdocs\code\system\Database\BaseConnection.php(670): CodeIgniter\Database\MySQLi\Connection->execute('SELECT `title`,...')
#2 C:\xampp\htdocs\code\system\Database\BaseConnection.php(598): CodeIgniter\Database\BaseConnection->simpleQuery('SELECT `title`,...')
#3 C:\xampp\htdocs\code\system\Database\BaseBuilder.php(1455): CodeIgniter\Database\BaseConnection->query('SELECT `title`,...', Array, false)
#4 C:\xampp\htdocs\code\system\Model.php(728): CodeIgniter\Database\BaseBuilder->get()
#5 C:\xampp\htdocs\code\app\Controllers\Student\Student.php(37): CodeIgniter\Model->__call('get', Array)
#6 C:\xampp\htdocs\code\system\CodeIgniter.php(825): App\Controllers\Student\Student->get_student()
#7 C:\xampp\htdocs\code\system\CodeIgniter.php(412): CodeIgniter\CodeIgniter->runController(Object(App\Controllers\Student\Student))
#8 C:\xampp\htdocs\code\system\CodeIgniter.php(320): CodeIgniter\CodeIgniter->handleRequest(NULL, Object(Config\Cache), false)
#9 C:\xampp\htdocs\code\public\index.php(37): CodeIgniter\CodeIgniter->run()
#10 {main}
ERROR - 2022-03-07 19:56:01 --> Unknown column 'title' in 'field list'
CRITICAL - 2022-03-07 19:56:01 --> Unknown column 'title' in 'field list'
#0 C:\xampp\htdocs\code\system\Database\MySQLi\Connection.php(292): mysqli->query('SELECT `title`,...', 0)
#1 C:\xampp\htdocs\code\system\Database\BaseConnection.php(670): CodeIgniter\Database\MySQLi\Connection->execute('SELECT `title`,...')
#2 C:\xampp\htdocs\code\system\Database\BaseConnection.php(598): CodeIgniter\Database\BaseConnection->simpleQuery('SELECT `title`,...')
#3 C:\xampp\htdocs\code\system\Database\BaseBuilder.php(1455): CodeIgniter\Database\BaseConnection->query('SELECT `title`,...', Array, false)
#4 C:\xampp\htdocs\code\system\Model.php(728): CodeIgniter\Database\BaseBuilder->get()
#5 C:\xampp\htdocs\code\app\Controllers\Student\Student.php(37): CodeIgniter\Model->__call('get', Array)
#6 C:\xampp\htdocs\code\system\CodeIgniter.php(825): App\Controllers\Student\Student->get_student()
#7 C:\xampp\htdocs\code\system\CodeIgniter.php(412): CodeIgniter\CodeIgniter->runController(Object(App\Controllers\Student\Student))
#8 C:\xampp\htdocs\code\system\CodeIgniter.php(320): CodeIgniter\CodeIgniter->handleRequest(NULL, Object(Config\Cache), false)
#9 C:\xampp\htdocs\code\public\index.php(37): CodeIgniter\CodeIgniter->run()
#10 {main}
ERROR - 2022-03-07 20:04:23 --> Unknown column 'title' in 'field list'
CRITICAL - 2022-03-07 20:04:23 --> Unknown column 'title' in 'field list'
#0 C:\xampp\htdocs\code\system\Database\MySQLi\Connection.php(292): mysqli->query('SELECT `title`,...', 0)
#1 C:\xampp\htdocs\code\system\Database\BaseConnection.php(670): CodeIgniter\Database\MySQLi\Connection->execute('SELECT `title`,...')
#2 C:\xampp\htdocs\code\system\Database\BaseConnection.php(598): CodeIgniter\Database\BaseConnection->simpleQuery('SELECT `title`,...')
#3 C:\xampp\htdocs\code\system\Database\BaseBuilder.php(1455): CodeIgniter\Database\BaseConnection->query('SELECT `title`,...', Array, false)
#4 C:\xampp\htdocs\code\system\Model.php(728): CodeIgniter\Database\BaseBuilder->get()
#5 C:\xampp\htdocs\code\app\Controllers\Student\Student.php(47): CodeIgniter\Model->__call('get', Array)
#6 C:\xampp\htdocs\code\system\CodeIgniter.php(825): App\Controllers\Student\Student->get_student()
#7 C:\xampp\htdocs\code\system\CodeIgniter.php(412): CodeIgniter\CodeIgniter->runController(Object(App\Controllers\Student\Student))
#8 C:\xampp\htdocs\code\system\CodeIgniter.php(320): CodeIgniter\CodeIgniter->handleRequest(NULL, Object(Config\Cache), false)
#9 C:\xampp\htdocs\code\public\index.php(37): CodeIgniter\CodeIgniter->run()
#10 {main}
ERROR - 2022-03-07 20:05:42 --> Unknown column 'title' in 'field list'
CRITICAL - 2022-03-07 20:05:42 --> Unknown column 'title' in 'field list'
#0 C:\xampp\htdocs\code\system\Database\MySQLi\Connection.php(292): mysqli->query('SELECT `title`,...', 0)
#1 C:\xampp\htdocs\code\system\Database\BaseConnection.php(670): CodeIgniter\Database\MySQLi\Connection->execute('SELECT `title`,...')
#2 C:\xampp\htdocs\code\system\Database\BaseConnection.php(598): CodeIgniter\Database\BaseConnection->simpleQuery('SELECT `title`,...')
#3 C:\xampp\htdocs\code\system\Database\BaseBuilder.php(1455): CodeIgniter\Database\BaseConnection->query('SELECT `title`,...', Array, false)
#4 C:\xampp\htdocs\code\system\Model.php(728): CodeIgniter\Database\BaseBuilder->get()
#5 C:\xampp\htdocs\code\app\Controllers\Student\Student.php(44): CodeIgniter\Model->__call('get', Array)
#6 C:\xampp\htdocs\code\system\CodeIgniter.php(825): App\Controllers\Student\Student->get_student()
#7 C:\xampp\htdocs\code\system\CodeIgniter.php(412): CodeIgniter\CodeIgniter->runController(Object(App\Controllers\Student\Student))
#8 C:\xampp\htdocs\code\system\CodeIgniter.php(320): CodeIgniter\CodeIgniter->handleRequest(NULL, Object(Config\Cache), false)
#9 C:\xampp\htdocs\code\public\index.php(37): CodeIgniter\CodeIgniter->run()
#10 {main}
ERROR - 2022-03-07 20:07:35 --> Unknown column 'title' in 'field list'
CRITICAL - 2022-03-07 20:07:35 --> Unknown column 'title' in 'field list'
#0 C:\xampp\htdocs\code\system\Database\MySQLi\Connection.php(292): mysqli->query('SELECT `title`,...', 0)
#1 C:\xampp\htdocs\code\system\Database\BaseConnection.php(670): CodeIgniter\Database\MySQLi\Connection->execute('SELECT `title`,...')
#2 C:\xampp\htdocs\code\system\Database\BaseConnection.php(598): CodeIgniter\Database\BaseConnection->simpleQuery('SELECT `title`,...')
#3 C:\xampp\htdocs\code\system\Database\BaseBuilder.php(1455): CodeIgniter\Database\BaseConnection->query('SELECT `title`,...', Array, false)
#4 C:\xampp\htdocs\code\system\Model.php(728): CodeIgniter\Database\BaseBuilder->get()
#5 C:\xampp\htdocs\code\app\Controllers\Student\Student.php(46): CodeIgniter\Model->__call('get', Array)
#6 C:\xampp\htdocs\code\system\CodeIgniter.php(825): App\Controllers\Student\Student->get_student()
#7 C:\xampp\htdocs\code\system\CodeIgniter.php(412): CodeIgniter\CodeIgniter->runController(Object(App\Controllers\Student\Student))
#8 C:\xampp\htdocs\code\system\CodeIgniter.php(320): CodeIgniter\CodeIgniter->handleRequest(NULL, Object(Config\Cache), false)
#9 C:\xampp\htdocs\code\public\index.php(37): CodeIgniter\CodeIgniter->run()
#10 {main}
CRITICAL - 2022-03-07 20:13:44 --> Call to undefined method App\Models\StudetsModel::result
#0 C:\xampp\htdocs\code\app\Controllers\Student\Student.php(43): CodeIgniter\Model->__call('result', Array)
#1 C:\xampp\htdocs\code\system\CodeIgniter.php(825): App\Controllers\Student\Student->get_student()
#2 C:\xampp\htdocs\code\system\CodeIgniter.php(412): CodeIgniter\CodeIgniter->runController(Object(App\Controllers\Student\Student))
#3 C:\xampp\htdocs\code\system\CodeIgniter.php(320): CodeIgniter\CodeIgniter->handleRequest(NULL, Object(Config\Cache), false)
#4 C:\xampp\htdocs\code\public\index.php(37): CodeIgniter\CodeIgniter->run()
#5 {main}
CRITICAL - 2022-03-07 20:16:46 --> Call to undefined method App\Models\StudetsModel::getQuery
#0 C:\xampp\htdocs\code\app\Controllers\Student\Student.php(41): CodeIgniter\Model->__call('getQuery', Array)
#1 C:\xampp\htdocs\code\system\CodeIgniter.php(825): App\Controllers\Student\Student->get_student()
#2 C:\xampp\htdocs\code\system\CodeIgniter.php(412): CodeIgniter\CodeIgniter->runController(Object(App\Controllers\Student\Student))
#3 C:\xampp\htdocs\code\system\CodeIgniter.php(320): CodeIgniter\CodeIgniter->handleRequest(NULL, Object(Config\Cache), false)
#4 C:\xampp\htdocs\code\public\index.php(37): CodeIgniter\CodeIgniter->run()
#5 {main}
CRITICAL - 2022-03-07 20:19:07 --> Call to undefined method CodeIgniter\Database\MySQLi\Result::result_array()
#0 C:\xampp\htdocs\code\system\CodeIgniter.php(825): App\Controllers\Student\Student->get_student()
#1 C:\xampp\htdocs\code\system\CodeIgniter.php(412): CodeIgniter\CodeIgniter->runController(Object(App\Controllers\Student\Student))
#2 C:\xampp\htdocs\code\system\CodeIgniter.php(320): CodeIgniter\CodeIgniter->handleRequest(NULL, Object(Config\Cache), false)
#3 C:\xampp\htdocs\code\public\index.php(37): CodeIgniter\CodeIgniter->run()
#4 {main}
CRITICAL - 2022-03-07 20:19:37 --> Call to undefined method CodeIgniter\Database\MySQLi\Result::result_array()
#0 C:\xampp\htdocs\code\system\CodeIgniter.php(825): App\Controllers\Student\Student->get_student()
#1 C:\xampp\htdocs\code\system\CodeIgniter.php(412): CodeIgniter\CodeIgniter->runController(Object(App\Controllers\Student\Student))
#2 C:\xampp\htdocs\code\system\CodeIgniter.php(320): CodeIgniter\CodeIgniter->handleRequest(NULL, Object(Config\Cache), false)
#3 C:\xampp\htdocs\code\public\index.php(37): CodeIgniter\CodeIgniter->run()
#4 {main}
CRITICAL - 2022-03-07 20:25:29 --> Undefined property: App\Controllers\Student\Student::$table
#0 C:\xampp\htdocs\code\app\Controllers\Student\Student.php(38): CodeIgniter\Debug\Exceptions->errorHandler(8, 'Undefined prope...', 'C:\\xampp\\htdocs...', 38, Array)
#1 C:\xampp\htdocs\code\system\CodeIgniter.php(825): App\Controllers\Student\Student->get_student()
#2 C:\xampp\htdocs\code\system\CodeIgniter.php(412): CodeIgniter\CodeIgniter->runController(Object(App\Controllers\Student\Student))
#3 C:\xampp\htdocs\code\system\CodeIgniter.php(320): CodeIgniter\CodeIgniter->handleRequest(NULL, Object(Config\Cache), false)
#4 C:\xampp\htdocs\code\public\index.php(37): CodeIgniter\CodeIgniter->run()
#5 {main}
CRITICAL - 2022-03-07 20:28:56 --> Call to undefined method App\Models\StudetsModel::getResultArray
#0 C:\xampp\htdocs\code\app\Controllers\Student\Student.php(41): CodeIgniter\Model->__call('getResultArray', Array)
#1 C:\xampp\htdocs\code\system\CodeIgniter.php(825): App\Controllers\Student\Student->get_student()
#2 C:\xampp\htdocs\code\system\CodeIgniter.php(412): CodeIgniter\CodeIgniter->runController(Object(App\Controllers\Student\Student))
#3 C:\xampp\htdocs\code\system\CodeIgniter.php(320): CodeIgniter\CodeIgniter->handleRequest(NULL, Object(Config\Cache), false)
#4 C:\xampp\htdocs\code\public\index.php(37): CodeIgniter\CodeIgniter->run()
#5 {main}
CRITICAL - 2022-03-07 20:35:49 --> Class 'App\Models\Student' not found
#0 [internal function]: CodeIgniter\Debug\Exceptions->shutdownHandler()
#1 {main}
CRITICAL - 2022-03-07 20:41:31 --> Class 'App\Models\Student' not found
#0 [internal function]: CodeIgniter\Debug\Exceptions->shutdownHandler()
#1 {main}
CRITICAL - 2022-03-07 20:43:12 --> Class 'App\Models\Student' not found
#0 [internal function]: CodeIgniter\Debug\Exceptions->shutdownHandler()
#1 {main}
CRITICAL - 2022-03-07 20:47:37 --> Class 'App\Models\Student' not found
#0 [internal function]: CodeIgniter\Debug\Exceptions->shutdownHandler()
#1 {main}
CRITICAL - 2022-03-07 20:50:12 --> Class 'App\Models\Student' not found
#0 [internal function]: CodeIgniter\Debug\Exceptions->shutdownHandler()
#1 {main}
CRITICAL - 2022-03-07 20:52:10 --> Class 'App\Models\Student' not found
#0 [internal function]: CodeIgniter\Debug\Exceptions->shutdownHandler()
#1 {main}
CRITICAL - 2022-03-07 20:53:01 --> Class 'App\Models\Student' not found
#0 [internal function]: CodeIgniter\Debug\Exceptions->shutdownHandler()
#1 {main}
CRITICAL - 2022-03-07 20:53:52 --> Class 'App\Models\Student' not found
#0 [internal function]: CodeIgniter\Debug\Exceptions->shutdownHandler()
#1 {main}
ERROR - 2022-03-07 21:10:32 --> You have an error in your SQL syntax; check the manual that corresponds to your MariaDB server version for the right syntax to use near ''' at line 1
CRITICAL - 2022-03-07 21:10:32 --> You have an error in your SQL syntax; check the manual that corresponds to your MariaDB server version for the right syntax to use near ''' at line 1
#0 C:\xampp\htdocs\code\system\Database\MySQLi\Connection.php(292): mysqli->query('SELECT * from t...', 0)
#1 C:\xampp\htdocs\code\system\Database\BaseConnection.php(670): CodeIgniter\Database\MySQLi\Connection->execute('SELECT * from t...')
#2 C:\xampp\htdocs\code\system\Database\BaseConnection.php(598): CodeIgniter\Database\BaseConnection->simpleQuery('SELECT * from t...')
#3 C:\xampp\htdocs\code\app\Controllers\Student\Student.php(135): CodeIgniter\Database\BaseConnection->query('SELECT * from t...')
#4 C:\xampp\htdocs\code\system\CodeIgniter.php(825): App\Controllers\Student\Student->ajaxLoadData()
#5 C:\xampp\htdocs\code\system\CodeIgniter.php(412): CodeIgniter\CodeIgniter->runController(Object(App\Controllers\Student\Student))
#6 C:\xampp\htdocs\code\system\CodeIgniter.php(320): CodeIgniter\CodeIgniter->handleRequest(NULL, Object(Config\Cache), false)
#7 C:\xampp\htdocs\code\public\index.php(37): CodeIgniter\CodeIgniter->run()
#8 {main}
ERROR - 2022-03-07 21:10:32 --> You have an error in your SQL syntax; check the manual that corresponds to your MariaDB server version for the right syntax to use near ''' at line 1
ERROR - 2022-03-07 21:10:32 --> You have an error in your SQL syntax; check the manual that corresponds to your MariaDB server version for the right syntax to use near ''' at line 1
CRITICAL - 2022-03-07 21:10:32 --> You have an error in your SQL syntax; check the manual that corresponds to your MariaDB server version for the right syntax to use near ''' at line 1
#0 C:\xampp\htdocs\code\system\Database\MySQLi\Connection.php(292): mysqli->query('SELECT * from t...', 0)
#1 C:\xampp\htdocs\code\system\Database\BaseConnection.php(670): CodeIgniter\Database\MySQLi\Connection->execute('SELECT * from t...')
#2 C:\xampp\htdocs\code\system\Database\BaseConnection.php(598): CodeIgniter\Database\BaseConnection->simpleQuery('SELECT * from t...')
#3 C:\xampp\htdocs\code\app\Controllers\Student\Student.php(135): CodeIgniter\Database\BaseConnection->query('SELECT * from t...')
#4 C:\xampp\htdocs\code\system\CodeIgniter.php(825): App\Controllers\Student\Student->ajaxLoadData()
#5 C:\xampp\htdocs\code\system\CodeIgniter.php(412): CodeIgniter\CodeIgniter->runController(Object(App\Controllers\Student\Student))
#6 C:\xampp\htdocs\code\system\CodeIgniter.php(320): CodeIgniter\CodeIgniter->handleRequest(NULL, Object(Config\Cache), false)
#7 C:\xampp\htdocs\code\public\index.php(37): CodeIgniter\CodeIgniter->run()
#8 {main}
CRITICAL - 2022-03-07 21:10:32 --> You have an error in your SQL syntax; check the manual that corresponds to your MariaDB server version for the right syntax to use near ''' at line 1
#0 C:\xampp\htdocs\code\system\Database\MySQLi\Connection.php(292): mysqli->query('SELECT * from t...', 0)
#1 C:\xampp\htdocs\code\system\Database\BaseConnection.php(670): CodeIgniter\Database\MySQLi\Connection->execute('SELECT * from t...')
#2 C:\xampp\htdocs\code\system\Database\BaseConnection.php(598): CodeIgniter\Database\BaseConnection->simpleQuery('SELECT * from t...')
#3 C:\xampp\htdocs\code\app\Controllers\Student\Student.php(135): CodeIgniter\Database\BaseConnection->query('SELECT * from t...')
#4 C:\xampp\htdocs\code\system\CodeIgniter.php(825): App\Controllers\Student\Student->ajaxLoadData()
#5 C:\xampp\htdocs\code\system\CodeIgniter.php(412): CodeIgniter\CodeIgniter->runController(Object(App\Controllers\Student\Student))
#6 C:\xampp\htdocs\code\system\CodeIgniter.php(320): CodeIgniter\CodeIgniter->handleRequest(NULL, Object(Config\Cache), false)
#7 C:\xampp\htdocs\code\public\index.php(37): CodeIgniter\CodeIgniter->run()
#8 {main}
ERROR - 2022-03-07 21:10:32 --> You have an error in your SQL syntax; check the manual that corresponds to your MariaDB server version for the right syntax to use near ''' at line 1
ERROR - 2022-03-07 21:10:32 --> You have an error in your SQL syntax; check the manual that corresponds to your MariaDB server version for the right syntax to use near ''' at line 1
CRITICAL - 2022-03-07 21:10:32 --> You have an error in your SQL syntax; check the manual that corresponds to your MariaDB server version for the right syntax to use near ''' at line 1
#0 C:\xampp\htdocs\code\system\Database\MySQLi\Connection.php(292): mysqli->query('SELECT * from t...', 0)
#1 C:\xampp\htdocs\code\system\Database\BaseConnection.php(670): CodeIgniter\Database\MySQLi\Connection->execute('SELECT * from t...')
#2 C:\xampp\htdocs\code\system\Database\BaseConnection.php(598): CodeIgniter\Database\BaseConnection->simpleQuery('SELECT * from t...')
#3 C:\xampp\htdocs\code\app\Controllers\Student\Student.php(135): CodeIgniter\Database\BaseConnection->query('SELECT * from t...')
#4 C:\xampp\htdocs\code\system\CodeIgniter.php(825): App\Controllers\Student\Student->ajaxLoadData()
#5 C:\xampp\htdocs\code\system\CodeIgniter.php(412): CodeIgniter\CodeIgniter->runController(Object(App\Controllers\Student\Student))
#6 C:\xampp\htdocs\code\system\CodeIgniter.php(320): CodeIgniter\CodeIgniter->handleRequest(NULL, Object(Config\Cache), false)
#7 C:\xampp\htdocs\code\public\index.php(37): CodeIgniter\CodeIgniter->run()
#8 {main}
CRITICAL - 2022-03-07 21:10:32 --> You have an error in your SQL syntax; check the manual that corresponds to your MariaDB server version for the right syntax to use near ''' at line 1
#0 C:\xampp\htdocs\code\system\Database\MySQLi\Connection.php(292): mysqli->query('SELECT * from t...', 0)
#1 C:\xampp\htdocs\code\system\Database\BaseConnection.php(670): CodeIgniter\Database\MySQLi\Connection->execute('SELECT * from t...')
#2 C:\xampp\htdocs\code\system\Database\BaseConnection.php(598): CodeIgniter\Database\BaseConnection->simpleQuery('SELECT * from t...')
#3 C:\xampp\htdocs\code\app\Controllers\Student\Student.php(135): CodeIgniter\Database\BaseConnection->query('SELECT * from t...')
#4 C:\xampp\htdocs\code\system\CodeIgniter.php(825): App\Controllers\Student\Student->ajaxLoadData()
#5 C:\xampp\htdocs\code\system\CodeIgniter.php(412): CodeIgniter\CodeIgniter->runController(Object(App\Controllers\Student\Student))
#6 C:\xampp\htdocs\code\system\CodeIgniter.php(320): CodeIgniter\CodeIgniter->handleRequest(NULL, Object(Config\Cache), false)
#7 C:\xampp\htdocs\code\public\index.php(37): CodeIgniter\CodeIgniter->run()
#8 {main}
ERROR - 2022-03-07 21:10:32 --> You have an error in your SQL syntax; check the manual that corresponds to your MariaDB server version for the right syntax to use near ''' at line 1
CRITICAL - 2022-03-07 21:10:32 --> You have an error in your SQL syntax; check the manual that corresponds to your MariaDB server version for the right syntax to use near ''' at line 1
#0 C:\xampp\htdocs\code\system\Database\MySQLi\Connection.php(292): mysqli->query('SELECT * from t...', 0)
#1 C:\xampp\htdocs\code\system\Database\BaseConnection.php(670): CodeIgniter\Database\MySQLi\Connection->execute('SELECT * from t...')
#2 C:\xampp\htdocs\code\system\Database\BaseConnection.php(598): CodeIgniter\Database\BaseConnection->simpleQuery('SELECT * from t...')
#3 C:\xampp\htdocs\code\app\Controllers\Student\Student.php(135): CodeIgniter\Database\BaseConnection->query('SELECT * from t...')
#4 C:\xampp\htdocs\code\system\CodeIgniter.php(825): App\Controllers\Student\Student->ajaxLoadData()
#5 C:\xampp\htdocs\code\system\CodeIgniter.php(412): CodeIgniter\CodeIgniter->runController(Object(App\Controllers\Student\Student))
#6 C:\xampp\htdocs\code\system\CodeIgniter.php(320): CodeIgniter\CodeIgniter->handleRequest(NULL, Object(Config\Cache), false)
#7 C:\xampp\htdocs\code\public\index.php(37): CodeIgniter\CodeIgniter->run()
#8 {main}
ERROR - 2022-03-07 21:10:38 --> You have an error in your SQL syntax; check the manual that corresponds to your MariaDB server version for the right syntax to use near ''' at line 1
CRITICAL - 2022-03-07 21:10:38 --> You have an error in your SQL syntax; check the manual that corresponds to your MariaDB server version for the right syntax to use near ''' at line 1
#0 C:\xampp\htdocs\code\system\Database\MySQLi\Connection.php(292): mysqli->query('SELECT * from t...', 0)
#1 C:\xampp\htdocs\code\system\Database\BaseConnection.php(670): CodeIgniter\Database\MySQLi\Connection->execute('SELECT * from t...')
#2 C:\xampp\htdocs\code\system\Database\BaseConnection.php(598): CodeIgniter\Database\BaseConnection->simpleQuery('SELECT * from t...')
#3 C:\xampp\htdocs\code\app\Controllers\Student\Student.php(135): CodeIgniter\Database\BaseConnection->query('SELECT * from t...')
#4 C:\xampp\htdocs\code\system\CodeIgniter.php(825): App\Controllers\Student\Student->ajaxLoadData()
#5 C:\xampp\htdocs\code\system\CodeIgniter.php(412): CodeIgniter\CodeIgniter->runController(Object(App\Controllers\Student\Student))
#6 C:\xampp\htdocs\code\system\CodeIgniter.php(320): CodeIgniter\CodeIgniter->handleRequest(NULL, Object(Config\Cache), false)
#7 C:\xampp\htdocs\code\public\index.php(37): CodeIgniter\CodeIgniter->run()
#8 {main}
ERROR - 2022-03-07 21:10:38 --> You have an error in your SQL syntax; check the manual that corresponds to your MariaDB server version for the right syntax to use near ''' at line 1
CRITICAL - 2022-03-07 21:10:38 --> You have an error in your SQL syntax; check the manual that corresponds to your MariaDB server version for the right syntax to use near ''' at line 1
#0 C:\xampp\htdocs\code\system\Database\MySQLi\Connection.php(292): mysqli->query('SELECT * from t...', 0)
#1 C:\xampp\htdocs\code\system\Database\BaseConnection.php(670): CodeIgniter\Database\MySQLi\Connection->execute('SELECT * from t...')
#2 C:\xampp\htdocs\code\system\Database\BaseConnection.php(598): CodeIgniter\Database\BaseConnection->simpleQuery('SELECT * from t...')
#3 C:\xampp\htdocs\code\app\Controllers\Student\Student.php(135): CodeIgniter\Database\BaseConnection->query('SELECT * from t...')
#4 C:\xampp\htdocs\code\system\CodeIgniter.php(825): App\Controllers\Student\Student->ajaxLoadData()
#5 C:\xampp\htdocs\code\system\CodeIgniter.php(412): CodeIgniter\CodeIgniter->runController(Object(App\Controllers\Student\Student))
#6 C:\xampp\htdocs\code\system\CodeIgniter.php(320): CodeIgniter\CodeIgniter->handleRequest(NULL, Object(Config\Cache), false)
#7 C:\xampp\htdocs\code\public\index.php(37): CodeIgniter\CodeIgniter->run()
#8 {main}
ERROR - 2022-03-07 21:10:38 --> You have an error in your SQL syntax; check the manual that corresponds to your MariaDB server version for the right syntax to use near ''' at line 1
CRITICAL - 2022-03-07 21:10:38 --> You have an error in your SQL syntax; check the manual that corresponds to your MariaDB server version for the right syntax to use near ''' at line 1
#0 C:\xampp\htdocs\code\system\Database\MySQLi\Connection.php(292): mysqli->query('SELECT * from t...', 0)
#1 C:\xampp\htdocs\code\system\Database\BaseConnection.php(670): CodeIgniter\Database\MySQLi\Connection->execute('SELECT * from t...')
#2 C:\xampp\htdocs\code\system\Database\BaseConnection.php(598): CodeIgniter\Database\BaseConnection->simpleQuery('SELECT * from t...')
#3 C:\xampp\htdocs\code\app\Controllers\Student\Student.php(135): CodeIgniter\Database\BaseConnection->query('SELECT * from t...')
#4 C:\xampp\htdocs\code\system\CodeIgniter.php(825): App\Controllers\Student\Student->ajaxLoadData()
#5 C:\xampp\htdocs\code\system\CodeIgniter.php(412): CodeIgniter\CodeIgniter->runController(Object(App\Controllers\Student\Student))
#6 C:\xampp\htdocs\code\system\CodeIgniter.php(320): CodeIgniter\CodeIgniter->handleRequest(NULL, Object(Config\Cache), false)
#7 C:\xampp\htdocs\code\public\index.php(37): CodeIgniter\CodeIgniter->run()
#8 {main}
ERROR - 2022-03-07 21:10:38 --> You have an error in your SQL syntax; check the manual that corresponds to your MariaDB server version for the right syntax to use near ''' at line 1
ERROR - 2022-03-07 21:10:38 --> You have an error in your SQL syntax; check the manual that corresponds to your MariaDB server version for the right syntax to use near ''' at line 1
ERROR - 2022-03-07 21:10:38 --> You have an error in your SQL syntax; check the manual that corresponds to your MariaDB server version for the right syntax to use near ''' at line 1
CRITICAL - 2022-03-07 21:10:38 --> You have an error in your SQL syntax; check the manual that corresponds to your MariaDB server version for the right syntax to use near ''' at line 1
#0 C:\xampp\htdocs\code\system\Database\MySQLi\Connection.php(292): mysqli->query('SELECT * from t...', 0)
#1 C:\xampp\htdocs\code\system\Database\BaseConnection.php(670): CodeIgniter\Database\MySQLi\Connection->execute('SELECT * from t...')
#2 C:\xampp\htdocs\code\system\Database\BaseConnection.php(598): CodeIgniter\Database\BaseConnection->simpleQuery('SELECT * from t...')
#3 C:\xampp\htdocs\code\app\Controllers\Student\Student.php(135): CodeIgniter\Database\BaseConnection->query('SELECT * from t...')
#4 C:\xampp\htdocs\code\system\CodeIgniter.php(825): App\Controllers\Student\Student->ajaxLoadData()
#5 C:\xampp\htdocs\code\system\CodeIgniter.php(412): CodeIgniter\CodeIgniter->runController(Object(App\Controllers\Student\Student))
#6 C:\xampp\htdocs\code\system\CodeIgniter.php(320): CodeIgniter\CodeIgniter->handleRequest(NULL, Object(Config\Cache), false)
#7 C:\xampp\htdocs\code\public\index.php(37): CodeIgniter\CodeIgniter->run()
#8 {main}
CRITICAL - 2022-03-07 21:10:38 --> You have an error in your SQL syntax; check the manual that corresponds to your MariaDB server version for the right syntax to use near ''' at line 1
#0 C:\xampp\htdocs\code\system\Database\MySQLi\Connection.php(292): mysqli->query('SELECT * from t...', 0)
#1 C:\xampp\htdocs\code\system\Database\BaseConnection.php(670): CodeIgniter\Database\MySQLi\Connection->execute('SELECT * from t...')
#2 C:\xampp\htdocs\code\system\Database\BaseConnection.php(598): CodeIgniter\Database\BaseConnection->simpleQuery('SELECT * from t...')
#3 C:\xampp\htdocs\code\app\Controllers\Student\Student.php(135): CodeIgniter\Database\BaseConnection->query('SELECT * from t...')
#4 C:\xampp\htdocs\code\system\CodeIgniter.php(825): App\Controllers\Student\Student->ajaxLoadData()
#5 C:\xampp\htdocs\code\system\CodeIgniter.php(412): CodeIgniter\CodeIgniter->runController(Object(App\Controllers\Student\Student))
#6 C:\xampp\htdocs\code\system\CodeIgniter.php(320): CodeIgniter\CodeIgniter->handleRequest(NULL, Object(Config\Cache), false)
#7 C:\xampp\htdocs\code\public\index.php(37): CodeIgniter\CodeIgniter->run()
#8 {main}
CRITICAL - 2022-03-07 21:10:38 --> You have an error in your SQL syntax; check the manual that corresponds to your MariaDB server version for the right syntax to use near ''' at line 1
#0 C:\xampp\htdocs\code\system\Database\MySQLi\Connection.php(292): mysqli->query('SELECT * from t...', 0)
#1 C:\xampp\htdocs\code\system\Database\BaseConnection.php(670): CodeIgniter\Database\MySQLi\Connection->execute('SELECT * from t...')
#2 C:\xampp\htdocs\code\system\Database\BaseConnection.php(598): CodeIgniter\Database\BaseConnection->simpleQuery('SELECT * from t...')
#3 C:\xampp\htdocs\code\app\Controllers\Student\Student.php(135): CodeIgniter\Database\BaseConnection->query('SELECT * from t...')
#4 C:\xampp\htdocs\code\system\CodeIgniter.php(825): App\Controllers\Student\Student->ajaxLoadData()
#5 C:\xampp\htdocs\code\system\CodeIgniter.php(412): CodeIgniter\CodeIgniter->runController(Object(App\Controllers\Student\Student))
#6 C:\xampp\htdocs\code\system\CodeIgniter.php(320): CodeIgniter\CodeIgniter->handleRequest(NULL, Object(Config\Cache), false)
#7 C:\xampp\htdocs\code\public\index.php(37): CodeIgniter\CodeIgniter->run()
#8 {main}
ERROR - 2022-03-07 21:10:39 --> You have an error in your SQL syntax; check the manual that corresponds to your MariaDB server version for the right syntax to use near ''' at line 1
ERROR - 2022-03-07 21:10:39 --> You have an error in your SQL syntax; check the manual that corresponds to your MariaDB server version for the right syntax to use near ''' at line 1
CRITICAL - 2022-03-07 21:10:39 --> You have an error in your SQL syntax; check the manual that corresponds to your MariaDB server version for the right syntax to use near ''' at line 1
#0 C:\xampp\htdocs\code\system\Database\MySQLi\Connection.php(292): mysqli->query('SELECT * from t...', 0)
#1 C:\xampp\htdocs\code\system\Database\BaseConnection.php(670): CodeIgniter\Database\MySQLi\Connection->execute('SELECT * from t...')
#2 C:\xampp\htdocs\code\system\Database\BaseConnection.php(598): CodeIgniter\Database\BaseConnection->simpleQuery('SELECT * from t...')
#3 C:\xampp\htdocs\code\app\Controllers\Student\Student.php(135): CodeIgniter\Database\BaseConnection->query('SELECT * from t...')
#4 C:\xampp\htdocs\code\system\CodeIgniter.php(825): App\Controllers\Student\Student->ajaxLoadData()
#5 C:\xampp\htdocs\code\system\CodeIgniter.php(412): CodeIgniter\CodeIgniter->runController(Object(App\Controllers\Student\Student))
#6 C:\xampp\htdocs\code\system\CodeIgniter.php(320): CodeIgniter\CodeIgniter->handleRequest(NULL, Object(Config\Cache), false)
#7 C:\xampp\htdocs\code\public\index.php(37): CodeIgniter\CodeIgniter->run()
#8 {main}
CRITICAL - 2022-03-07 21:10:39 --> You have an error in your SQL syntax; check the manual that corresponds to your MariaDB server version for the right syntax to use near ''' at line 1
#0 C:\xampp\htdocs\code\system\Database\MySQLi\Connection.php(292): mysqli->query('SELECT * from t...', 0)
#1 C:\xampp\htdocs\code\system\Database\BaseConnection.php(670): CodeIgniter\Database\MySQLi\Connection->execute('SELECT * from t...')
#2 C:\xampp\htdocs\code\system\Database\BaseConnection.php(598): CodeIgniter\Database\BaseConnection->simpleQuery('SELECT * from t...')
#3 C:\xampp\htdocs\code\app\Controllers\Student\Student.php(135): CodeIgniter\Database\BaseConnection->query('SELECT * from t...')
#4 C:\xampp\htdocs\code\system\CodeIgniter.php(825): App\Controllers\Student\Student->ajaxLoadData()
#5 C:\xampp\htdocs\code\system\CodeIgniter.php(412): CodeIgniter\CodeIgniter->runController(Object(App\Controllers\Student\Student))
#6 C:\xampp\htdocs\code\system\CodeIgniter.php(320): CodeIgniter\CodeIgniter->handleRequest(NULL, Object(Config\Cache), false)
#7 C:\xampp\htdocs\code\public\index.php(37): CodeIgniter\CodeIgniter->run()
#8 {main}
ERROR - 2022-03-07 21:10:39 --> You have an error in your SQL syntax; check the manual that corresponds to your MariaDB server version for the right syntax to use near ''' at line 1
ERROR - 2022-03-07 21:10:39 --> You have an error in your SQL syntax; check the manual that corresponds to your MariaDB server version for the right syntax to use near ''' at line 1
CRITICAL - 2022-03-07 21:10:39 --> You have an error in your SQL syntax; check the manual that corresponds to your MariaDB server version for the right syntax to use near ''' at line 1
#0 C:\xampp\htdocs\code\system\Database\MySQLi\Connection.php(292): mysqli->query('SELECT * from t...', 0)
#1 C:\xampp\htdocs\code\system\Database\BaseConnection.php(670): CodeIgniter\Database\MySQLi\Connection->execute('SELECT * from t...')
#2 C:\xampp\htdocs\code\system\Database\BaseConnection.php(598): CodeIgniter\Database\BaseConnection->simpleQuery('SELECT * from t...')
#3 C:\xampp\htdocs\code\app\Controllers\Student\Student.php(135): CodeIgniter\Database\BaseConnection->query('SELECT * from t...')
#4 C:\xampp\htdocs\code\system\CodeIgniter.php(825): App\Controllers\Student\Student->ajaxLoadData()
#5 C:\xampp\htdocs\code\system\CodeIgniter.php(412): CodeIgniter\CodeIgniter->runController(Object(App\Controllers\Student\Student))
#6 C:\xampp\htdocs\code\system\CodeIgniter.php(320): CodeIgniter\CodeIgniter->handleRequest(NULL, Object(Config\Cache), false)
#7 C:\xampp\htdocs\code\public\index.php(37): CodeIgniter\CodeIgniter->run()
#8 {main}
CRITICAL - 2022-03-07 21:10:39 --> You have an error in your SQL syntax; check the manual that corresponds to your MariaDB server version for the right syntax to use near ''' at line 1
#0 C:\xampp\htdocs\code\system\Database\MySQLi\Connection.php(292): mysqli->query('SELECT * from t...', 0)
#1 C:\xampp\htdocs\code\system\Database\BaseConnection.php(670): CodeIgniter\Database\MySQLi\Connection->execute('SELECT * from t...')
#2 C:\xampp\htdocs\code\system\Database\BaseConnection.php(598): CodeIgniter\Database\BaseConnection->simpleQuery('SELECT * from t...')
#3 C:\xampp\htdocs\code\app\Controllers\Student\Student.php(135): CodeIgniter\Database\BaseConnection->query('SELECT * from t...')
#4 C:\xampp\htdocs\code\system\CodeIgniter.php(825): App\Controllers\Student\Student->ajaxLoadData()
#5 C:\xampp\htdocs\code\system\CodeIgniter.php(412): CodeIgniter\CodeIgniter->runController(Object(App\Controllers\Student\Student))
#6 C:\xampp\htdocs\code\system\CodeIgniter.php(320): CodeIgniter\CodeIgniter->handleRequest(NULL, Object(Config\Cache), false)
#7 C:\xampp\htdocs\code\public\index.php(37): CodeIgniter\CodeIgniter->run()
#8 {main}
ERROR - 2022-03-07 21:10:39 --> You have an error in your SQL syntax; check the manual that corresponds to your MariaDB server version for the right syntax to use near ''' at line 1
CRITICAL - 2022-03-07 21:10:39 --> You have an error in your SQL syntax; check the manual that corresponds to your MariaDB server version for the right syntax to use near ''' at line 1
#0 C:\xampp\htdocs\code\system\Database\MySQLi\Connection.php(292): mysqli->query('SELECT * from t...', 0)
#1 C:\xampp\htdocs\code\system\Database\BaseConnection.php(670): CodeIgniter\Database\MySQLi\Connection->execute('SELECT * from t...')
#2 C:\xampp\htdocs\code\system\Database\BaseConnection.php(598): CodeIgniter\Database\BaseConnection->simpleQuery('SELECT * from t...')
#3 C:\xampp\htdocs\code\app\Controllers\Student\Student.php(135): CodeIgniter\Database\BaseConnection->query('SELECT * from t...')
#4 C:\xampp\htdocs\code\system\CodeIgniter.php(825): App\Controllers\Student\Student->ajaxLoadData()
#5 C:\xampp\htdocs\code\system\CodeIgniter.php(412): CodeIgniter\CodeIgniter->runController(Object(App\Controllers\Student\Student))
#6 C:\xampp\htdocs\code\system\CodeIgniter.php(320): CodeIgniter\CodeIgniter->handleRequest(NULL, Object(Config\Cache), false)
#7 C:\xampp\htdocs\code\public\index.php(37): CodeIgniter\CodeIgniter->run()
#8 {main}
ERROR - 2022-03-07 21:11:05 --> You have an error in your SQL syntax; check the manual that corresponds to your MariaDB server version for the right syntax to use near ''' at line 1
CRITICAL - 2022-03-07 21:11:05 --> You have an error in your SQL syntax; check the manual that corresponds to your MariaDB server version for the right syntax to use near ''' at line 1
#0 C:\xampp\htdocs\code\system\Database\MySQLi\Connection.php(292): mysqli->query('SELECT * from t...', 0)
#1 C:\xampp\htdocs\code\system\Database\BaseConnection.php(670): CodeIgniter\Database\MySQLi\Connection->execute('SELECT * from t...')
#2 C:\xampp\htdocs\code\system\Database\BaseConnection.php(598): CodeIgniter\Database\BaseConnection->simpleQuery('SELECT * from t...')
#3 C:\xampp\htdocs\code\app\Controllers\Student\Student.php(135): CodeIgniter\Database\BaseConnection->query('SELECT * from t...')
#4 C:\xampp\htdocs\code\system\CodeIgniter.php(825): App\Controllers\Student\Student->ajaxLoadData()
#5 C:\xampp\htdocs\code\system\CodeIgniter.php(412): CodeIgniter\CodeIgniter->runController(Object(App\Controllers\Student\Student))
#6 C:\xampp\htdocs\code\system\CodeIgniter.php(320): CodeIgniter\CodeIgniter->handleRequest(NULL, Object(Config\Cache), false)
#7 C:\xampp\htdocs\code\public\index.php(37): CodeIgniter\CodeIgniter->run()
#8 {main}
ERROR - 2022-03-07 21:11:05 --> You have an error in your SQL syntax; check the manual that corresponds to your MariaDB server version for the right syntax to use near ''' at line 1
CRITICAL - 2022-03-07 21:11:05 --> You have an error in your SQL syntax; check the manual that corresponds to your MariaDB server version for the right syntax to use near ''' at line 1
#0 C:\xampp\htdocs\code\system\Database\MySQLi\Connection.php(292): mysqli->query('SELECT * from t...', 0)
#1 C:\xampp\htdocs\code\system\Database\BaseConnection.php(670): CodeIgniter\Database\MySQLi\Connection->execute('SELECT * from t...')
#2 C:\xampp\htdocs\code\system\Database\BaseConnection.php(598): CodeIgniter\Database\BaseConnection->simpleQuery('SELECT * from t...')
#3 C:\xampp\htdocs\code\app\Controllers\Student\Student.php(135): CodeIgniter\Database\BaseConnection->query('SELECT * from t...')
#4 C:\xampp\htdocs\code\system\CodeIgniter.php(825): App\Controllers\Student\Student->ajaxLoadData()
#5 C:\xampp\htdocs\code\system\CodeIgniter.php(412): CodeIgniter\CodeIgniter->runController(Object(App\Controllers\Student\Student))
#6 C:\xampp\htdocs\code\system\CodeIgniter.php(320): CodeIgniter\CodeIgniter->handleRequest(NULL, Object(Config\Cache), false)
#7 C:\xampp\htdocs\code\public\index.php(37): CodeIgniter\CodeIgniter->run()
#8 {main}
ERROR - 2022-03-07 21:11:05 --> You have an error in your SQL syntax; check the manual that corresponds to your MariaDB server version for the right syntax to use near ''' at line 1
CRITICAL - 2022-03-07 21:11:05 --> You have an error in your SQL syntax; check the manual that corresponds to your MariaDB server version for the right syntax to use near ''' at line 1
#0 C:\xampp\htdocs\code\system\Database\MySQLi\Connection.php(292): mysqli->query('SELECT * from t...', 0)
#1 C:\xampp\htdocs\code\system\Database\BaseConnection.php(670): CodeIgniter\Database\MySQLi\Connection->execute('SELECT * from t...')
#2 C:\xampp\htdocs\code\system\Database\BaseConnection.php(598): CodeIgniter\Database\BaseConnection->simpleQuery('SELECT * from t...')
#3 C:\xampp\htdocs\code\app\Controllers\Student\Student.php(135): CodeIgniter\Database\BaseConnection->query('SELECT * from t...')
#4 C:\xampp\htdocs\code\system\CodeIgniter.php(825): App\Controllers\Student\Student->ajaxLoadData()
#5 C:\xampp\htdocs\code\system\CodeIgniter.php(412): CodeIgniter\CodeIgniter->runController(Object(App\Controllers\Student\Student))
#6 C:\xampp\htdocs\code\system\CodeIgniter.php(320): CodeIgniter\CodeIgniter->handleRequest(NULL, Object(Config\Cache), false)
#7 C:\xampp\htdocs\code\public\index.php(37): CodeIgniter\CodeIgniter->run()
#8 {main}
ERROR - 2022-03-07 21:11:05 --> You have an error in your SQL syntax; check the manual that corresponds to your MariaDB server version for the right syntax to use near ''' at line 1
ERROR - 2022-03-07 21:11:05 --> You have an error in your SQL syntax; check the manual that corresponds to your MariaDB server version for the right syntax to use near ''' at line 1
CRITICAL - 2022-03-07 21:11:05 --> You have an error in your SQL syntax; check the manual that corresponds to your MariaDB server version for the right syntax to use near ''' at line 1
#0 C:\xampp\htdocs\code\system\Database\MySQLi\Connection.php(292): mysqli->query('SELECT * from t...', 0)
#1 C:\xampp\htdocs\code\system\Database\BaseConnection.php(670): CodeIgniter\Database\MySQLi\Connection->execute('SELECT * from t...')
#2 C:\xampp\htdocs\code\system\Database\BaseConnection.php(598): CodeIgniter\Database\BaseConnection->simpleQuery('SELECT * from t...')
#3 C:\xampp\htdocs\code\app\Controllers\Student\Student.php(135): CodeIgniter\Database\BaseConnection->query('SELECT * from t...')
#4 C:\xampp\htdocs\code\system\CodeIgniter.php(825): App\Controllers\Student\Student->ajaxLoadData()
#5 C:\xampp\htdocs\code\system\CodeIgniter.php(412): CodeIgniter\CodeIgniter->runController(Object(App\Controllers\Student\Student))
#6 C:\xampp\htdocs\code\system\CodeIgniter.php(320): CodeIgniter\CodeIgniter->handleRequest(NULL, Object(Config\Cache), false)
#7 C:\xampp\htdocs\code\public\index.php(37): CodeIgniter\CodeIgniter->run()
#8 {main}
CRITICAL - 2022-03-07 21:11:05 --> You have an error in your SQL syntax; check the manual that corresponds to your MariaDB server version for the right syntax to use near ''' at line 1
#0 C:\xampp\htdocs\code\system\Database\MySQLi\Connection.php(292): mysqli->query('SELECT * from t...', 0)
#1 C:\xampp\htdocs\code\system\Database\BaseConnection.php(670): CodeIgniter\Database\MySQLi\Connection->execute('SELECT * from t...')
#2 C:\xampp\htdocs\code\system\Database\BaseConnection.php(598): CodeIgniter\Database\BaseConnection->simpleQuery('SELECT * from t...')
#3 C:\xampp\htdocs\code\app\Controllers\Student\Student.php(135): CodeIgniter\Database\BaseConnection->query('SELECT * from t...')
#4 C:\xampp\htdocs\code\system\CodeIgniter.php(825): App\Controllers\Student\Student->ajaxLoadData()
#5 C:\xampp\htdocs\code\system\CodeIgniter.php(412): CodeIgniter\CodeIgniter->runController(Object(App\Controllers\Student\Student))
#6 C:\xampp\htdocs\code\system\CodeIgniter.php(320): CodeIgniter\CodeIgniter->handleRequest(NULL, Object(Config\Cache), false)
#7 C:\xampp\htdocs\code\public\index.php(37): CodeIgniter\CodeIgniter->run()
#8 {main}
ERROR - 2022-03-07 21:11:05 --> You have an error in your SQL syntax; check the manual that corresponds to your MariaDB server version for the right syntax to use near ''' at line 1
CRITICAL - 2022-03-07 21:11:05 --> You have an error in your SQL syntax; check the manual that corresponds to your MariaDB server version for the right syntax to use near ''' at line 1
#0 C:\xampp\htdocs\code\system\Database\MySQLi\Connection.php(292): mysqli->query('SELECT * from t...', 0)
#1 C:\xampp\htdocs\code\system\Database\BaseConnection.php(670): CodeIgniter\Database\MySQLi\Connection->execute('SELECT * from t...')
#2 C:\xampp\htdocs\code\system\Database\BaseConnection.php(598): CodeIgniter\Database\BaseConnection->simpleQuery('SELECT * from t...')
#3 C:\xampp\htdocs\code\app\Controllers\Student\Student.php(135): CodeIgniter\Database\BaseConnection->query('SELECT * from t...')
#4 C:\xampp\htdocs\code\system\CodeIgniter.php(825): App\Controllers\Student\Student->ajaxLoadData()
#5 C:\xampp\htdocs\code\system\CodeIgniter.php(412): CodeIgniter\CodeIgniter->runController(Object(App\Controllers\Student\Student))
#6 C:\xampp\htdocs\code\system\CodeIgniter.php(320): CodeIgniter\CodeIgniter->handleRequest(NULL, Object(Config\Cache), false)
#7 C:\xampp\htdocs\code\public\index.php(37): CodeIgniter\CodeIgniter->run()
#8 {main}
ERROR - 2022-03-07 21:11:09 --> You have an error in your SQL syntax; check the manual that corresponds to your MariaDB server version for the right syntax to use near ''' at line 1
ERROR - 2022-03-07 21:11:09 --> You have an error in your SQL syntax; check the manual that corresponds to your MariaDB server version for the right syntax to use near ''' at line 1
CRITICAL - 2022-03-07 21:11:09 --> You have an error in your SQL syntax; check the manual that corresponds to your MariaDB server version for the right syntax to use near ''' at line 1
#0 C:\xampp\htdocs\code\system\Database\MySQLi\Connection.php(292): mysqli->query('SELECT * from t...', 0)
#1 C:\xampp\htdocs\code\system\Database\BaseConnection.php(670): CodeIgniter\Database\MySQLi\Connection->execute('SELECT * from t...')
#2 C:\xampp\htdocs\code\system\Database\BaseConnection.php(598): CodeIgniter\Database\BaseConnection->simpleQuery('SELECT * from t...')
#3 C:\xampp\htdocs\code\app\Controllers\Student\Student.php(135): CodeIgniter\Database\BaseConnection->query('SELECT * from t...')
#4 C:\xampp\htdocs\code\system\CodeIgniter.php(825): App\Controllers\Student\Student->ajaxLoadData()
#5 C:\xampp\htdocs\code\system\CodeIgniter.php(412): CodeIgniter\CodeIgniter->runController(Object(App\Controllers\Student\Student))
#6 C:\xampp\htdocs\code\system\CodeIgniter.php(320): CodeIgniter\CodeIgniter->handleRequest(NULL, Object(Config\Cache), false)
#7 C:\xampp\htdocs\code\public\index.php(37): CodeIgniter\CodeIgniter->run()
#8 {main}
CRITICAL - 2022-03-07 21:11:09 --> You have an error in your SQL syntax; check the manual that corresponds to your MariaDB server version for the right syntax to use near ''' at line 1
#0 C:\xampp\htdocs\code\system\Database\MySQLi\Connection.php(292): mysqli->query('SELECT * from t...', 0)
#1 C:\xampp\htdocs\code\system\Database\BaseConnection.php(670): CodeIgniter\Database\MySQLi\Connection->execute('SELECT * from t...')
#2 C:\xampp\htdocs\code\system\Database\BaseConnection.php(598): CodeIgniter\Database\BaseConnection->simpleQuery('SELECT * from t...')
#3 C:\xampp\htdocs\code\app\Controllers\Student\Student.php(135): CodeIgniter\Database\BaseConnection->query('SELECT * from t...')
#4 C:\xampp\htdocs\code\system\CodeIgniter.php(825): App\Controllers\Student\Student->ajaxLoadData()
#5 C:\xampp\htdocs\code\system\CodeIgniter.php(412): CodeIgniter\CodeIgniter->runController(Object(App\Controllers\Student\Student))
#6 C:\xampp\htdocs\code\system\CodeIgniter.php(320): CodeIgniter\CodeIgniter->handleRequest(NULL, Object(Config\Cache), false)
#7 C:\xampp\htdocs\code\public\index.php(37): CodeIgniter\CodeIgniter->run()
#8 {main}
ERROR - 2022-03-07 21:11:09 --> You have an error in your SQL syntax; check the manual that corresponds to your MariaDB server version for the right syntax to use near ''' at line 1
ERROR - 2022-03-07 21:11:09 --> You have an error in your SQL syntax; check the manual that corresponds to your MariaDB server version for the right syntax to use near ''' at line 1
ERROR - 2022-03-07 21:11:09 --> You have an error in your SQL syntax; check the manual that corresponds to your MariaDB server version for the right syntax to use near ''' at line 1
CRITICAL - 2022-03-07 21:11:09 --> You have an error in your SQL syntax; check the manual that corresponds to your MariaDB server version for the right syntax to use near ''' at line 1
#0 C:\xampp\htdocs\code\system\Database\MySQLi\Connection.php(292): mysqli->query('SELECT * from t...', 0)
#1 C:\xampp\htdocs\code\system\Database\BaseConnection.php(670): CodeIgniter\Database\MySQLi\Connection->execute('SELECT * from t...')
#2 C:\xampp\htdocs\code\system\Database\BaseConnection.php(598): CodeIgniter\Database\BaseConnection->simpleQuery('SELECT * from t...')
#3 C:\xampp\htdocs\code\app\Controllers\Student\Student.php(135): CodeIgniter\Database\BaseConnection->query('SELECT * from t...')
#4 C:\xampp\htdocs\code\system\CodeIgniter.php(825): App\Controllers\Student\Student->ajaxLoadData()
#5 C:\xampp\htdocs\code\system\CodeIgniter.php(412): CodeIgniter\CodeIgniter->runController(Object(App\Controllers\Student\Student))
#6 C:\xampp\htdocs\code\system\CodeIgniter.php(320): CodeIgniter\CodeIgniter->handleRequest(NULL, Object(Config\Cache), false)
#7 C:\xampp\htdocs\code\public\index.php(37): CodeIgniter\CodeIgniter->run()
#8 {main}
CRITICAL - 2022-03-07 21:11:09 --> You have an error in your SQL syntax; check the manual that corresponds to your MariaDB server version for the right syntax to use near ''' at line 1
#0 C:\xampp\htdocs\code\system\Database\MySQLi\Connection.php(292): mysqli->query('SELECT * from t...', 0)
#1 C:\xampp\htdocs\code\system\Database\BaseConnection.php(670): CodeIgniter\Database\MySQLi\Connection->execute('SELECT * from t...')
#2 C:\xampp\htdocs\code\system\Database\BaseConnection.php(598): CodeIgniter\Database\BaseConnection->simpleQuery('SELECT * from t...')
#3 C:\xampp\htdocs\code\app\Controllers\Student\Student.php(135): CodeIgniter\Database\BaseConnection->query('SELECT * from t...')
#4 C:\xampp\htdocs\code\system\CodeIgniter.php(825): App\Controllers\Student\Student->ajaxLoadData()
#5 C:\xampp\htdocs\code\system\CodeIgniter.php(412): CodeIgniter\CodeIgniter->runController(Object(App\Controllers\Student\Student))
#6 C:\xampp\htdocs\code\system\CodeIgniter.php(320): CodeIgniter\CodeIgniter->handleRequest(NULL, Object(Config\Cache), false)
#7 C:\xampp\htdocs\code\public\index.php(37): CodeIgniter\CodeIgniter->run()
#8 {main}
CRITICAL - 2022-03-07 21:11:09 --> You have an error in your SQL syntax; check the manual that corresponds to your MariaDB server version for the right syntax to use near ''' at line 1
#0 C:\xampp\htdocs\code\system\Database\MySQLi\Connection.php(292): mysqli->query('SELECT * from t...', 0)
#1 C:\xampp\htdocs\code\system\Database\BaseConnection.php(670): CodeIgniter\Database\MySQLi\Connection->execute('SELECT * from t...')
#2 C:\xampp\htdocs\code\system\Database\BaseConnection.php(598): CodeIgniter\Database\BaseConnection->simpleQuery('SELECT * from t...')
#3 C:\xampp\htdocs\code\app\Controllers\Student\Student.php(135): CodeIgniter\Database\BaseConnection->query('SELECT * from t...')
#4 C:\xampp\htdocs\code\system\CodeIgniter.php(825): App\Controllers\Student\Student->ajaxLoadData()
#5 C:\xampp\htdocs\code\system\CodeIgniter.php(412): CodeIgniter\CodeIgniter->runController(Object(App\Controllers\Student\Student))
#6 C:\xampp\htdocs\code\system\CodeIgniter.php(320): CodeIgniter\CodeIgniter->handleRequest(NULL, Object(Config\Cache), false)
#7 C:\xampp\htdocs\code\public\index.php(37): CodeIgniter\CodeIgniter->run()
#8 {main}
ERROR - 2022-03-07 21:12:07 --> You have an error in your SQL syntax; check the manual that corresponds to your MariaDB server version for the right syntax to use near ''' at line 1
CRITICAL - 2022-03-07 21:12:07 --> You have an error in your SQL syntax; check the manual that corresponds to your MariaDB server version for the right syntax to use near ''' at line 1
#0 C:\xampp\htdocs\code\system\Database\MySQLi\Connection.php(292): mysqli->query('SELECT * from t...', 0)
#1 C:\xampp\htdocs\code\system\Database\BaseConnection.php(670): CodeIgniter\Database\MySQLi\Connection->execute('SELECT * from t...')
#2 C:\xampp\htdocs\code\system\Database\BaseConnection.php(598): CodeIgniter\Database\BaseConnection->simpleQuery('SELECT * from t...')
#3 C:\xampp\htdocs\code\app\Controllers\Student\Student.php(142): CodeIgniter\Database\BaseConnection->query('SELECT * from t...')
#4 C:\xampp\htdocs\code\system\CodeIgniter.php(825): App\Controllers\Student\Student->ajaxLoadData()
#5 C:\xampp\htdocs\code\system\CodeIgniter.php(412): CodeIgniter\CodeIgniter->runController(Object(App\Controllers\Student\Student))
#6 C:\xampp\htdocs\code\system\CodeIgniter.php(320): CodeIgniter\CodeIgniter->handleRequest(NULL, Object(Config\Cache), false)
#7 C:\xampp\htdocs\code\public\index.php(37): CodeIgniter\CodeIgniter->run()
#8 {main}
ERROR - 2022-03-07 21:12:07 --> You have an error in your SQL syntax; check the manual that corresponds to your MariaDB server version for the right syntax to use near ''' at line 1
CRITICAL - 2022-03-07 21:12:07 --> You have an error in your SQL syntax; check the manual that corresponds to your MariaDB server version for the right syntax to use near ''' at line 1
#0 C:\xampp\htdocs\code\system\Database\MySQLi\Connection.php(292): mysqli->query('SELECT * from t...', 0)
#1 C:\xampp\htdocs\code\system\Database\BaseConnection.php(670): CodeIgniter\Database\MySQLi\Connection->execute('SELECT * from t...')
#2 C:\xampp\htdocs\code\system\Database\BaseConnection.php(598): CodeIgniter\Database\BaseConnection->simpleQuery('SELECT * from t...')
#3 C:\xampp\htdocs\code\app\Controllers\Student\Student.php(142): CodeIgniter\Database\BaseConnection->query('SELECT * from t...')
#4 C:\xampp\htdocs\code\system\CodeIgniter.php(825): App\Controllers\Student\Student->ajaxLoadData()
#5 C:\xampp\htdocs\code\system\CodeIgniter.php(412): CodeIgniter\CodeIgniter->runController(Object(App\Controllers\Student\Student))
#6 C:\xampp\htdocs\code\system\CodeIgniter.php(320): CodeIgniter\CodeIgniter->handleRequest(NULL, Object(Config\Cache), false)
#7 C:\xampp\htdocs\code\public\index.php(37): CodeIgniter\CodeIgniter->run()
#8 {main}
ERROR - 2022-03-07 21:12:07 --> You have an error in your SQL syntax; check the manual that corresponds to your MariaDB server version for the right syntax to use near ''' at line 1
CRITICAL - 2022-03-07 21:12:07 --> You have an error in your SQL syntax; check the manual that corresponds to your MariaDB server version for the right syntax to use near ''' at line 1
#0 C:\xampp\htdocs\code\system\Database\MySQLi\Connection.php(292): mysqli->query('SELECT * from t...', 0)
#1 C:\xampp\htdocs\code\system\Database\BaseConnection.php(670): CodeIgniter\Database\MySQLi\Connection->execute('SELECT * from t...')
#2 C:\xampp\htdocs\code\system\Database\BaseConnection.php(598): CodeIgniter\Database\BaseConnection->simpleQuery('SELECT * from t...')
#3 C:\xampp\htdocs\code\app\Controllers\Student\Student.php(142): CodeIgniter\Database\BaseConnection->query('SELECT * from t...')
#4 C:\xampp\htdocs\code\system\CodeIgniter.php(825): App\Controllers\Student\Student->ajaxLoadData()
#5 C:\xampp\htdocs\code\system\CodeIgniter.php(412): CodeIgniter\CodeIgniter->runController(Object(App\Controllers\Student\Student))
#6 C:\xampp\htdocs\code\system\CodeIgniter.php(320): CodeIgniter\CodeIgniter->handleRequest(NULL, Object(Config\Cache), false)
#7 C:\xampp\htdocs\code\public\index.php(37): CodeIgniter\CodeIgniter->run()
#8 {main}
