CRITICAL - 2022-03-10 10:37:43 --> Undefined variable: total_count
#0 C:\xampp\htdocs\code\app\Controllers\Student\Student.php(178): CodeIgniter\Debug\Exceptions->errorHandler(8, 'Undefined varia...', 'C:\\xampp\\htdocs...', 178, Array)
#1 C:\xampp\htdocs\code\system\CodeIgniter.php(825): App\Controllers\Student\Student->ajaxLoadData()
#2 C:\xampp\htdocs\code\system\CodeIgniter.php(412): CodeIgniter\CodeIgniter->runController(Object(App\Controllers\Student\Student))
#3 C:\xampp\htdocs\code\system\CodeIgniter.php(320): CodeIgniter\CodeIgniter->handleRequest(NULL, Object(Config\Cache), false)
#4 C:\xampp\htdocs\code\public\index.php(37): CodeIgniter\CodeIgniter->run()
#5 {main}
CRITICAL - 2022-03-10 10:38:49 --> count(): Parameter must be an array or an object that implements Countable
#0 [internal function]: CodeIgniter\Debug\Exceptions->errorHandler(2, 'count(): Parame...', 'C:\\xampp\\htdocs...', 178, Array)
#1 C:\xampp\htdocs\code\app\Controllers\Student\Student.php(178): count(Object(CodeIgniter\Database\MySQLi\Result))
#2 C:\xampp\htdocs\code\system\CodeIgniter.php(825): App\Controllers\Student\Student->ajaxLoadData()
#3 C:\xampp\htdocs\code\system\CodeIgniter.php(412): CodeIgniter\CodeIgniter->runController(Object(App\Controllers\Student\Student))
#4 C:\xampp\htdocs\code\system\CodeIgniter.php(320): CodeIgniter\CodeIgniter->handleRequest(NULL, Object(Config\Cache), false)
#5 C:\xampp\htdocs\code\public\index.php(37): CodeIgniter\CodeIgniter->run()
#6 {main}
CRITICAL - 2022-03-10 10:40:03 --> Call to undefined method App\Models\StudetsModel::getResult
#0 C:\xampp\htdocs\code\app\Controllers\Student\Student.php(159): CodeIgniter\Model->__call('getResult', Array)
#1 C:\xampp\htdocs\code\system\CodeIgniter.php(825): App\Controllers\Student\Student->ajaxLoadData()
#2 C:\xampp\htdocs\code\system\CodeIgniter.php(412): CodeIgniter\CodeIgniter->runController(Object(App\Controllers\Student\Student))
#3 C:\xampp\htdocs\code\system\CodeIgniter.php(320): CodeIgniter\CodeIgniter->handleRequest(NULL, Object(Config\Cache), false)
#4 C:\xampp\htdocs\code\public\index.php(37): CodeIgniter\CodeIgniter->run()
#5 {main}
CRITICAL - 2022-03-10 10:41:25 --> Call to undefined method App\Models\StudetsModel::getResult
#0 C:\xampp\htdocs\code\app\Controllers\Student\Student.php(158): CodeIgniter\Model->__call('getResult', Array)
#1 C:\xampp\htdocs\code\system\CodeIgniter.php(825): App\Controllers\Student\Student->ajaxLoadData()
#2 C:\xampp\htdocs\code\system\CodeIgniter.php(412): CodeIgniter\CodeIgniter->runController(Object(App\Controllers\Student\Student))
#3 C:\xampp\htdocs\code\system\CodeIgniter.php(320): CodeIgniter\CodeIgniter->handleRequest(NULL, Object(Config\Cache), false)
#4 C:\xampp\htdocs\code\public\index.php(37): CodeIgniter\CodeIgniter->run()
#5 {main}
CRITICAL - 2022-03-10 10:42:05 --> Call to undefined method App\Models\StudetsModel::getResult
#0 C:\xampp\htdocs\code\app\Controllers\Student\Student.php(158): CodeIgniter\Model->__call('getResult', Array)
#1 C:\xampp\htdocs\code\system\CodeIgniter.php(825): App\Controllers\Student\Student->ajaxLoadData()
#2 C:\xampp\htdocs\code\system\CodeIgniter.php(412): CodeIgniter\CodeIgniter->runController(Object(App\Controllers\Student\Student))
#3 C:\xampp\htdocs\code\system\CodeIgniter.php(320): CodeIgniter\CodeIgniter->handleRequest(NULL, Object(Config\Cache), false)
#4 C:\xampp\htdocs\code\public\index.php(37): CodeIgniter\CodeIgniter->run()
#5 {main}
CRITICAL - 2022-03-10 10:42:33 --> Call to undefined method App\Models\StudetsModel::getResult
#0 C:\xampp\htdocs\code\app\Controllers\Student\Student.php(158): CodeIgniter\Model->__call('getResult', Array)
#1 C:\xampp\htdocs\code\system\CodeIgniter.php(825): App\Controllers\Student\Student->ajaxLoadData()
#2 C:\xampp\htdocs\code\system\CodeIgniter.php(412): CodeIgniter\CodeIgniter->runController(Object(App\Controllers\Student\Student))
#3 C:\xampp\htdocs\code\system\CodeIgniter.php(320): CodeIgniter\CodeIgniter->handleRequest(NULL, Object(Config\Cache), false)
#4 C:\xampp\htdocs\code\public\index.php(37): CodeIgniter\CodeIgniter->run()
#5 {main}
CRITICAL - 2022-03-10 11:30:27 --> Too few arguments to function CodeIgniter\Database\BaseConnection::table(), 0 passed in C:\xampp\htdocs\code\system\Model.php on line 726 and exactly 1 expected
#0 C:\xampp\htdocs\code\system\Model.php(726): CodeIgniter\Database\BaseConnection->table()
#1 C:\xampp\htdocs\code\app\Controllers\Student\Student.php(165): CodeIgniter\Model->__call('table', Array)
#2 C:\xampp\htdocs\code\system\CodeIgniter.php(825): App\Controllers\Student\Student->ajaxLoadData()
#3 C:\xampp\htdocs\code\system\CodeIgniter.php(412): CodeIgniter\CodeIgniter->runController(Object(App\Controllers\Student\Student))
#4 C:\xampp\htdocs\code\system\CodeIgniter.php(320): CodeIgniter\CodeIgniter->handleRequest(NULL, Object(Config\Cache), false)
#5 C:\xampp\htdocs\code\public\index.php(37): CodeIgniter\CodeIgniter->run()
#6 {main}
ERROR - 2022-03-10 15:45:46 --> You have an error in your SQL syntax; check the manual that corresponds to your MariaDB server version for the right syntax to use near ':7: ESCAPE '!'' at line 3
CRITICAL - 2022-03-10 15:45:46 --> You have an error in your SQL syntax; check the manual that corresponds to your MariaDB server version for the right syntax to use near ':7: ESCAPE '!'' at line 3
#0 C:\xampp\htdocs\code\system\Database\MySQLi\Connection.php(292): mysqli->query('SELECT *\nFROM `...', 0)
#1 C:\xampp\htdocs\code\system\Database\BaseConnection.php(670): CodeIgniter\Database\MySQLi\Connection->execute('SELECT *\nFROM `...')
#2 C:\xampp\htdocs\code\system\Database\BaseConnection.php(598): CodeIgniter\Database\BaseConnection->simpleQuery('SELECT *\nFROM `...')
#3 C:\xampp\htdocs\code\system\Database\BaseBuilder.php(1455): CodeIgniter\Database\BaseConnection->query('SELECT *\nFROM `...', Array, false)
#4 C:\xampp\htdocs\code\system\Model.php(728): CodeIgniter\Database\BaseBuilder->get()
#5 C:\xampp\htdocs\code\app\Controllers\Student\Student.php(142): CodeIgniter\Model->__call('get', Array)
#6 C:\xampp\htdocs\code\system\CodeIgniter.php(825): App\Controllers\Student\Student->ajaxLoadData()
#7 C:\xampp\htdocs\code\system\CodeIgniter.php(412): CodeIgniter\CodeIgniter->runController(Object(App\Controllers\Student\Student))
#8 C:\xampp\htdocs\code\system\CodeIgniter.php(320): CodeIgniter\CodeIgniter->handleRequest(NULL, Object(Config\Cache), false)
#9 C:\xampp\htdocs\code\public\index.php(37): CodeIgniter\CodeIgniter->run()
#10 {main}
ERROR - 2022-03-10 15:45:49 --> You have an error in your SQL syntax; check the manual that corresponds to your MariaDB server version for the right syntax to use near ':71: ESCAPE '!'' at line 3
CRITICAL - 2022-03-10 15:45:49 --> You have an error in your SQL syntax; check the manual that corresponds to your MariaDB server version for the right syntax to use near ':71: ESCAPE '!'' at line 3
#0 C:\xampp\htdocs\code\system\Database\MySQLi\Connection.php(292): mysqli->query('SELECT *\nFROM `...', 0)
#1 C:\xampp\htdocs\code\system\Database\BaseConnection.php(670): CodeIgniter\Database\MySQLi\Connection->execute('SELECT *\nFROM `...')
#2 C:\xampp\htdocs\code\system\Database\BaseConnection.php(598): CodeIgniter\Database\BaseConnection->simpleQuery('SELECT *\nFROM `...')
#3 C:\xampp\htdocs\code\system\Database\BaseBuilder.php(1455): CodeIgniter\Database\BaseConnection->query('SELECT *\nFROM `...', Array, false)
#4 C:\xampp\htdocs\code\system\Model.php(728): CodeIgniter\Database\BaseBuilder->get()
#5 C:\xampp\htdocs\code\app\Controllers\Student\Student.php(142): CodeIgniter\Model->__call('get', Array)
#6 C:\xampp\htdocs\code\system\CodeIgniter.php(825): App\Controllers\Student\Student->ajaxLoadData()
#7 C:\xampp\htdocs\code\system\CodeIgniter.php(412): CodeIgniter\CodeIgniter->runController(Object(App\Controllers\Student\Student))
#8 C:\xampp\htdocs\code\system\CodeIgniter.php(320): CodeIgniter\CodeIgniter->handleRequest(NULL, Object(Config\Cache), false)
#9 C:\xampp\htdocs\code\public\index.php(37): CodeIgniter\CodeIgniter->run()
#10 {main}
ERROR - 2022-03-10 15:46:10 --> You have an error in your SQL syntax; check the manual that corresponds to your MariaDB server version for the right syntax to use near ':7: ESCAPE '!'' at line 3
CRITICAL - 2022-03-10 15:46:10 --> You have an error in your SQL syntax; check the manual that corresponds to your MariaDB server version for the right syntax to use near ':7: ESCAPE '!'' at line 3
#0 C:\xampp\htdocs\code\system\Database\MySQLi\Connection.php(292): mysqli->query('SELECT *\nFROM `...', 0)
#1 C:\xampp\htdocs\code\system\Database\BaseConnection.php(670): CodeIgniter\Database\MySQLi\Connection->execute('SELECT *\nFROM `...')
#2 C:\xampp\htdocs\code\system\Database\BaseConnection.php(598): CodeIgniter\Database\BaseConnection->simpleQuery('SELECT *\nFROM `...')
#3 C:\xampp\htdocs\code\system\Database\BaseBuilder.php(1455): CodeIgniter\Database\BaseConnection->query('SELECT *\nFROM `...', Array, false)
#4 C:\xampp\htdocs\code\system\Model.php(728): CodeIgniter\Database\BaseBuilder->get()
#5 C:\xampp\htdocs\code\app\Controllers\Student\Student.php(142): CodeIgniter\Model->__call('get', Array)
#6 C:\xampp\htdocs\code\system\CodeIgniter.php(825): App\Controllers\Student\Student->ajaxLoadData()
#7 C:\xampp\htdocs\code\system\CodeIgniter.php(412): CodeIgniter\CodeIgniter->runController(Object(App\Controllers\Student\Student))
#8 C:\xampp\htdocs\code\system\CodeIgniter.php(320): CodeIgniter\CodeIgniter->handleRequest(NULL, Object(Config\Cache), false)
#9 C:\xampp\htdocs\code\public\index.php(37): CodeIgniter\CodeIgniter->run()
#10 {main}
ERROR - 2022-03-10 15:46:12 --> Unknown column 'e' in 'where clause'
CRITICAL - 2022-03-10 15:46:12 --> Unknown column 'e' in 'where clause'
#0 C:\xampp\htdocs\code\system\Database\MySQLi\Connection.php(292): mysqli->query('SELECT *\nFROM `...', 0)
#1 C:\xampp\htdocs\code\system\Database\BaseConnection.php(670): CodeIgniter\Database\MySQLi\Connection->execute('SELECT *\nFROM `...')
#2 C:\xampp\htdocs\code\system\Database\BaseConnection.php(598): CodeIgniter\Database\BaseConnection->simpleQuery('SELECT *\nFROM `...')
#3 C:\xampp\htdocs\code\system\Database\BaseBuilder.php(1455): CodeIgniter\Database\BaseConnection->query('SELECT *\nFROM `...', Array, false)
#4 C:\xampp\htdocs\code\system\Model.php(728): CodeIgniter\Database\BaseBuilder->get()
#5 C:\xampp\htdocs\code\app\Controllers\Student\Student.php(142): CodeIgniter\Model->__call('get', Array)
#6 C:\xampp\htdocs\code\system\CodeIgniter.php(825): App\Controllers\Student\Student->ajaxLoadData()
#7 C:\xampp\htdocs\code\system\CodeIgniter.php(412): CodeIgniter\CodeIgniter->runController(Object(App\Controllers\Student\Student))
#8 C:\xampp\htdocs\code\system\CodeIgniter.php(320): CodeIgniter\CodeIgniter->handleRequest(NULL, Object(Config\Cache), false)
#9 C:\xampp\htdocs\code\public\index.php(37): CodeIgniter\CodeIgniter->run()
#10 {main}
ERROR - 2022-03-10 15:46:14 --> Unknown column 'ed' in 'where clause'
CRITICAL - 2022-03-10 15:46:14 --> Unknown column 'ed' in 'where clause'
#0 C:\xampp\htdocs\code\system\Database\MySQLi\Connection.php(292): mysqli->query('SELECT *\nFROM `...', 0)
#1 C:\xampp\htdocs\code\system\Database\BaseConnection.php(670): CodeIgniter\Database\MySQLi\Connection->execute('SELECT *\nFROM `...')
#2 C:\xampp\htdocs\code\system\Database\BaseConnection.php(598): CodeIgniter\Database\BaseConnection->simpleQuery('SELECT *\nFROM `...')
#3 C:\xampp\htdocs\code\system\Database\BaseBuilder.php(1455): CodeIgniter\Database\BaseConnection->query('SELECT *\nFROM `...', Array, false)
#4 C:\xampp\htdocs\code\system\Model.php(728): CodeIgniter\Database\BaseBuilder->get()
#5 C:\xampp\htdocs\code\app\Controllers\Student\Student.php(142): CodeIgniter\Model->__call('get', Array)
#6 C:\xampp\htdocs\code\system\CodeIgniter.php(825): App\Controllers\Student\Student->ajaxLoadData()
#7 C:\xampp\htdocs\code\system\CodeIgniter.php(412): CodeIgniter\CodeIgniter->runController(Object(App\Controllers\Student\Student))
#8 C:\xampp\htdocs\code\system\CodeIgniter.php(320): CodeIgniter\CodeIgniter->handleRequest(NULL, Object(Config\Cache), false)
#9 C:\xampp\htdocs\code\public\index.php(37): CodeIgniter\CodeIgniter->run()
#10 {main}
ERROR - 2022-03-10 15:46:17 --> Unknown column 'e' in 'where clause'
CRITICAL - 2022-03-10 15:46:17 --> Unknown column 'e' in 'where clause'
#0 C:\xampp\htdocs\code\system\Database\MySQLi\Connection.php(292): mysqli->query('SELECT *\nFROM `...', 0)
#1 C:\xampp\htdocs\code\system\Database\BaseConnection.php(670): CodeIgniter\Database\MySQLi\Connection->execute('SELECT *\nFROM `...')
#2 C:\xampp\htdocs\code\system\Database\BaseConnection.php(598): CodeIgniter\Database\BaseConnection->simpleQuery('SELECT *\nFROM `...')
#3 C:\xampp\htdocs\code\system\Database\BaseBuilder.php(1455): CodeIgniter\Database\BaseConnection->query('SELECT *\nFROM `...', Array, false)
#4 C:\xampp\htdocs\code\system\Model.php(728): CodeIgniter\Database\BaseBuilder->get()
#5 C:\xampp\htdocs\code\app\Controllers\Student\Student.php(142): CodeIgniter\Model->__call('get', Array)
#6 C:\xampp\htdocs\code\system\CodeIgniter.php(825): App\Controllers\Student\Student->ajaxLoadData()
#7 C:\xampp\htdocs\code\system\CodeIgniter.php(412): CodeIgniter\CodeIgniter->runController(Object(App\Controllers\Student\Student))
#8 C:\xampp\htdocs\code\system\CodeIgniter.php(320): CodeIgniter\CodeIgniter->handleRequest(NULL, Object(Config\Cache), false)
#9 C:\xampp\htdocs\code\public\index.php(37): CodeIgniter\CodeIgniter->run()
#10 {main}
ERROR - 2022-03-10 15:47:37 --> Unknown column 'E' in 'where clause'
CRITICAL - 2022-03-10 15:47:37 --> Unknown column 'E' in 'where clause'
#0 C:\xampp\htdocs\code\system\Database\MySQLi\Connection.php(292): mysqli->query('SELECT *\nFROM `...', 0)
#1 C:\xampp\htdocs\code\system\Database\BaseConnection.php(670): CodeIgniter\Database\MySQLi\Connection->execute('SELECT *\nFROM `...')
#2 C:\xampp\htdocs\code\system\Database\BaseConnection.php(598): CodeIgniter\Database\BaseConnection->simpleQuery('SELECT *\nFROM `...')
#3 C:\xampp\htdocs\code\system\Database\BaseBuilder.php(1455): CodeIgniter\Database\BaseConnection->query('SELECT *\nFROM `...', Array, false)
#4 C:\xampp\htdocs\code\system\Model.php(728): CodeIgniter\Database\BaseBuilder->get()
#5 C:\xampp\htdocs\code\app\Controllers\Student\Student.php(142): CodeIgniter\Model->__call('get', Array)
#6 C:\xampp\htdocs\code\system\CodeIgniter.php(825): App\Controllers\Student\Student->ajaxLoadData()
#7 C:\xampp\htdocs\code\system\CodeIgniter.php(412): CodeIgniter\CodeIgniter->runController(Object(App\Controllers\Student\Student))
#8 C:\xampp\htdocs\code\system\CodeIgniter.php(320): CodeIgniter\CodeIgniter->handleRequest(NULL, Object(Config\Cache), false)
#9 C:\xampp\htdocs\code\public\index.php(37): CodeIgniter\CodeIgniter->run()
#10 {main}
ERROR - 2022-03-10 15:47:40 --> Unknown column 'Ed' in 'where clause'
CRITICAL - 2022-03-10 15:47:40 --> Unknown column 'Ed' in 'where clause'
#0 C:\xampp\htdocs\code\system\Database\MySQLi\Connection.php(292): mysqli->query('SELECT *\nFROM `...', 0)
#1 C:\xampp\htdocs\code\system\Database\BaseConnection.php(670): CodeIgniter\Database\MySQLi\Connection->execute('SELECT *\nFROM `...')
#2 C:\xampp\htdocs\code\system\Database\BaseConnection.php(598): CodeIgniter\Database\BaseConnection->simpleQuery('SELECT *\nFROM `...')
#3 C:\xampp\htdocs\code\system\Database\BaseBuilder.php(1455): CodeIgniter\Database\BaseConnection->query('SELECT *\nFROM `...', Array, false)
#4 C:\xampp\htdocs\code\system\Model.php(728): CodeIgniter\Database\BaseBuilder->get()
#5 C:\xampp\htdocs\code\app\Controllers\Student\Student.php(142): CodeIgniter\Model->__call('get', Array)
#6 C:\xampp\htdocs\code\system\CodeIgniter.php(825): App\Controllers\Student\Student->ajaxLoadData()
#7 C:\xampp\htdocs\code\system\CodeIgniter.php(412): CodeIgniter\CodeIgniter->runController(Object(App\Controllers\Student\Student))
#8 C:\xampp\htdocs\code\system\CodeIgniter.php(320): CodeIgniter\CodeIgniter->handleRequest(NULL, Object(Config\Cache), false)
#9 C:\xampp\htdocs\code\public\index.php(37): CodeIgniter\CodeIgniter->run()
#10 {main}
ERROR - 2022-03-10 15:47:57 --> Unknown column 'E' in 'where clause'
CRITICAL - 2022-03-10 15:47:57 --> Unknown column 'E' in 'where clause'
#0 C:\xampp\htdocs\code\system\Database\MySQLi\Connection.php(292): mysqli->query('SELECT *\nFROM `...', 0)
#1 C:\xampp\htdocs\code\system\Database\BaseConnection.php(670): CodeIgniter\Database\MySQLi\Connection->execute('SELECT *\nFROM `...')
#2 C:\xampp\htdocs\code\system\Database\BaseConnection.php(598): CodeIgniter\Database\BaseConnection->simpleQuery('SELECT *\nFROM `...')
#3 C:\xampp\htdocs\code\system\Database\BaseBuilder.php(1455): CodeIgniter\Database\BaseConnection->query('SELECT *\nFROM `...', Array, false)
#4 C:\xampp\htdocs\code\system\Model.php(728): CodeIgniter\Database\BaseBuilder->get()
#5 C:\xampp\htdocs\code\app\Controllers\Student\Student.php(142): CodeIgniter\Model->__call('get', Array)
#6 C:\xampp\htdocs\code\system\CodeIgniter.php(825): App\Controllers\Student\Student->ajaxLoadData()
#7 C:\xampp\htdocs\code\system\CodeIgniter.php(412): CodeIgniter\CodeIgniter->runController(Object(App\Controllers\Student\Student))
#8 C:\xampp\htdocs\code\system\CodeIgniter.php(320): CodeIgniter\CodeIgniter->handleRequest(NULL, Object(Config\Cache), false)
#9 C:\xampp\htdocs\code\public\index.php(37): CodeIgniter\CodeIgniter->run()
#10 {main}
ERROR - 2022-03-10 15:54:45 --> Unknown column 'Eduardo' in 'where clause'
CRITICAL - 2022-03-10 15:54:45 --> Unknown column 'Eduardo' in 'where clause'
#0 C:\xampp\htdocs\code\system\Database\MySQLi\Connection.php(292): mysqli->query('SELECT *\nFROM `...', 0)
#1 C:\xampp\htdocs\code\system\Database\BaseConnection.php(670): CodeIgniter\Database\MySQLi\Connection->execute('SELECT *\nFROM `...')
#2 C:\xampp\htdocs\code\system\Database\BaseConnection.php(598): CodeIgniter\Database\BaseConnection->simpleQuery('SELECT *\nFROM `...')
#3 C:\xampp\htdocs\code\system\Database\BaseBuilder.php(1455): CodeIgniter\Database\BaseConnection->query('SELECT *\nFROM `...', Array, false)
#4 C:\xampp\htdocs\code\system\Model.php(728): CodeIgniter\Database\BaseBuilder->get()
#5 C:\xampp\htdocs\code\app\Controllers\Student\Student.php(144): CodeIgniter\Model->__call('get', Array)
#6 C:\xampp\htdocs\code\system\CodeIgniter.php(825): App\Controllers\Student\Student->ajaxLoadData()
#7 C:\xampp\htdocs\code\system\CodeIgniter.php(412): CodeIgniter\CodeIgniter->runController(Object(App\Controllers\Student\Student))
#8 C:\xampp\htdocs\code\system\CodeIgniter.php(320): CodeIgniter\CodeIgniter->handleRequest(NULL, Object(Config\Cache), false)
#9 C:\xampp\htdocs\code\public\index.php(37): CodeIgniter\CodeIgniter->run()
#10 {main}
