ERROR - 2022-02-23 21:03:09 --> Unknown column 'username' in 'where clause'
CRITICAL - 2022-02-23 21:03:09 --> Unknown column 'username' in 'where clause'
#0 C:\xampp\htdocs\code\system\Database\MySQLi\Connection.php(292): mysqli->query('SELECT *\nFROM `...', 0)
#1 C:\xampp\htdocs\code\system\Database\BaseConnection.php(670): CodeIgniter\Database\MySQLi\Connection->execute('SELECT *\nFROM `...')
#2 C:\xampp\htdocs\code\system\Database\BaseConnection.php(598): CodeIgniter\Database\BaseConnection->simpleQuery('SELECT *\nFROM `...')
#3 C:\xampp\htdocs\code\system\Database\BaseBuilder.php(1455): CodeIgniter\Database\BaseConnection->query('SELECT *\nFROM `...', Array, false)
#4 C:\xampp\htdocs\code\system\Model.php(210): CodeIgniter\Database\BaseBuilder->get()
#5 C:\xampp\htdocs\code\system\BaseModel.php(622): CodeIgniter\Model->doFirst()
#6 C:\xampp\htdocs\code\app\Models\UsersModel.php(25): CodeIgniter\BaseModel->first()
#7 C:\xampp\htdocs\code\app\Controllers\Auth\Login.php(29): App\Models\UsersModel->getUserBy('username', 'asdasdasd')
#8 C:\xampp\htdocs\code\system\CodeIgniter.php(825): App\Controllers\Auth\Login->signin()
#9 C:\xampp\htdocs\code\system\CodeIgniter.php(412): CodeIgniter\CodeIgniter->runController(Object(App\Controllers\Auth\Login))
#10 C:\xampp\htdocs\code\system\CodeIgniter.php(320): CodeIgniter\CodeIgniter->handleRequest(NULL, Object(Config\Cache), false)
#11 C:\xampp\htdocs\code\public\index.php(37): CodeIgniter\CodeIgniter->run()
#12 {main}
CRITICAL - 2022-02-23 21:11:21 --> Array to string conversion
#0 C:\xampp\htdocs\code\app\Views\Auth\Home.php(102): CodeIgniter\Debug\Exceptions->errorHandler(8, 'Array to string...', 'C:\\xampp\\htdocs...', 102, Array)
#1 C:\xampp\htdocs\code\system\View\View.php(210): include('C:\\xampp\\htdocs...')
#2 C:\xampp\htdocs\code\system\View\View.php(213): CodeIgniter\View\View->CodeIgniter\View\{closure}()
#3 C:\xampp\htdocs\code\system\Common.php(1089): CodeIgniter\View\View->render('Auth/Home', Array, true)
#4 C:\xampp\htdocs\code\app\Controllers\Auth\Home.php(11): view('Auth/Home')
#5 C:\xampp\htdocs\code\system\CodeIgniter.php(825): App\Controllers\Auth\Home->index()
#6 C:\xampp\htdocs\code\system\CodeIgniter.php(412): CodeIgniter\CodeIgniter->runController(Object(App\Controllers\Auth\Home))
#7 C:\xampp\htdocs\code\system\CodeIgniter.php(320): CodeIgniter\CodeIgniter->handleRequest(NULL, Object(Config\Cache), false)
#8 C:\xampp\htdocs\code\public\index.php(37): CodeIgniter\CodeIgniter->run()
#9 {main}
CRITICAL - 2022-02-23 21:13:28 --> syntax error, unexpected end of file, expecting elseif (T_ELSEIF) or else (T_ELSE) or endif (T_ENDIF)
#0 C:\xampp\htdocs\code\system\View\View.php(213): CodeIgniter\View\View->CodeIgniter\View\{closure}()
#1 C:\xampp\htdocs\code\system\Common.php(1089): CodeIgniter\View\View->render('Auth/Home', Array, true)
#2 C:\xampp\htdocs\code\app\Controllers\Auth\Home.php(11): view('Auth/Home')
#3 C:\xampp\htdocs\code\system\CodeIgniter.php(825): App\Controllers\Auth\Home->index()
#4 C:\xampp\htdocs\code\system\CodeIgniter.php(412): CodeIgniter\CodeIgniter->runController(Object(App\Controllers\Auth\Home))
#5 C:\xampp\htdocs\code\system\CodeIgniter.php(320): CodeIgniter\CodeIgniter->handleRequest(NULL, Object(Config\Cache), false)
#6 C:\xampp\htdocs\code\public\index.php(37): CodeIgniter\CodeIgniter->run()
#7 {main}
